{"date":"Sun Nov 10 2024 23:23:06 GMT+0500 (Pakistan Standard Time)","error":{"diagnosticCodes":[2307]},"exception":true,"level":"error","message":"uncaughtException: ⨯ Unable to compile TypeScript:\n\u001b[96msrc/middlewares/notFountHandler.ts\u001b[0m:\u001b[93m2\u001b[0m:\u001b[93m29\u001b[0m - \u001b[91merror\u001b[0m\u001b[90m TS2307: \u001b[0mCannot find module '@/utils/CustomError' or its corresponding type declarations.\r\n\r\n\u001b[7m2\u001b[0m import { CustomError } from \"@/utils/CustomError\";\r\n\u001b[7m \u001b[0m \u001b[91m                            ~~~~~~~~~~~~~~~~~~~~~\u001b[0m\r\n\nTSError: ⨯ Unable to compile TypeScript:\n\u001b[96msrc/middlewares/notFountHandler.ts\u001b[0m:\u001b[93m2\u001b[0m:\u001b[93m29\u001b[0m - \u001b[91merror\u001b[0m\u001b[90m TS2307: \u001b[0mCannot find module '@/utils/CustomError' or its corresponding type declarations.\r\n\r\n\u001b[7m2\u001b[0m import { CustomError } from \"@/utils/CustomError\";\r\n\u001b[7m \u001b[0m \u001b[91m                            ~~~~~~~~~~~~~~~~~~~~~\u001b[0m\r\n\n    at createTSError (N:\\Interviewed Tasks\\Infinity Solution\\server_v1\\node_modules\\ts-node\\src\\index.ts:859:12)\n    at reportTSError (N:\\Interviewed Tasks\\Infinity Solution\\server_v1\\node_modules\\ts-node\\src\\index.ts:863:19)\n    at getOutput (N:\\Interviewed Tasks\\Infinity Solution\\server_v1\\node_modules\\ts-node\\src\\index.ts:1077:36)\n    at Object.compile (N:\\Interviewed Tasks\\Infinity Solution\\server_v1\\node_modules\\ts-node\\src\\index.ts:1433:41)\n    at Module.m._compile (N:\\Interviewed Tasks\\Infinity Solution\\server_v1\\node_modules\\ts-node\\src\\index.ts:1617:30)\n    at node:internal/modules/cjs/loader:1689:10\n    at Object.require.extensions.<computed> [as .ts] (N:\\Interviewed Tasks\\Infinity Solution\\server_v1\\node_modules\\ts-node\\src\\index.ts:1621:12)\n    at Module.load (node:internal/modules/cjs/loader:1318:32)\n    at Function._load (node:internal/modules/cjs/loader:1128:12)\n    at TracingChannel.traceSync (node:diagnostics_channel:315:14)","os":{"loadavg":[0,0,0],"uptime":116328.531},"process":{"argv":["N:\\Interviewed Tasks\\Infinity Solution\\server_v1\\node_modules\\ts-node\\dist\\bin.js","N:\\Interviewed Tasks\\Infinity Solution\\server_v1\\src\\server.ts"],"cwd":"N:\\Interviewed Tasks\\Infinity Solution\\server_v1","execPath":"C:\\Program Files\\nodejs\\node.exe","gid":null,"memoryUsage":{"arrayBuffers":2429679,"external":5343554,"heapTotal":168820736,"heapUsed":146866728,"rss":213401600},"pid":35452,"uid":null,"version":"v22.11.0"},"service":"user-service","stack":"TSError: ⨯ Unable to compile TypeScript:\n\u001b[96msrc/middlewares/notFountHandler.ts\u001b[0m:\u001b[93m2\u001b[0m:\u001b[93m29\u001b[0m - \u001b[91merror\u001b[0m\u001b[90m TS2307: \u001b[0mCannot find module '@/utils/CustomError' or its corresponding type declarations.\r\n\r\n\u001b[7m2\u001b[0m import { CustomError } from \"@/utils/CustomError\";\r\n\u001b[7m \u001b[0m \u001b[91m                            ~~~~~~~~~~~~~~~~~~~~~\u001b[0m\r\n\n    at createTSError (N:\\Interviewed Tasks\\Infinity Solution\\server_v1\\node_modules\\ts-node\\src\\index.ts:859:12)\n    at reportTSError (N:\\Interviewed Tasks\\Infinity Solution\\server_v1\\node_modules\\ts-node\\src\\index.ts:863:19)\n    at getOutput (N:\\Interviewed Tasks\\Infinity Solution\\server_v1\\node_modules\\ts-node\\src\\index.ts:1077:36)\n    at Object.compile (N:\\Interviewed Tasks\\Infinity Solution\\server_v1\\node_modules\\ts-node\\src\\index.ts:1433:41)\n    at Module.m._compile (N:\\Interviewed Tasks\\Infinity Solution\\server_v1\\node_modules\\ts-node\\src\\index.ts:1617:30)\n    at node:internal/modules/cjs/loader:1689:10\n    at Object.require.extensions.<computed> [as .ts] (N:\\Interviewed Tasks\\Infinity Solution\\server_v1\\node_modules\\ts-node\\src\\index.ts:1621:12)\n    at Module.load (node:internal/modules/cjs/loader:1318:32)\n    at Function._load (node:internal/modules/cjs/loader:1128:12)\n    at TracingChannel.traceSync (node:diagnostics_channel:315:14)","timestamp":"2024-11-10T18:23:06.810Z","trace":[{"column":12,"file":"N:\\Interviewed Tasks\\Infinity Solution\\server_v1\\node_modules\\ts-node\\src\\index.ts","function":"createTSError","line":859,"method":null,"native":false},{"column":19,"file":"N:\\Interviewed Tasks\\Infinity Solution\\server_v1\\node_modules\\ts-node\\src\\index.ts","function":"reportTSError","line":863,"method":null,"native":false},{"column":36,"file":"N:\\Interviewed Tasks\\Infinity Solution\\server_v1\\node_modules\\ts-node\\src\\index.ts","function":"getOutput","line":1077,"method":null,"native":false},{"column":41,"file":"N:\\Interviewed Tasks\\Infinity Solution\\server_v1\\node_modules\\ts-node\\src\\index.ts","function":"Object.compile","line":1433,"method":"compile","native":false},{"column":30,"file":"N:\\Interviewed Tasks\\Infinity Solution\\server_v1\\node_modules\\ts-node\\src\\index.ts","function":"Module.m._compile","line":1617,"method":"_compile","native":false},{"column":10,"file":"node:internal/modules/cjs/loader","function":null,"line":1689,"method":null,"native":false},{"column":12,"file":"N:\\Interviewed Tasks\\Infinity Solution\\server_v1\\node_modules\\ts-node\\src\\index.ts","function":"Object.require.extensions.<computed> [as .ts]","line":1621,"method":"ts]","native":false},{"column":32,"file":"node:internal/modules/cjs/loader","function":"Module.load","line":1318,"method":"load","native":false},{"column":12,"file":"node:internal/modules/cjs/loader","function":"Function._load","line":1128,"method":"_load","native":false},{"column":14,"file":"node:diagnostics_channel","function":"TracingChannel.traceSync","line":315,"method":"traceSync","native":false}]}
{"date":"Sun Nov 10 2024 23:29:49 GMT+0500 (Pakistan Standard Time)","error":{"diagnosticCodes":[2307]},"exception":true,"level":"error","message":"uncaughtException: ⨯ Unable to compile TypeScript:\n\u001b[96msrc/middlewares/notFountHandler.ts\u001b[0m:\u001b[93m2\u001b[0m:\u001b[93m29\u001b[0m - \u001b[91merror\u001b[0m\u001b[90m TS2307: \u001b[0mCannot find module '@/utils/CustomError' or its corresponding type declarations.\r\n\r\n\u001b[7m2\u001b[0m import { CustomError } from \"@/utils/CustomError\";\r\n\u001b[7m \u001b[0m \u001b[91m                            ~~~~~~~~~~~~~~~~~~~~~\u001b[0m\r\n\nTSError: ⨯ Unable to compile TypeScript:\n\u001b[96msrc/middlewares/notFountHandler.ts\u001b[0m:\u001b[93m2\u001b[0m:\u001b[93m29\u001b[0m - \u001b[91merror\u001b[0m\u001b[90m TS2307: \u001b[0mCannot find module '@/utils/CustomError' or its corresponding type declarations.\r\n\r\n\u001b[7m2\u001b[0m import { CustomError } from \"@/utils/CustomError\";\r\n\u001b[7m \u001b[0m \u001b[91m                            ~~~~~~~~~~~~~~~~~~~~~\u001b[0m\r\n\n    at createTSError (N:\\Interviewed Tasks\\Infinity Solution\\server_v1\\node_modules\\ts-node\\src\\index.ts:859:12)\n    at reportTSError (N:\\Interviewed Tasks\\Infinity Solution\\server_v1\\node_modules\\ts-node\\src\\index.ts:863:19)\n    at getOutput (N:\\Interviewed Tasks\\Infinity Solution\\server_v1\\node_modules\\ts-node\\src\\index.ts:1077:36)\n    at Object.compile (N:\\Interviewed Tasks\\Infinity Solution\\server_v1\\node_modules\\ts-node\\src\\index.ts:1433:41)\n    at Module.m._compile (N:\\Interviewed Tasks\\Infinity Solution\\server_v1\\node_modules\\ts-node\\src\\index.ts:1617:30)\n    at node:internal/modules/cjs/loader:1689:10\n    at Object.require.extensions.<computed> [as .ts] (N:\\Interviewed Tasks\\Infinity Solution\\server_v1\\node_modules\\ts-node\\src\\index.ts:1621:12)\n    at Module.load (node:internal/modules/cjs/loader:1318:32)\n    at Function._load (node:internal/modules/cjs/loader:1128:12)\n    at TracingChannel.traceSync (node:diagnostics_channel:315:14)","os":{"loadavg":[0,0,0],"uptime":116731.718},"process":{"argv":["N:\\Interviewed Tasks\\Infinity Solution\\server_v1\\node_modules\\ts-node\\dist\\bin.js","N:\\Interviewed Tasks\\Infinity Solution\\server_v1\\src\\server.ts"],"cwd":"N:\\Interviewed Tasks\\Infinity Solution\\server_v1","execPath":"C:\\Program Files\\nodejs\\node.exe","gid":null,"memoryUsage":{"arrayBuffers":4820919,"external":7734794,"heapTotal":169938944,"heapUsed":144630296,"rss":215166976},"pid":32644,"uid":null,"version":"v22.11.0"},"service":"user-service","stack":"TSError: ⨯ Unable to compile TypeScript:\n\u001b[96msrc/middlewares/notFountHandler.ts\u001b[0m:\u001b[93m2\u001b[0m:\u001b[93m29\u001b[0m - \u001b[91merror\u001b[0m\u001b[90m TS2307: \u001b[0mCannot find module '@/utils/CustomError' or its corresponding type declarations.\r\n\r\n\u001b[7m2\u001b[0m import { CustomError } from \"@/utils/CustomError\";\r\n\u001b[7m \u001b[0m \u001b[91m                            ~~~~~~~~~~~~~~~~~~~~~\u001b[0m\r\n\n    at createTSError (N:\\Interviewed Tasks\\Infinity Solution\\server_v1\\node_modules\\ts-node\\src\\index.ts:859:12)\n    at reportTSError (N:\\Interviewed Tasks\\Infinity Solution\\server_v1\\node_modules\\ts-node\\src\\index.ts:863:19)\n    at getOutput (N:\\Interviewed Tasks\\Infinity Solution\\server_v1\\node_modules\\ts-node\\src\\index.ts:1077:36)\n    at Object.compile (N:\\Interviewed Tasks\\Infinity Solution\\server_v1\\node_modules\\ts-node\\src\\index.ts:1433:41)\n    at Module.m._compile (N:\\Interviewed Tasks\\Infinity Solution\\server_v1\\node_modules\\ts-node\\src\\index.ts:1617:30)\n    at node:internal/modules/cjs/loader:1689:10\n    at Object.require.extensions.<computed> [as .ts] (N:\\Interviewed Tasks\\Infinity Solution\\server_v1\\node_modules\\ts-node\\src\\index.ts:1621:12)\n    at Module.load (node:internal/modules/cjs/loader:1318:32)\n    at Function._load (node:internal/modules/cjs/loader:1128:12)\n    at TracingChannel.traceSync (node:diagnostics_channel:315:14)","timestamp":"2024-11-10T18:29:49.989Z","trace":[{"column":12,"file":"N:\\Interviewed Tasks\\Infinity Solution\\server_v1\\node_modules\\ts-node\\src\\index.ts","function":"createTSError","line":859,"method":null,"native":false},{"column":19,"file":"N:\\Interviewed Tasks\\Infinity Solution\\server_v1\\node_modules\\ts-node\\src\\index.ts","function":"reportTSError","line":863,"method":null,"native":false},{"column":36,"file":"N:\\Interviewed Tasks\\Infinity Solution\\server_v1\\node_modules\\ts-node\\src\\index.ts","function":"getOutput","line":1077,"method":null,"native":false},{"column":41,"file":"N:\\Interviewed Tasks\\Infinity Solution\\server_v1\\node_modules\\ts-node\\src\\index.ts","function":"Object.compile","line":1433,"method":"compile","native":false},{"column":30,"file":"N:\\Interviewed Tasks\\Infinity Solution\\server_v1\\node_modules\\ts-node\\src\\index.ts","function":"Module.m._compile","line":1617,"method":"_compile","native":false},{"column":10,"file":"node:internal/modules/cjs/loader","function":null,"line":1689,"method":null,"native":false},{"column":12,"file":"N:\\Interviewed Tasks\\Infinity Solution\\server_v1\\node_modules\\ts-node\\src\\index.ts","function":"Object.require.extensions.<computed> [as .ts]","line":1621,"method":"ts]","native":false},{"column":32,"file":"node:internal/modules/cjs/loader","function":"Module.load","line":1318,"method":"load","native":false},{"column":12,"file":"node:internal/modules/cjs/loader","function":"Function._load","line":1128,"method":"_load","native":false},{"column":14,"file":"node:diagnostics_channel","function":"TracingChannel.traceSync","line":315,"method":"traceSync","native":false}]}
{"date":"Mon Nov 11 2024 01:30:15 GMT+0500 (Pakistan Standard Time)","error":{"diagnosticCodes":[2339,2339]},"exception":true,"level":"error","message":"uncaughtException: ⨯ Unable to compile TypeScript:\n\u001b[96msrc/constants/routePaths.ts\u001b[0m:\u001b[93m41\u001b[0m:\u001b[93m47\u001b[0m - \u001b[91merror\u001b[0m\u001b[90m TS2339: \u001b[0mProperty 'BY_ID' does not exist on type '{ BASE: string; BY_TOKEN: string; }'.\r\n\r\n\u001b[7m41\u001b[0m   [`GET ${ROUTES.APP.VERSION_1}${ROUTES.USERS.BY_ID}`]: [\r\n\u001b[7m  \u001b[0m \u001b[91m                                              ~~~~~\u001b[0m\r\n\u001b[96msrc/constants/routePaths.ts\u001b[0m:\u001b[93m53\u001b[0m:\u001b[93m50\u001b[0m - \u001b[91merror\u001b[0m\u001b[90m TS2339: \u001b[0mProperty 'BY_ID' does not exist on type '{ BASE: string; BY_TOKEN: string; }'.\r\n\r\n\u001b[7m53\u001b[0m   [`DELETE ${ROUTES.APP.VERSION_1}${ROUTES.USERS.BY_ID}`]: [ROLES.ADMIN],\r\n\u001b[7m  \u001b[0m \u001b[91m                                                 ~~~~~\u001b[0m\r\n\nTSError: ⨯ Unable to compile TypeScript:\n\u001b[96msrc/constants/routePaths.ts\u001b[0m:\u001b[93m41\u001b[0m:\u001b[93m47\u001b[0m - \u001b[91merror\u001b[0m\u001b[90m TS2339: \u001b[0mProperty 'BY_ID' does not exist on type '{ BASE: string; BY_TOKEN: string; }'.\r\n\r\n\u001b[7m41\u001b[0m   [`GET ${ROUTES.APP.VERSION_1}${ROUTES.USERS.BY_ID}`]: [\r\n\u001b[7m  \u001b[0m \u001b[91m                                              ~~~~~\u001b[0m\r\n\u001b[96msrc/constants/routePaths.ts\u001b[0m:\u001b[93m53\u001b[0m:\u001b[93m50\u001b[0m - \u001b[91merror\u001b[0m\u001b[90m TS2339: \u001b[0mProperty 'BY_ID' does not exist on type '{ BASE: string; BY_TOKEN: string; }'.\r\n\r\n\u001b[7m53\u001b[0m   [`DELETE ${ROUTES.APP.VERSION_1}${ROUTES.USERS.BY_ID}`]: [ROLES.ADMIN],\r\n\u001b[7m  \u001b[0m \u001b[91m                                                 ~~~~~\u001b[0m\r\n\n    at createTSError (N:\\Interviewed Tasks\\Infinity Solution\\server_v1\\node_modules\\ts-node\\src\\index.ts:859:12)\n    at reportTSError (N:\\Interviewed Tasks\\Infinity Solution\\server_v1\\node_modules\\ts-node\\src\\index.ts:863:19)\n    at getOutput (N:\\Interviewed Tasks\\Infinity Solution\\server_v1\\node_modules\\ts-node\\src\\index.ts:1077:36)\n    at Object.compile (N:\\Interviewed Tasks\\Infinity Solution\\server_v1\\node_modules\\ts-node\\src\\index.ts:1433:41)\n    at Module.m._compile (N:\\Interviewed Tasks\\Infinity Solution\\server_v1\\node_modules\\ts-node\\src\\index.ts:1617:30)\n    at node:internal/modules/cjs/loader:1689:10\n    at Object.require.extensions.<computed> [as .ts] (N:\\Interviewed Tasks\\Infinity Solution\\server_v1\\node_modules\\ts-node\\src\\index.ts:1621:12)\n    at Module.load (node:internal/modules/cjs/loader:1318:32)\n    at Function._load (node:internal/modules/cjs/loader:1128:12)\n    at TracingChannel.traceSync (node:diagnostics_channel:315:14)","os":{"loadavg":[0,0,0],"uptime":123957.359},"process":{"argv":["N:\\Interviewed Tasks\\Infinity Solution\\server_v1\\node_modules\\ts-node\\dist\\bin.js","N:\\Interviewed Tasks\\Infinity Solution\\server_v1\\src\\server.ts"],"cwd":"N:\\Interviewed Tasks\\Infinity Solution\\server_v1","execPath":"C:\\Program Files\\nodejs\\node.exe","gid":null,"memoryUsage":{"arrayBuffers":4840159,"external":7754110,"heapTotal":198234112,"heapUsed":164673640,"rss":244404224},"pid":33600,"uid":null,"version":"v22.11.0"},"service":"user-service","stack":"TSError: ⨯ Unable to compile TypeScript:\n\u001b[96msrc/constants/routePaths.ts\u001b[0m:\u001b[93m41\u001b[0m:\u001b[93m47\u001b[0m - \u001b[91merror\u001b[0m\u001b[90m TS2339: \u001b[0mProperty 'BY_ID' does not exist on type '{ BASE: string; BY_TOKEN: string; }'.\r\n\r\n\u001b[7m41\u001b[0m   [`GET ${ROUTES.APP.VERSION_1}${ROUTES.USERS.BY_ID}`]: [\r\n\u001b[7m  \u001b[0m \u001b[91m                                              ~~~~~\u001b[0m\r\n\u001b[96msrc/constants/routePaths.ts\u001b[0m:\u001b[93m53\u001b[0m:\u001b[93m50\u001b[0m - \u001b[91merror\u001b[0m\u001b[90m TS2339: \u001b[0mProperty 'BY_ID' does not exist on type '{ BASE: string; BY_TOKEN: string; }'.\r\n\r\n\u001b[7m53\u001b[0m   [`DELETE ${ROUTES.APP.VERSION_1}${ROUTES.USERS.BY_ID}`]: [ROLES.ADMIN],\r\n\u001b[7m  \u001b[0m \u001b[91m                                                 ~~~~~\u001b[0m\r\n\n    at createTSError (N:\\Interviewed Tasks\\Infinity Solution\\server_v1\\node_modules\\ts-node\\src\\index.ts:859:12)\n    at reportTSError (N:\\Interviewed Tasks\\Infinity Solution\\server_v1\\node_modules\\ts-node\\src\\index.ts:863:19)\n    at getOutput (N:\\Interviewed Tasks\\Infinity Solution\\server_v1\\node_modules\\ts-node\\src\\index.ts:1077:36)\n    at Object.compile (N:\\Interviewed Tasks\\Infinity Solution\\server_v1\\node_modules\\ts-node\\src\\index.ts:1433:41)\n    at Module.m._compile (N:\\Interviewed Tasks\\Infinity Solution\\server_v1\\node_modules\\ts-node\\src\\index.ts:1617:30)\n    at node:internal/modules/cjs/loader:1689:10\n    at Object.require.extensions.<computed> [as .ts] (N:\\Interviewed Tasks\\Infinity Solution\\server_v1\\node_modules\\ts-node\\src\\index.ts:1621:12)\n    at Module.load (node:internal/modules/cjs/loader:1318:32)\n    at Function._load (node:internal/modules/cjs/loader:1128:12)\n    at TracingChannel.traceSync (node:diagnostics_channel:315:14)","timestamp":"2024-11-10T20:30:15.636Z","trace":[{"column":12,"file":"N:\\Interviewed Tasks\\Infinity Solution\\server_v1\\node_modules\\ts-node\\src\\index.ts","function":"createTSError","line":859,"method":null,"native":false},{"column":19,"file":"N:\\Interviewed Tasks\\Infinity Solution\\server_v1\\node_modules\\ts-node\\src\\index.ts","function":"reportTSError","line":863,"method":null,"native":false},{"column":36,"file":"N:\\Interviewed Tasks\\Infinity Solution\\server_v1\\node_modules\\ts-node\\src\\index.ts","function":"getOutput","line":1077,"method":null,"native":false},{"column":41,"file":"N:\\Interviewed Tasks\\Infinity Solution\\server_v1\\node_modules\\ts-node\\src\\index.ts","function":"Object.compile","line":1433,"method":"compile","native":false},{"column":30,"file":"N:\\Interviewed Tasks\\Infinity Solution\\server_v1\\node_modules\\ts-node\\src\\index.ts","function":"Module.m._compile","line":1617,"method":"_compile","native":false},{"column":10,"file":"node:internal/modules/cjs/loader","function":null,"line":1689,"method":null,"native":false},{"column":12,"file":"N:\\Interviewed Tasks\\Infinity Solution\\server_v1\\node_modules\\ts-node\\src\\index.ts","function":"Object.require.extensions.<computed> [as .ts]","line":1621,"method":"ts]","native":false},{"column":32,"file":"node:internal/modules/cjs/loader","function":"Module.load","line":1318,"method":"load","native":false},{"column":12,"file":"node:internal/modules/cjs/loader","function":"Function._load","line":1128,"method":"_load","native":false},{"column":14,"file":"node:diagnostics_channel","function":"TracingChannel.traceSync","line":315,"method":"traceSync","native":false}]}
{"date":"Mon Nov 11 2024 02:36:35 GMT+0500 (Pakistan Standard Time)","error":{"diagnosticCodes":[2304,2304]},"exception":true,"level":"error","message":"uncaughtException: ⨯ Unable to compile TypeScript:\n\u001b[96msrc/controller/tasks/index.ts\u001b[0m:\u001b[93m70\u001b[0m:\u001b[93m27\u001b[0m - \u001b[91merror\u001b[0m\u001b[90m TS2304: \u001b[0mCannot find name 'prismaClient'.\r\n\r\n\u001b[7m70\u001b[0m       const tasks = await prismaClient.task.findMany({\r\n\u001b[7m  \u001b[0m \u001b[91m                          ~~~~~~~~~~~~\u001b[0m\r\n\u001b[96msrc/controller/tasks/index.ts\u001b[0m:\u001b[93m77\u001b[0m:\u001b[93m32\u001b[0m - \u001b[91merror\u001b[0m\u001b[90m TS2304: \u001b[0mCannot find name 'prismaClient'.\r\n\r\n\u001b[7m77\u001b[0m       const totalTasks = await prismaClient.task.count({ where: whereFilter });\r\n\u001b[7m  \u001b[0m \u001b[91m                               ~~~~~~~~~~~~\u001b[0m\r\n\nTSError: ⨯ Unable to compile TypeScript:\n\u001b[96msrc/controller/tasks/index.ts\u001b[0m:\u001b[93m70\u001b[0m:\u001b[93m27\u001b[0m - \u001b[91merror\u001b[0m\u001b[90m TS2304: \u001b[0mCannot find name 'prismaClient'.\r\n\r\n\u001b[7m70\u001b[0m       const tasks = await prismaClient.task.findMany({\r\n\u001b[7m  \u001b[0m \u001b[91m                          ~~~~~~~~~~~~\u001b[0m\r\n\u001b[96msrc/controller/tasks/index.ts\u001b[0m:\u001b[93m77\u001b[0m:\u001b[93m32\u001b[0m - \u001b[91merror\u001b[0m\u001b[90m TS2304: \u001b[0mCannot find name 'prismaClient'.\r\n\r\n\u001b[7m77\u001b[0m       const totalTasks = await prismaClient.task.count({ where: whereFilter });\r\n\u001b[7m  \u001b[0m \u001b[91m                               ~~~~~~~~~~~~\u001b[0m\r\n\n    at createTSError (N:\\Interviewed Tasks\\Infinity Solution\\server_v1\\node_modules\\ts-node\\src\\index.ts:859:12)\n    at reportTSError (N:\\Interviewed Tasks\\Infinity Solution\\server_v1\\node_modules\\ts-node\\src\\index.ts:863:19)\n    at getOutput (N:\\Interviewed Tasks\\Infinity Solution\\server_v1\\node_modules\\ts-node\\src\\index.ts:1077:36)\n    at Object.compile (N:\\Interviewed Tasks\\Infinity Solution\\server_v1\\node_modules\\ts-node\\src\\index.ts:1433:41)\n    at Module.m._compile (N:\\Interviewed Tasks\\Infinity Solution\\server_v1\\node_modules\\ts-node\\src\\index.ts:1617:30)\n    at node:internal/modules/cjs/loader:1689:10\n    at Object.require.extensions.<computed> [as .ts] (N:\\Interviewed Tasks\\Infinity Solution\\server_v1\\node_modules\\ts-node\\src\\index.ts:1621:12)\n    at Module.load (node:internal/modules/cjs/loader:1318:32)\n    at Function._load (node:internal/modules/cjs/loader:1128:12)\n    at TracingChannel.traceSync (node:diagnostics_channel:315:14)","os":{"loadavg":[0,0,0],"uptime":127937.343},"process":{"argv":["N:\\Interviewed Tasks\\Infinity Solution\\server_v1\\node_modules\\ts-node\\dist\\bin.js","N:\\Interviewed Tasks\\Infinity Solution\\server_v1\\src\\server.ts"],"cwd":"N:\\Interviewed Tasks\\Infinity Solution\\server_v1","execPath":"C:\\Program Files\\nodejs\\node.exe","gid":null,"memoryUsage":{"arrayBuffers":4884083,"external":7798034,"heapTotal":211603456,"heapUsed":176969664,"rss":261447680},"pid":26268,"uid":null,"version":"v22.11.0"},"service":"user-service","stack":"TSError: ⨯ Unable to compile TypeScript:\n\u001b[96msrc/controller/tasks/index.ts\u001b[0m:\u001b[93m70\u001b[0m:\u001b[93m27\u001b[0m - \u001b[91merror\u001b[0m\u001b[90m TS2304: \u001b[0mCannot find name 'prismaClient'.\r\n\r\n\u001b[7m70\u001b[0m       const tasks = await prismaClient.task.findMany({\r\n\u001b[7m  \u001b[0m \u001b[91m                          ~~~~~~~~~~~~\u001b[0m\r\n\u001b[96msrc/controller/tasks/index.ts\u001b[0m:\u001b[93m77\u001b[0m:\u001b[93m32\u001b[0m - \u001b[91merror\u001b[0m\u001b[90m TS2304: \u001b[0mCannot find name 'prismaClient'.\r\n\r\n\u001b[7m77\u001b[0m       const totalTasks = await prismaClient.task.count({ where: whereFilter });\r\n\u001b[7m  \u001b[0m \u001b[91m                               ~~~~~~~~~~~~\u001b[0m\r\n\n    at createTSError (N:\\Interviewed Tasks\\Infinity Solution\\server_v1\\node_modules\\ts-node\\src\\index.ts:859:12)\n    at reportTSError (N:\\Interviewed Tasks\\Infinity Solution\\server_v1\\node_modules\\ts-node\\src\\index.ts:863:19)\n    at getOutput (N:\\Interviewed Tasks\\Infinity Solution\\server_v1\\node_modules\\ts-node\\src\\index.ts:1077:36)\n    at Object.compile (N:\\Interviewed Tasks\\Infinity Solution\\server_v1\\node_modules\\ts-node\\src\\index.ts:1433:41)\n    at Module.m._compile (N:\\Interviewed Tasks\\Infinity Solution\\server_v1\\node_modules\\ts-node\\src\\index.ts:1617:30)\n    at node:internal/modules/cjs/loader:1689:10\n    at Object.require.extensions.<computed> [as .ts] (N:\\Interviewed Tasks\\Infinity Solution\\server_v1\\node_modules\\ts-node\\src\\index.ts:1621:12)\n    at Module.load (node:internal/modules/cjs/loader:1318:32)\n    at Function._load (node:internal/modules/cjs/loader:1128:12)\n    at TracingChannel.traceSync (node:diagnostics_channel:315:14)","timestamp":"2024-11-10T21:36:35.609Z","trace":[{"column":12,"file":"N:\\Interviewed Tasks\\Infinity Solution\\server_v1\\node_modules\\ts-node\\src\\index.ts","function":"createTSError","line":859,"method":null,"native":false},{"column":19,"file":"N:\\Interviewed Tasks\\Infinity Solution\\server_v1\\node_modules\\ts-node\\src\\index.ts","function":"reportTSError","line":863,"method":null,"native":false},{"column":36,"file":"N:\\Interviewed Tasks\\Infinity Solution\\server_v1\\node_modules\\ts-node\\src\\index.ts","function":"getOutput","line":1077,"method":null,"native":false},{"column":41,"file":"N:\\Interviewed Tasks\\Infinity Solution\\server_v1\\node_modules\\ts-node\\src\\index.ts","function":"Object.compile","line":1433,"method":"compile","native":false},{"column":30,"file":"N:\\Interviewed Tasks\\Infinity Solution\\server_v1\\node_modules\\ts-node\\src\\index.ts","function":"Module.m._compile","line":1617,"method":"_compile","native":false},{"column":10,"file":"node:internal/modules/cjs/loader","function":null,"line":1689,"method":null,"native":false},{"column":12,"file":"N:\\Interviewed Tasks\\Infinity Solution\\server_v1\\node_modules\\ts-node\\src\\index.ts","function":"Object.require.extensions.<computed> [as .ts]","line":1621,"method":"ts]","native":false},{"column":32,"file":"node:internal/modules/cjs/loader","function":"Module.load","line":1318,"method":"load","native":false},{"column":12,"file":"node:internal/modules/cjs/loader","function":"Function._load","line":1128,"method":"_load","native":false},{"column":14,"file":"node:diagnostics_channel","function":"TracingChannel.traceSync","line":315,"method":"traceSync","native":false}]}
{"date":"Mon Nov 11 2024 02:56:22 GMT+0500 (Pakistan Standard Time)","error":{"diagnosticCodes":[2304,2304,2304,2304]},"exception":true,"level":"error","message":"uncaughtException: ⨯ Unable to compile TypeScript:\n\u001b[96msrc/controller/tasks/index.ts\u001b[0m:\u001b[93m178\u001b[0m:\u001b[93m9\u001b[0m - \u001b[91merror\u001b[0m\u001b[90m TS2304: \u001b[0mCannot find name 'prismaClient'.\r\n\r\n\u001b[7m178\u001b[0m         prismaClient.task.count({ where: { userId } }),\r\n\u001b[7m   \u001b[0m \u001b[91m        ~~~~~~~~~~~~\u001b[0m\r\n\u001b[96msrc/controller/tasks/index.ts\u001b[0m:\u001b[93m179\u001b[0m:\u001b[93m9\u001b[0m - \u001b[91merror\u001b[0m\u001b[90m TS2304: \u001b[0mCannot find name 'prismaClient'.\r\n\r\n\u001b[7m179\u001b[0m         prismaClient.task.count({ where: { userId, status: \"COMPLETED\" } }),\r\n\u001b[7m   \u001b[0m \u001b[91m        ~~~~~~~~~~~~\u001b[0m\r\n\u001b[96msrc/controller/tasks/index.ts\u001b[0m:\u001b[93m180\u001b[0m:\u001b[93m9\u001b[0m - \u001b[91merror\u001b[0m\u001b[90m TS2304: \u001b[0mCannot find name 'prismaClient'.\r\n\r\n\u001b[7m180\u001b[0m         prismaClient.task.count({ where: { userId, status: \"PENDING\" } }),\r\n\u001b[7m   \u001b[0m \u001b[91m        ~~~~~~~~~~~~\u001b[0m\r\n\u001b[96msrc/controller/tasks/index.ts\u001b[0m:\u001b[93m181\u001b[0m:\u001b[93m9\u001b[0m - \u001b[91merror\u001b[0m\u001b[90m TS2304: \u001b[0mCannot find name 'prismaClient'.\r\n\r\n\u001b[7m181\u001b[0m         prismaClient.task.count({ where: { userId, status: \"IN_PROGRESS\" } }),\r\n\u001b[7m   \u001b[0m \u001b[91m        ~~~~~~~~~~~~\u001b[0m\r\n\nTSError: ⨯ Unable to compile TypeScript:\n\u001b[96msrc/controller/tasks/index.ts\u001b[0m:\u001b[93m178\u001b[0m:\u001b[93m9\u001b[0m - \u001b[91merror\u001b[0m\u001b[90m TS2304: \u001b[0mCannot find name 'prismaClient'.\r\n\r\n\u001b[7m178\u001b[0m         prismaClient.task.count({ where: { userId } }),\r\n\u001b[7m   \u001b[0m \u001b[91m        ~~~~~~~~~~~~\u001b[0m\r\n\u001b[96msrc/controller/tasks/index.ts\u001b[0m:\u001b[93m179\u001b[0m:\u001b[93m9\u001b[0m - \u001b[91merror\u001b[0m\u001b[90m TS2304: \u001b[0mCannot find name 'prismaClient'.\r\n\r\n\u001b[7m179\u001b[0m         prismaClient.task.count({ where: { userId, status: \"COMPLETED\" } }),\r\n\u001b[7m   \u001b[0m \u001b[91m        ~~~~~~~~~~~~\u001b[0m\r\n\u001b[96msrc/controller/tasks/index.ts\u001b[0m:\u001b[93m180\u001b[0m:\u001b[93m9\u001b[0m - \u001b[91merror\u001b[0m\u001b[90m TS2304: \u001b[0mCannot find name 'prismaClient'.\r\n\r\n\u001b[7m180\u001b[0m         prismaClient.task.count({ where: { userId, status: \"PENDING\" } }),\r\n\u001b[7m   \u001b[0m \u001b[91m        ~~~~~~~~~~~~\u001b[0m\r\n\u001b[96msrc/controller/tasks/index.ts\u001b[0m:\u001b[93m181\u001b[0m:\u001b[93m9\u001b[0m - \u001b[91merror\u001b[0m\u001b[90m TS2304: \u001b[0mCannot find name 'prismaClient'.\r\n\r\n\u001b[7m181\u001b[0m         prismaClient.task.count({ where: { userId, status: \"IN_PROGRESS\" } }),\r\n\u001b[7m   \u001b[0m \u001b[91m        ~~~~~~~~~~~~\u001b[0m\r\n\n    at createTSError (N:\\Interviewed Tasks\\Infinity Solution\\server_v1\\node_modules\\ts-node\\src\\index.ts:859:12)\n    at reportTSError (N:\\Interviewed Tasks\\Infinity Solution\\server_v1\\node_modules\\ts-node\\src\\index.ts:863:19)\n    at getOutput (N:\\Interviewed Tasks\\Infinity Solution\\server_v1\\node_modules\\ts-node\\src\\index.ts:1077:36)\n    at Object.compile (N:\\Interviewed Tasks\\Infinity Solution\\server_v1\\node_modules\\ts-node\\src\\index.ts:1433:41)\n    at Module.m._compile (N:\\Interviewed Tasks\\Infinity Solution\\server_v1\\node_modules\\ts-node\\src\\index.ts:1617:30)\n    at node:internal/modules/cjs/loader:1689:10\n    at Object.require.extensions.<computed> [as .ts] (N:\\Interviewed Tasks\\Infinity Solution\\server_v1\\node_modules\\ts-node\\src\\index.ts:1621:12)\n    at Module.load (node:internal/modules/cjs/loader:1318:32)\n    at Function._load (node:internal/modules/cjs/loader:1128:12)\n    at TracingChannel.traceSync (node:diagnostics_channel:315:14)","os":{"loadavg":[0,0,0],"uptime":129124.343},"process":{"argv":["N:\\Interviewed Tasks\\Infinity Solution\\server_v1\\node_modules\\ts-node\\dist\\bin.js","N:\\Interviewed Tasks\\Infinity Solution\\server_v1\\src\\server.ts"],"cwd":"N:\\Interviewed Tasks\\Infinity Solution\\server_v1","execPath":"C:\\Program Files\\nodejs\\node.exe","gid":null,"memoryUsage":{"arrayBuffers":4875723,"external":7789674,"heapTotal":212127744,"heapUsed":183942928,"rss":260472832},"pid":43300,"uid":null,"version":"v22.11.0"},"service":"user-service","stack":"TSError: ⨯ Unable to compile TypeScript:\n\u001b[96msrc/controller/tasks/index.ts\u001b[0m:\u001b[93m178\u001b[0m:\u001b[93m9\u001b[0m - \u001b[91merror\u001b[0m\u001b[90m TS2304: \u001b[0mCannot find name 'prismaClient'.\r\n\r\n\u001b[7m178\u001b[0m         prismaClient.task.count({ where: { userId } }),\r\n\u001b[7m   \u001b[0m \u001b[91m        ~~~~~~~~~~~~\u001b[0m\r\n\u001b[96msrc/controller/tasks/index.ts\u001b[0m:\u001b[93m179\u001b[0m:\u001b[93m9\u001b[0m - \u001b[91merror\u001b[0m\u001b[90m TS2304: \u001b[0mCannot find name 'prismaClient'.\r\n\r\n\u001b[7m179\u001b[0m         prismaClient.task.count({ where: { userId, status: \"COMPLETED\" } }),\r\n\u001b[7m   \u001b[0m \u001b[91m        ~~~~~~~~~~~~\u001b[0m\r\n\u001b[96msrc/controller/tasks/index.ts\u001b[0m:\u001b[93m180\u001b[0m:\u001b[93m9\u001b[0m - \u001b[91merror\u001b[0m\u001b[90m TS2304: \u001b[0mCannot find name 'prismaClient'.\r\n\r\n\u001b[7m180\u001b[0m         prismaClient.task.count({ where: { userId, status: \"PENDING\" } }),\r\n\u001b[7m   \u001b[0m \u001b[91m        ~~~~~~~~~~~~\u001b[0m\r\n\u001b[96msrc/controller/tasks/index.ts\u001b[0m:\u001b[93m181\u001b[0m:\u001b[93m9\u001b[0m - \u001b[91merror\u001b[0m\u001b[90m TS2304: \u001b[0mCannot find name 'prismaClient'.\r\n\r\n\u001b[7m181\u001b[0m         prismaClient.task.count({ where: { userId, status: \"IN_PROGRESS\" } }),\r\n\u001b[7m   \u001b[0m \u001b[91m        ~~~~~~~~~~~~\u001b[0m\r\n\n    at createTSError (N:\\Interviewed Tasks\\Infinity Solution\\server_v1\\node_modules\\ts-node\\src\\index.ts:859:12)\n    at reportTSError (N:\\Interviewed Tasks\\Infinity Solution\\server_v1\\node_modules\\ts-node\\src\\index.ts:863:19)\n    at getOutput (N:\\Interviewed Tasks\\Infinity Solution\\server_v1\\node_modules\\ts-node\\src\\index.ts:1077:36)\n    at Object.compile (N:\\Interviewed Tasks\\Infinity Solution\\server_v1\\node_modules\\ts-node\\src\\index.ts:1433:41)\n    at Module.m._compile (N:\\Interviewed Tasks\\Infinity Solution\\server_v1\\node_modules\\ts-node\\src\\index.ts:1617:30)\n    at node:internal/modules/cjs/loader:1689:10\n    at Object.require.extensions.<computed> [as .ts] (N:\\Interviewed Tasks\\Infinity Solution\\server_v1\\node_modules\\ts-node\\src\\index.ts:1621:12)\n    at Module.load (node:internal/modules/cjs/loader:1318:32)\n    at Function._load (node:internal/modules/cjs/loader:1128:12)\n    at TracingChannel.traceSync (node:diagnostics_channel:315:14)","timestamp":"2024-11-10T21:56:22.624Z","trace":[{"column":12,"file":"N:\\Interviewed Tasks\\Infinity Solution\\server_v1\\node_modules\\ts-node\\src\\index.ts","function":"createTSError","line":859,"method":null,"native":false},{"column":19,"file":"N:\\Interviewed Tasks\\Infinity Solution\\server_v1\\node_modules\\ts-node\\src\\index.ts","function":"reportTSError","line":863,"method":null,"native":false},{"column":36,"file":"N:\\Interviewed Tasks\\Infinity Solution\\server_v1\\node_modules\\ts-node\\src\\index.ts","function":"getOutput","line":1077,"method":null,"native":false},{"column":41,"file":"N:\\Interviewed Tasks\\Infinity Solution\\server_v1\\node_modules\\ts-node\\src\\index.ts","function":"Object.compile","line":1433,"method":"compile","native":false},{"column":30,"file":"N:\\Interviewed Tasks\\Infinity Solution\\server_v1\\node_modules\\ts-node\\src\\index.ts","function":"Module.m._compile","line":1617,"method":"_compile","native":false},{"column":10,"file":"node:internal/modules/cjs/loader","function":null,"line":1689,"method":null,"native":false},{"column":12,"file":"N:\\Interviewed Tasks\\Infinity Solution\\server_v1\\node_modules\\ts-node\\src\\index.ts","function":"Object.require.extensions.<computed> [as .ts]","line":1621,"method":"ts]","native":false},{"column":32,"file":"node:internal/modules/cjs/loader","function":"Module.load","line":1318,"method":"load","native":false},{"column":12,"file":"node:internal/modules/cjs/loader","function":"Function._load","line":1128,"method":"_load","native":false},{"column":14,"file":"node:diagnostics_channel","function":"TracingChannel.traceSync","line":315,"method":"traceSync","native":false}]}
{"date":"Mon Nov 11 2024 02:57:45 GMT+0500 (Pakistan Standard Time)","error":{"diagnosticCodes":[2304]},"exception":true,"level":"error","message":"uncaughtException: ⨯ Unable to compile TypeScript:\n\u001b[96msrc/routes/tasks.ts\u001b[0m:\u001b[93m11\u001b[0m:\u001b[93m70\u001b[0m - \u001b[91merror\u001b[0m\u001b[90m TS2304: \u001b[0mCannot find name 'getUserTaskCounts'.\r\n\r\n\u001b[7m11\u001b[0m tasksRouter.get(ROUTES.TASK.USER_TASKS_COUNT, verifyTokenMiddleware, getUserTaskCounts);\r\n\u001b[7m  \u001b[0m \u001b[91m                                                                     ~~~~~~~~~~~~~~~~~\u001b[0m\r\n\nTSError: ⨯ Unable to compile TypeScript:\n\u001b[96msrc/routes/tasks.ts\u001b[0m:\u001b[93m11\u001b[0m:\u001b[93m70\u001b[0m - \u001b[91merror\u001b[0m\u001b[90m TS2304: \u001b[0mCannot find name 'getUserTaskCounts'.\r\n\r\n\u001b[7m11\u001b[0m tasksRouter.get(ROUTES.TASK.USER_TASKS_COUNT, verifyTokenMiddleware, getUserTaskCounts);\r\n\u001b[7m  \u001b[0m \u001b[91m                                                                     ~~~~~~~~~~~~~~~~~\u001b[0m\r\n\n    at createTSError (N:\\Interviewed Tasks\\Infinity Solution\\server_v1\\node_modules\\ts-node\\src\\index.ts:859:12)\n    at reportTSError (N:\\Interviewed Tasks\\Infinity Solution\\server_v1\\node_modules\\ts-node\\src\\index.ts:863:19)\n    at getOutput (N:\\Interviewed Tasks\\Infinity Solution\\server_v1\\node_modules\\ts-node\\src\\index.ts:1077:36)\n    at Object.compile (N:\\Interviewed Tasks\\Infinity Solution\\server_v1\\node_modules\\ts-node\\src\\index.ts:1433:41)\n    at Module.m._compile (N:\\Interviewed Tasks\\Infinity Solution\\server_v1\\node_modules\\ts-node\\src\\index.ts:1617:30)\n    at node:internal/modules/cjs/loader:1689:10\n    at Object.require.extensions.<computed> [as .ts] (N:\\Interviewed Tasks\\Infinity Solution\\server_v1\\node_modules\\ts-node\\src\\index.ts:1621:12)\n    at Module.load (node:internal/modules/cjs/loader:1318:32)\n    at Function._load (node:internal/modules/cjs/loader:1128:12)\n    at TracingChannel.traceSync (node:diagnostics_channel:315:14)","os":{"loadavg":[0,0,0],"uptime":129207.265},"process":{"argv":["N:\\Interviewed Tasks\\Infinity Solution\\server_v1\\node_modules\\ts-node\\dist\\bin.js","N:\\Interviewed Tasks\\Infinity Solution\\server_v1\\src\\server.ts"],"cwd":"N:\\Interviewed Tasks\\Infinity Solution\\server_v1","execPath":"C:\\Program Files\\nodejs\\node.exe","gid":null,"memoryUsage":{"arrayBuffers":4884043,"external":7797994,"heapTotal":210030592,"heapUsed":178292432,"rss":258269184},"pid":10108,"uid":null,"version":"v22.11.0"},"service":"user-service","stack":"TSError: ⨯ Unable to compile TypeScript:\n\u001b[96msrc/routes/tasks.ts\u001b[0m:\u001b[93m11\u001b[0m:\u001b[93m70\u001b[0m - \u001b[91merror\u001b[0m\u001b[90m TS2304: \u001b[0mCannot find name 'getUserTaskCounts'.\r\n\r\n\u001b[7m11\u001b[0m tasksRouter.get(ROUTES.TASK.USER_TASKS_COUNT, verifyTokenMiddleware, getUserTaskCounts);\r\n\u001b[7m  \u001b[0m \u001b[91m                                                                     ~~~~~~~~~~~~~~~~~\u001b[0m\r\n\n    at createTSError (N:\\Interviewed Tasks\\Infinity Solution\\server_v1\\node_modules\\ts-node\\src\\index.ts:859:12)\n    at reportTSError (N:\\Interviewed Tasks\\Infinity Solution\\server_v1\\node_modules\\ts-node\\src\\index.ts:863:19)\n    at getOutput (N:\\Interviewed Tasks\\Infinity Solution\\server_v1\\node_modules\\ts-node\\src\\index.ts:1077:36)\n    at Object.compile (N:\\Interviewed Tasks\\Infinity Solution\\server_v1\\node_modules\\ts-node\\src\\index.ts:1433:41)\n    at Module.m._compile (N:\\Interviewed Tasks\\Infinity Solution\\server_v1\\node_modules\\ts-node\\src\\index.ts:1617:30)\n    at node:internal/modules/cjs/loader:1689:10\n    at Object.require.extensions.<computed> [as .ts] (N:\\Interviewed Tasks\\Infinity Solution\\server_v1\\node_modules\\ts-node\\src\\index.ts:1621:12)\n    at Module.load (node:internal/modules/cjs/loader:1318:32)\n    at Function._load (node:internal/modules/cjs/loader:1128:12)\n    at TracingChannel.traceSync (node:diagnostics_channel:315:14)","timestamp":"2024-11-10T21:57:45.535Z","trace":[{"column":12,"file":"N:\\Interviewed Tasks\\Infinity Solution\\server_v1\\node_modules\\ts-node\\src\\index.ts","function":"createTSError","line":859,"method":null,"native":false},{"column":19,"file":"N:\\Interviewed Tasks\\Infinity Solution\\server_v1\\node_modules\\ts-node\\src\\index.ts","function":"reportTSError","line":863,"method":null,"native":false},{"column":36,"file":"N:\\Interviewed Tasks\\Infinity Solution\\server_v1\\node_modules\\ts-node\\src\\index.ts","function":"getOutput","line":1077,"method":null,"native":false},{"column":41,"file":"N:\\Interviewed Tasks\\Infinity Solution\\server_v1\\node_modules\\ts-node\\src\\index.ts","function":"Object.compile","line":1433,"method":"compile","native":false},{"column":30,"file":"N:\\Interviewed Tasks\\Infinity Solution\\server_v1\\node_modules\\ts-node\\src\\index.ts","function":"Module.m._compile","line":1617,"method":"_compile","native":false},{"column":10,"file":"node:internal/modules/cjs/loader","function":null,"line":1689,"method":null,"native":false},{"column":12,"file":"N:\\Interviewed Tasks\\Infinity Solution\\server_v1\\node_modules\\ts-node\\src\\index.ts","function":"Object.require.extensions.<computed> [as .ts]","line":1621,"method":"ts]","native":false},{"column":32,"file":"node:internal/modules/cjs/loader","function":"Module.load","line":1318,"method":"load","native":false},{"column":12,"file":"node:internal/modules/cjs/loader","function":"Function._load","line":1128,"method":"_load","native":false},{"column":14,"file":"node:diagnostics_channel","function":"TracingChannel.traceSync","line":315,"method":"traceSync","native":false}]}
{"date":"Mon Nov 11 2024 11:47:40 GMT+0500 (Pakistan Standard Time)","error":{"diagnosticCodes":[2339,2339,2339,2339]},"exception":true,"level":"error","message":"uncaughtException: ⨯ Unable to compile TypeScript:\n\u001b[96msrc/controller/users/index.ts\u001b[0m:\u001b[93m127\u001b[0m:\u001b[93m11\u001b[0m - \u001b[91merror\u001b[0m\u001b[90m TS2339: \u001b[0mProperty 'managerId' does not exist on type 'ReadableStream<Uint8Array> | null'.\r\n\r\n\u001b[7m127\u001b[0m   const { managerId, userId } = req.body;\r\n\u001b[7m   \u001b[0m \u001b[91m          ~~~~~~~~~\u001b[0m\r\n\u001b[96msrc/controller/users/index.ts\u001b[0m:\u001b[93m127\u001b[0m:\u001b[93m22\u001b[0m - \u001b[91merror\u001b[0m\u001b[90m TS2339: \u001b[0mProperty 'userId' does not exist on type 'ReadableStream<Uint8Array> | null'.\r\n\r\n\u001b[7m127\u001b[0m   const { managerId, userId } = req.body;\r\n\u001b[7m   \u001b[0m \u001b[91m                     ~~~~~~\u001b[0m\r\n\u001b[96msrc/controller/users/index.ts\u001b[0m:\u001b[93m150\u001b[0m:\u001b[93m44\u001b[0m - \u001b[91merror\u001b[0m\u001b[90m TS2339: \u001b[0mProperty 'oversight' does not exist on type 'PrismaClient<PrismaClientOptions, never, DefaultArgs>'.\r\n\r\n\u001b[7m150\u001b[0m     const existingOversight = await prisma.oversight.findFirst({\r\n\u001b[7m   \u001b[0m \u001b[91m                                           ~~~~~~~~~\u001b[0m\r\n\u001b[96msrc/controller/users/index.ts\u001b[0m:\u001b[93m161\u001b[0m:\u001b[93m36\u001b[0m - \u001b[91merror\u001b[0m\u001b[90m TS2339: \u001b[0mProperty 'oversight' does not exist on type 'PrismaClient<PrismaClientOptions, never, DefaultArgs>'.\r\n\r\n\u001b[7m161\u001b[0m     const oversight = await prisma.oversight.create({\r\n\u001b[7m   \u001b[0m \u001b[91m                                   ~~~~~~~~~\u001b[0m\r\n\nTSError: ⨯ Unable to compile TypeScript:\n\u001b[96msrc/controller/users/index.ts\u001b[0m:\u001b[93m127\u001b[0m:\u001b[93m11\u001b[0m - \u001b[91merror\u001b[0m\u001b[90m TS2339: \u001b[0mProperty 'managerId' does not exist on type 'ReadableStream<Uint8Array> | null'.\r\n\r\n\u001b[7m127\u001b[0m   const { managerId, userId } = req.body;\r\n\u001b[7m   \u001b[0m \u001b[91m          ~~~~~~~~~\u001b[0m\r\n\u001b[96msrc/controller/users/index.ts\u001b[0m:\u001b[93m127\u001b[0m:\u001b[93m22\u001b[0m - \u001b[91merror\u001b[0m\u001b[90m TS2339: \u001b[0mProperty 'userId' does not exist on type 'ReadableStream<Uint8Array> | null'.\r\n\r\n\u001b[7m127\u001b[0m   const { managerId, userId } = req.body;\r\n\u001b[7m   \u001b[0m \u001b[91m                     ~~~~~~\u001b[0m\r\n\u001b[96msrc/controller/users/index.ts\u001b[0m:\u001b[93m150\u001b[0m:\u001b[93m44\u001b[0m - \u001b[91merror\u001b[0m\u001b[90m TS2339: \u001b[0mProperty 'oversight' does not exist on type 'PrismaClient<PrismaClientOptions, never, DefaultArgs>'.\r\n\r\n\u001b[7m150\u001b[0m     const existingOversight = await prisma.oversight.findFirst({\r\n\u001b[7m   \u001b[0m \u001b[91m                                           ~~~~~~~~~\u001b[0m\r\n\u001b[96msrc/controller/users/index.ts\u001b[0m:\u001b[93m161\u001b[0m:\u001b[93m36\u001b[0m - \u001b[91merror\u001b[0m\u001b[90m TS2339: \u001b[0mProperty 'oversight' does not exist on type 'PrismaClient<PrismaClientOptions, never, DefaultArgs>'.\r\n\r\n\u001b[7m161\u001b[0m     const oversight = await prisma.oversight.create({\r\n\u001b[7m   \u001b[0m \u001b[91m                                   ~~~~~~~~~\u001b[0m\r\n\n    at createTSError (N:\\Interviewed Tasks\\Infinity Solution\\server_v1\\node_modules\\ts-node\\src\\index.ts:859:12)\n    at reportTSError (N:\\Interviewed Tasks\\Infinity Solution\\server_v1\\node_modules\\ts-node\\src\\index.ts:863:19)\n    at getOutput (N:\\Interviewed Tasks\\Infinity Solution\\server_v1\\node_modules\\ts-node\\src\\index.ts:1077:36)\n    at Object.compile (N:\\Interviewed Tasks\\Infinity Solution\\server_v1\\node_modules\\ts-node\\src\\index.ts:1433:41)\n    at Module.m._compile (N:\\Interviewed Tasks\\Infinity Solution\\server_v1\\node_modules\\ts-node\\src\\index.ts:1617:30)\n    at node:internal/modules/cjs/loader:1689:10\n    at Object.require.extensions.<computed> [as .ts] (N:\\Interviewed Tasks\\Infinity Solution\\server_v1\\node_modules\\ts-node\\src\\index.ts:1621:12)\n    at Module.load (node:internal/modules/cjs/loader:1318:32)\n    at Function._load (node:internal/modules/cjs/loader:1128:12)\n    at TracingChannel.traceSync (node:diagnostics_channel:315:14)","os":{"loadavg":[0,0,0],"uptime":161003.484},"process":{"argv":["N:\\Interviewed Tasks\\Infinity Solution\\server_v1\\node_modules\\ts-node\\dist\\bin.js","N:\\Interviewed Tasks\\Infinity Solution\\server_v1\\src\\server.ts"],"cwd":"N:\\Interviewed Tasks\\Infinity Solution\\server_v1","execPath":"C:\\Program Files\\nodejs\\node.exe","gid":null,"memoryUsage":{"arrayBuffers":4883923,"external":7797874,"heapTotal":209244160,"heapUsed":173604656,"rss":261124096},"pid":40468,"uid":null,"version":"v22.11.0"},"service":"user-service","stack":"TSError: ⨯ Unable to compile TypeScript:\n\u001b[96msrc/controller/users/index.ts\u001b[0m:\u001b[93m127\u001b[0m:\u001b[93m11\u001b[0m - \u001b[91merror\u001b[0m\u001b[90m TS2339: \u001b[0mProperty 'managerId' does not exist on type 'ReadableStream<Uint8Array> | null'.\r\n\r\n\u001b[7m127\u001b[0m   const { managerId, userId } = req.body;\r\n\u001b[7m   \u001b[0m \u001b[91m          ~~~~~~~~~\u001b[0m\r\n\u001b[96msrc/controller/users/index.ts\u001b[0m:\u001b[93m127\u001b[0m:\u001b[93m22\u001b[0m - \u001b[91merror\u001b[0m\u001b[90m TS2339: \u001b[0mProperty 'userId' does not exist on type 'ReadableStream<Uint8Array> | null'.\r\n\r\n\u001b[7m127\u001b[0m   const { managerId, userId } = req.body;\r\n\u001b[7m   \u001b[0m \u001b[91m                     ~~~~~~\u001b[0m\r\n\u001b[96msrc/controller/users/index.ts\u001b[0m:\u001b[93m150\u001b[0m:\u001b[93m44\u001b[0m - \u001b[91merror\u001b[0m\u001b[90m TS2339: \u001b[0mProperty 'oversight' does not exist on type 'PrismaClient<PrismaClientOptions, never, DefaultArgs>'.\r\n\r\n\u001b[7m150\u001b[0m     const existingOversight = await prisma.oversight.findFirst({\r\n\u001b[7m   \u001b[0m \u001b[91m                                           ~~~~~~~~~\u001b[0m\r\n\u001b[96msrc/controller/users/index.ts\u001b[0m:\u001b[93m161\u001b[0m:\u001b[93m36\u001b[0m - \u001b[91merror\u001b[0m\u001b[90m TS2339: \u001b[0mProperty 'oversight' does not exist on type 'PrismaClient<PrismaClientOptions, never, DefaultArgs>'.\r\n\r\n\u001b[7m161\u001b[0m     const oversight = await prisma.oversight.create({\r\n\u001b[7m   \u001b[0m \u001b[91m                                   ~~~~~~~~~\u001b[0m\r\n\n    at createTSError (N:\\Interviewed Tasks\\Infinity Solution\\server_v1\\node_modules\\ts-node\\src\\index.ts:859:12)\n    at reportTSError (N:\\Interviewed Tasks\\Infinity Solution\\server_v1\\node_modules\\ts-node\\src\\index.ts:863:19)\n    at getOutput (N:\\Interviewed Tasks\\Infinity Solution\\server_v1\\node_modules\\ts-node\\src\\index.ts:1077:36)\n    at Object.compile (N:\\Interviewed Tasks\\Infinity Solution\\server_v1\\node_modules\\ts-node\\src\\index.ts:1433:41)\n    at Module.m._compile (N:\\Interviewed Tasks\\Infinity Solution\\server_v1\\node_modules\\ts-node\\src\\index.ts:1617:30)\n    at node:internal/modules/cjs/loader:1689:10\n    at Object.require.extensions.<computed> [as .ts] (N:\\Interviewed Tasks\\Infinity Solution\\server_v1\\node_modules\\ts-node\\src\\index.ts:1621:12)\n    at Module.load (node:internal/modules/cjs/loader:1318:32)\n    at Function._load (node:internal/modules/cjs/loader:1128:12)\n    at TracingChannel.traceSync (node:diagnostics_channel:315:14)","timestamp":"2024-11-11T06:47:40.531Z","trace":[{"column":12,"file":"N:\\Interviewed Tasks\\Infinity Solution\\server_v1\\node_modules\\ts-node\\src\\index.ts","function":"createTSError","line":859,"method":null,"native":false},{"column":19,"file":"N:\\Interviewed Tasks\\Infinity Solution\\server_v1\\node_modules\\ts-node\\src\\index.ts","function":"reportTSError","line":863,"method":null,"native":false},{"column":36,"file":"N:\\Interviewed Tasks\\Infinity Solution\\server_v1\\node_modules\\ts-node\\src\\index.ts","function":"getOutput","line":1077,"method":null,"native":false},{"column":41,"file":"N:\\Interviewed Tasks\\Infinity Solution\\server_v1\\node_modules\\ts-node\\src\\index.ts","function":"Object.compile","line":1433,"method":"compile","native":false},{"column":30,"file":"N:\\Interviewed Tasks\\Infinity Solution\\server_v1\\node_modules\\ts-node\\src\\index.ts","function":"Module.m._compile","line":1617,"method":"_compile","native":false},{"column":10,"file":"node:internal/modules/cjs/loader","function":null,"line":1689,"method":null,"native":false},{"column":12,"file":"N:\\Interviewed Tasks\\Infinity Solution\\server_v1\\node_modules\\ts-node\\src\\index.ts","function":"Object.require.extensions.<computed> [as .ts]","line":1621,"method":"ts]","native":false},{"column":32,"file":"node:internal/modules/cjs/loader","function":"Module.load","line":1318,"method":"load","native":false},{"column":12,"file":"node:internal/modules/cjs/loader","function":"Function._load","line":1128,"method":"_load","native":false},{"column":14,"file":"node:diagnostics_channel","function":"TracingChannel.traceSync","line":315,"method":"traceSync","native":false}]}
{"date":"Mon Nov 11 2024 11:48:01 GMT+0500 (Pakistan Standard Time)","error":{"diagnosticCodes":[2339,2339]},"exception":true,"level":"error","message":"uncaughtException: ⨯ Unable to compile TypeScript:\n\u001b[96msrc/controller/users/index.ts\u001b[0m:\u001b[93m150\u001b[0m:\u001b[93m44\u001b[0m - \u001b[91merror\u001b[0m\u001b[90m TS2339: \u001b[0mProperty 'oversight' does not exist on type 'PrismaClient<PrismaClientOptions, never, DefaultArgs>'.\r\n\r\n\u001b[7m150\u001b[0m     const existingOversight = await prisma.oversight.findFirst({\r\n\u001b[7m   \u001b[0m \u001b[91m                                           ~~~~~~~~~\u001b[0m\r\n\u001b[96msrc/controller/users/index.ts\u001b[0m:\u001b[93m161\u001b[0m:\u001b[93m36\u001b[0m - \u001b[91merror\u001b[0m\u001b[90m TS2339: \u001b[0mProperty 'oversight' does not exist on type 'PrismaClient<PrismaClientOptions, never, DefaultArgs>'.\r\n\r\n\u001b[7m161\u001b[0m     const oversight = await prisma.oversight.create({\r\n\u001b[7m   \u001b[0m \u001b[91m                                   ~~~~~~~~~\u001b[0m\r\n\nTSError: ⨯ Unable to compile TypeScript:\n\u001b[96msrc/controller/users/index.ts\u001b[0m:\u001b[93m150\u001b[0m:\u001b[93m44\u001b[0m - \u001b[91merror\u001b[0m\u001b[90m TS2339: \u001b[0mProperty 'oversight' does not exist on type 'PrismaClient<PrismaClientOptions, never, DefaultArgs>'.\r\n\r\n\u001b[7m150\u001b[0m     const existingOversight = await prisma.oversight.findFirst({\r\n\u001b[7m   \u001b[0m \u001b[91m                                           ~~~~~~~~~\u001b[0m\r\n\u001b[96msrc/controller/users/index.ts\u001b[0m:\u001b[93m161\u001b[0m:\u001b[93m36\u001b[0m - \u001b[91merror\u001b[0m\u001b[90m TS2339: \u001b[0mProperty 'oversight' does not exist on type 'PrismaClient<PrismaClientOptions, never, DefaultArgs>'.\r\n\r\n\u001b[7m161\u001b[0m     const oversight = await prisma.oversight.create({\r\n\u001b[7m   \u001b[0m \u001b[91m                                   ~~~~~~~~~\u001b[0m\r\n\n    at createTSError (N:\\Interviewed Tasks\\Infinity Solution\\server_v1\\node_modules\\ts-node\\src\\index.ts:859:12)\n    at reportTSError (N:\\Interviewed Tasks\\Infinity Solution\\server_v1\\node_modules\\ts-node\\src\\index.ts:863:19)\n    at getOutput (N:\\Interviewed Tasks\\Infinity Solution\\server_v1\\node_modules\\ts-node\\src\\index.ts:1077:36)\n    at Object.compile (N:\\Interviewed Tasks\\Infinity Solution\\server_v1\\node_modules\\ts-node\\src\\index.ts:1433:41)\n    at Module.m._compile (N:\\Interviewed Tasks\\Infinity Solution\\server_v1\\node_modules\\ts-node\\src\\index.ts:1617:30)\n    at node:internal/modules/cjs/loader:1689:10\n    at Object.require.extensions.<computed> [as .ts] (N:\\Interviewed Tasks\\Infinity Solution\\server_v1\\node_modules\\ts-node\\src\\index.ts:1621:12)\n    at Module.load (node:internal/modules/cjs/loader:1318:32)\n    at Function._load (node:internal/modules/cjs/loader:1128:12)\n    at TracingChannel.traceSync (node:diagnostics_channel:315:14)","os":{"loadavg":[0,0,0],"uptime":161024},"process":{"argv":["N:\\Interviewed Tasks\\Infinity Solution\\server_v1\\node_modules\\ts-node\\dist\\bin.js","N:\\Interviewed Tasks\\Infinity Solution\\server_v1\\src\\server.ts"],"cwd":"N:\\Interviewed Tasks\\Infinity Solution\\server_v1","execPath":"C:\\Program Files\\nodejs\\node.exe","gid":null,"memoryUsage":{"arrayBuffers":4884283,"external":7807788,"heapTotal":207147008,"heapUsed":185918176,"rss":259067904},"pid":13964,"uid":null,"version":"v22.11.0"},"service":"user-service","stack":"TSError: ⨯ Unable to compile TypeScript:\n\u001b[96msrc/controller/users/index.ts\u001b[0m:\u001b[93m150\u001b[0m:\u001b[93m44\u001b[0m - \u001b[91merror\u001b[0m\u001b[90m TS2339: \u001b[0mProperty 'oversight' does not exist on type 'PrismaClient<PrismaClientOptions, never, DefaultArgs>'.\r\n\r\n\u001b[7m150\u001b[0m     const existingOversight = await prisma.oversight.findFirst({\r\n\u001b[7m   \u001b[0m \u001b[91m                                           ~~~~~~~~~\u001b[0m\r\n\u001b[96msrc/controller/users/index.ts\u001b[0m:\u001b[93m161\u001b[0m:\u001b[93m36\u001b[0m - \u001b[91merror\u001b[0m\u001b[90m TS2339: \u001b[0mProperty 'oversight' does not exist on type 'PrismaClient<PrismaClientOptions, never, DefaultArgs>'.\r\n\r\n\u001b[7m161\u001b[0m     const oversight = await prisma.oversight.create({\r\n\u001b[7m   \u001b[0m \u001b[91m                                   ~~~~~~~~~\u001b[0m\r\n\n    at createTSError (N:\\Interviewed Tasks\\Infinity Solution\\server_v1\\node_modules\\ts-node\\src\\index.ts:859:12)\n    at reportTSError (N:\\Interviewed Tasks\\Infinity Solution\\server_v1\\node_modules\\ts-node\\src\\index.ts:863:19)\n    at getOutput (N:\\Interviewed Tasks\\Infinity Solution\\server_v1\\node_modules\\ts-node\\src\\index.ts:1077:36)\n    at Object.compile (N:\\Interviewed Tasks\\Infinity Solution\\server_v1\\node_modules\\ts-node\\src\\index.ts:1433:41)\n    at Module.m._compile (N:\\Interviewed Tasks\\Infinity Solution\\server_v1\\node_modules\\ts-node\\src\\index.ts:1617:30)\n    at node:internal/modules/cjs/loader:1689:10\n    at Object.require.extensions.<computed> [as .ts] (N:\\Interviewed Tasks\\Infinity Solution\\server_v1\\node_modules\\ts-node\\src\\index.ts:1621:12)\n    at Module.load (node:internal/modules/cjs/loader:1318:32)\n    at Function._load (node:internal/modules/cjs/loader:1128:12)\n    at TracingChannel.traceSync (node:diagnostics_channel:315:14)","timestamp":"2024-11-11T06:48:01.049Z","trace":[{"column":12,"file":"N:\\Interviewed Tasks\\Infinity Solution\\server_v1\\node_modules\\ts-node\\src\\index.ts","function":"createTSError","line":859,"method":null,"native":false},{"column":19,"file":"N:\\Interviewed Tasks\\Infinity Solution\\server_v1\\node_modules\\ts-node\\src\\index.ts","function":"reportTSError","line":863,"method":null,"native":false},{"column":36,"file":"N:\\Interviewed Tasks\\Infinity Solution\\server_v1\\node_modules\\ts-node\\src\\index.ts","function":"getOutput","line":1077,"method":null,"native":false},{"column":41,"file":"N:\\Interviewed Tasks\\Infinity Solution\\server_v1\\node_modules\\ts-node\\src\\index.ts","function":"Object.compile","line":1433,"method":"compile","native":false},{"column":30,"file":"N:\\Interviewed Tasks\\Infinity Solution\\server_v1\\node_modules\\ts-node\\src\\index.ts","function":"Module.m._compile","line":1617,"method":"_compile","native":false},{"column":10,"file":"node:internal/modules/cjs/loader","function":null,"line":1689,"method":null,"native":false},{"column":12,"file":"N:\\Interviewed Tasks\\Infinity Solution\\server_v1\\node_modules\\ts-node\\src\\index.ts","function":"Object.require.extensions.<computed> [as .ts]","line":1621,"method":"ts]","native":false},{"column":32,"file":"node:internal/modules/cjs/loader","function":"Module.load","line":1318,"method":"load","native":false},{"column":12,"file":"node:internal/modules/cjs/loader","function":"Function._load","line":1128,"method":"_load","native":false},{"column":14,"file":"node:diagnostics_channel","function":"TracingChannel.traceSync","line":315,"method":"traceSync","native":false}]}
{"date":"Mon Nov 11 2024 11:49:20 GMT+0500 (Pakistan Standard Time)","error":{"diagnosticCodes":[2304]},"exception":true,"level":"error","message":"uncaughtException: ⨯ Unable to compile TypeScript:\n\u001b[96msrc/routes/users.ts\u001b[0m:\u001b[93m10\u001b[0m:\u001b[93m63\u001b[0m - \u001b[91merror\u001b[0m\u001b[90m TS2304: \u001b[0mCannot find name 'assignManagerToUser'.\r\n\r\n\u001b[7m10\u001b[0m userRouter.post(ROUTES.USERS.BY_TOKEN, verifyTokenMiddleware, assignManagerToUser);\r\n\u001b[7m  \u001b[0m \u001b[91m                                                              ~~~~~~~~~~~~~~~~~~~\u001b[0m\r\n\nTSError: ⨯ Unable to compile TypeScript:\n\u001b[96msrc/routes/users.ts\u001b[0m:\u001b[93m10\u001b[0m:\u001b[93m63\u001b[0m - \u001b[91merror\u001b[0m\u001b[90m TS2304: \u001b[0mCannot find name 'assignManagerToUser'.\r\n\r\n\u001b[7m10\u001b[0m userRouter.post(ROUTES.USERS.BY_TOKEN, verifyTokenMiddleware, assignManagerToUser);\r\n\u001b[7m  \u001b[0m \u001b[91m                                                              ~~~~~~~~~~~~~~~~~~~\u001b[0m\r\n\n    at createTSError (N:\\Interviewed Tasks\\Infinity Solution\\server_v1\\node_modules\\ts-node\\src\\index.ts:859:12)\n    at reportTSError (N:\\Interviewed Tasks\\Infinity Solution\\server_v1\\node_modules\\ts-node\\src\\index.ts:863:19)\n    at getOutput (N:\\Interviewed Tasks\\Infinity Solution\\server_v1\\node_modules\\ts-node\\src\\index.ts:1077:36)\n    at Object.compile (N:\\Interviewed Tasks\\Infinity Solution\\server_v1\\node_modules\\ts-node\\src\\index.ts:1433:41)\n    at Module.m._compile (N:\\Interviewed Tasks\\Infinity Solution\\server_v1\\node_modules\\ts-node\\src\\index.ts:1617:30)\n    at node:internal/modules/cjs/loader:1689:10\n    at Object.require.extensions.<computed> [as .ts] (N:\\Interviewed Tasks\\Infinity Solution\\server_v1\\node_modules\\ts-node\\src\\index.ts:1621:12)\n    at Module.load (node:internal/modules/cjs/loader:1318:32)\n    at Function._load (node:internal/modules/cjs/loader:1128:12)\n    at TracingChannel.traceSync (node:diagnostics_channel:315:14)","os":{"loadavg":[0,0,0],"uptime":161103.796},"process":{"argv":["N:\\Interviewed Tasks\\Infinity Solution\\server_v1\\node_modules\\ts-node\\dist\\bin.js","N:\\Interviewed Tasks\\Infinity Solution\\server_v1\\src\\server.ts"],"cwd":"N:\\Interviewed Tasks\\Infinity Solution\\server_v1","execPath":"C:\\Program Files\\nodejs\\node.exe","gid":null,"memoryUsage":{"arrayBuffers":4884075,"external":7798026,"heapTotal":211988480,"heapUsed":178651952,"rss":258142208},"pid":15372,"uid":null,"version":"v22.11.0"},"service":"user-service","stack":"TSError: ⨯ Unable to compile TypeScript:\n\u001b[96msrc/routes/users.ts\u001b[0m:\u001b[93m10\u001b[0m:\u001b[93m63\u001b[0m - \u001b[91merror\u001b[0m\u001b[90m TS2304: \u001b[0mCannot find name 'assignManagerToUser'.\r\n\r\n\u001b[7m10\u001b[0m userRouter.post(ROUTES.USERS.BY_TOKEN, verifyTokenMiddleware, assignManagerToUser);\r\n\u001b[7m  \u001b[0m \u001b[91m                                                              ~~~~~~~~~~~~~~~~~~~\u001b[0m\r\n\n    at createTSError (N:\\Interviewed Tasks\\Infinity Solution\\server_v1\\node_modules\\ts-node\\src\\index.ts:859:12)\n    at reportTSError (N:\\Interviewed Tasks\\Infinity Solution\\server_v1\\node_modules\\ts-node\\src\\index.ts:863:19)\n    at getOutput (N:\\Interviewed Tasks\\Infinity Solution\\server_v1\\node_modules\\ts-node\\src\\index.ts:1077:36)\n    at Object.compile (N:\\Interviewed Tasks\\Infinity Solution\\server_v1\\node_modules\\ts-node\\src\\index.ts:1433:41)\n    at Module.m._compile (N:\\Interviewed Tasks\\Infinity Solution\\server_v1\\node_modules\\ts-node\\src\\index.ts:1617:30)\n    at node:internal/modules/cjs/loader:1689:10\n    at Object.require.extensions.<computed> [as .ts] (N:\\Interviewed Tasks\\Infinity Solution\\server_v1\\node_modules\\ts-node\\src\\index.ts:1621:12)\n    at Module.load (node:internal/modules/cjs/loader:1318:32)\n    at Function._load (node:internal/modules/cjs/loader:1128:12)\n    at TracingChannel.traceSync (node:diagnostics_channel:315:14)","timestamp":"2024-11-11T06:49:20.840Z","trace":[{"column":12,"file":"N:\\Interviewed Tasks\\Infinity Solution\\server_v1\\node_modules\\ts-node\\src\\index.ts","function":"createTSError","line":859,"method":null,"native":false},{"column":19,"file":"N:\\Interviewed Tasks\\Infinity Solution\\server_v1\\node_modules\\ts-node\\src\\index.ts","function":"reportTSError","line":863,"method":null,"native":false},{"column":36,"file":"N:\\Interviewed Tasks\\Infinity Solution\\server_v1\\node_modules\\ts-node\\src\\index.ts","function":"getOutput","line":1077,"method":null,"native":false},{"column":41,"file":"N:\\Interviewed Tasks\\Infinity Solution\\server_v1\\node_modules\\ts-node\\src\\index.ts","function":"Object.compile","line":1433,"method":"compile","native":false},{"column":30,"file":"N:\\Interviewed Tasks\\Infinity Solution\\server_v1\\node_modules\\ts-node\\src\\index.ts","function":"Module.m._compile","line":1617,"method":"_compile","native":false},{"column":10,"file":"node:internal/modules/cjs/loader","function":null,"line":1689,"method":null,"native":false},{"column":12,"file":"N:\\Interviewed Tasks\\Infinity Solution\\server_v1\\node_modules\\ts-node\\src\\index.ts","function":"Object.require.extensions.<computed> [as .ts]","line":1621,"method":"ts]","native":false},{"column":32,"file":"node:internal/modules/cjs/loader","function":"Module.load","line":1318,"method":"load","native":false},{"column":12,"file":"node:internal/modules/cjs/loader","function":"Function._load","line":1128,"method":"_load","native":false},{"column":14,"file":"node:diagnostics_channel","function":"TracingChannel.traceSync","line":315,"method":"traceSync","native":false}]}
{"date":"Mon Nov 11 2024 11:49:32 GMT+0500 (Pakistan Standard Time)","error":{"diagnosticCodes":[2339,2304]},"exception":true,"level":"error","message":"uncaughtException: ⨯ Unable to compile TypeScript:\n\u001b[96msrc/routes/users.ts\u001b[0m:\u001b[93m10\u001b[0m:\u001b[93m30\u001b[0m - \u001b[91merror\u001b[0m\u001b[90m TS2339: \u001b[0mProperty 'OVERSIGHT' does not exist on type '{ BASE: string; BY_TOKEN: string; }'.\r\n\r\n\u001b[7m10\u001b[0m userRouter.post(ROUTES.USERS.OVERSIGHT, verifyTokenMiddleware, assignManagerToUser);\r\n\u001b[7m  \u001b[0m \u001b[91m                             ~~~~~~~~~\u001b[0m\r\n\u001b[96msrc/routes/users.ts\u001b[0m:\u001b[93m10\u001b[0m:\u001b[93m64\u001b[0m - \u001b[91merror\u001b[0m\u001b[90m TS2304: \u001b[0mCannot find name 'assignManagerToUser'.\r\n\r\n\u001b[7m10\u001b[0m userRouter.post(ROUTES.USERS.OVERSIGHT, verifyTokenMiddleware, assignManagerToUser);\r\n\u001b[7m  \u001b[0m \u001b[91m                                                               ~~~~~~~~~~~~~~~~~~~\u001b[0m\r\n\nTSError: ⨯ Unable to compile TypeScript:\n\u001b[96msrc/routes/users.ts\u001b[0m:\u001b[93m10\u001b[0m:\u001b[93m30\u001b[0m - \u001b[91merror\u001b[0m\u001b[90m TS2339: \u001b[0mProperty 'OVERSIGHT' does not exist on type '{ BASE: string; BY_TOKEN: string; }'.\r\n\r\n\u001b[7m10\u001b[0m userRouter.post(ROUTES.USERS.OVERSIGHT, verifyTokenMiddleware, assignManagerToUser);\r\n\u001b[7m  \u001b[0m \u001b[91m                             ~~~~~~~~~\u001b[0m\r\n\u001b[96msrc/routes/users.ts\u001b[0m:\u001b[93m10\u001b[0m:\u001b[93m64\u001b[0m - \u001b[91merror\u001b[0m\u001b[90m TS2304: \u001b[0mCannot find name 'assignManagerToUser'.\r\n\r\n\u001b[7m10\u001b[0m userRouter.post(ROUTES.USERS.OVERSIGHT, verifyTokenMiddleware, assignManagerToUser);\r\n\u001b[7m  \u001b[0m \u001b[91m                                                               ~~~~~~~~~~~~~~~~~~~\u001b[0m\r\n\n    at createTSError (N:\\Interviewed Tasks\\Infinity Solution\\server_v1\\node_modules\\ts-node\\src\\index.ts:859:12)\n    at reportTSError (N:\\Interviewed Tasks\\Infinity Solution\\server_v1\\node_modules\\ts-node\\src\\index.ts:863:19)\n    at getOutput (N:\\Interviewed Tasks\\Infinity Solution\\server_v1\\node_modules\\ts-node\\src\\index.ts:1077:36)\n    at Object.compile (N:\\Interviewed Tasks\\Infinity Solution\\server_v1\\node_modules\\ts-node\\src\\index.ts:1433:41)\n    at Module.m._compile (N:\\Interviewed Tasks\\Infinity Solution\\server_v1\\node_modules\\ts-node\\src\\index.ts:1617:30)\n    at node:internal/modules/cjs/loader:1689:10\n    at Object.require.extensions.<computed> [as .ts] (N:\\Interviewed Tasks\\Infinity Solution\\server_v1\\node_modules\\ts-node\\src\\index.ts:1621:12)\n    at Module.load (node:internal/modules/cjs/loader:1318:32)\n    at Function._load (node:internal/modules/cjs/loader:1128:12)\n    at TracingChannel.traceSync (node:diagnostics_channel:315:14)","os":{"loadavg":[0,0,0],"uptime":161115.343},"process":{"argv":["N:\\Interviewed Tasks\\Infinity Solution\\server_v1\\node_modules\\ts-node\\dist\\bin.js","N:\\Interviewed Tasks\\Infinity Solution\\server_v1\\src\\server.ts"],"cwd":"N:\\Interviewed Tasks\\Infinity Solution\\server_v1","execPath":"C:\\Program Files\\nodejs\\node.exe","gid":null,"memoryUsage":{"arrayBuffers":4884107,"external":7798058,"heapTotal":209891328,"heapUsed":180245496,"rss":256552960},"pid":43180,"uid":null,"version":"v22.11.0"},"service":"user-service","stack":"TSError: ⨯ Unable to compile TypeScript:\n\u001b[96msrc/routes/users.ts\u001b[0m:\u001b[93m10\u001b[0m:\u001b[93m30\u001b[0m - \u001b[91merror\u001b[0m\u001b[90m TS2339: \u001b[0mProperty 'OVERSIGHT' does not exist on type '{ BASE: string; BY_TOKEN: string; }'.\r\n\r\n\u001b[7m10\u001b[0m userRouter.post(ROUTES.USERS.OVERSIGHT, verifyTokenMiddleware, assignManagerToUser);\r\n\u001b[7m  \u001b[0m \u001b[91m                             ~~~~~~~~~\u001b[0m\r\n\u001b[96msrc/routes/users.ts\u001b[0m:\u001b[93m10\u001b[0m:\u001b[93m64\u001b[0m - \u001b[91merror\u001b[0m\u001b[90m TS2304: \u001b[0mCannot find name 'assignManagerToUser'.\r\n\r\n\u001b[7m10\u001b[0m userRouter.post(ROUTES.USERS.OVERSIGHT, verifyTokenMiddleware, assignManagerToUser);\r\n\u001b[7m  \u001b[0m \u001b[91m                                                               ~~~~~~~~~~~~~~~~~~~\u001b[0m\r\n\n    at createTSError (N:\\Interviewed Tasks\\Infinity Solution\\server_v1\\node_modules\\ts-node\\src\\index.ts:859:12)\n    at reportTSError (N:\\Interviewed Tasks\\Infinity Solution\\server_v1\\node_modules\\ts-node\\src\\index.ts:863:19)\n    at getOutput (N:\\Interviewed Tasks\\Infinity Solution\\server_v1\\node_modules\\ts-node\\src\\index.ts:1077:36)\n    at Object.compile (N:\\Interviewed Tasks\\Infinity Solution\\server_v1\\node_modules\\ts-node\\src\\index.ts:1433:41)\n    at Module.m._compile (N:\\Interviewed Tasks\\Infinity Solution\\server_v1\\node_modules\\ts-node\\src\\index.ts:1617:30)\n    at node:internal/modules/cjs/loader:1689:10\n    at Object.require.extensions.<computed> [as .ts] (N:\\Interviewed Tasks\\Infinity Solution\\server_v1\\node_modules\\ts-node\\src\\index.ts:1621:12)\n    at Module.load (node:internal/modules/cjs/loader:1318:32)\n    at Function._load (node:internal/modules/cjs/loader:1128:12)\n    at TracingChannel.traceSync (node:diagnostics_channel:315:14)","timestamp":"2024-11-11T06:49:32.395Z","trace":[{"column":12,"file":"N:\\Interviewed Tasks\\Infinity Solution\\server_v1\\node_modules\\ts-node\\src\\index.ts","function":"createTSError","line":859,"method":null,"native":false},{"column":19,"file":"N:\\Interviewed Tasks\\Infinity Solution\\server_v1\\node_modules\\ts-node\\src\\index.ts","function":"reportTSError","line":863,"method":null,"native":false},{"column":36,"file":"N:\\Interviewed Tasks\\Infinity Solution\\server_v1\\node_modules\\ts-node\\src\\index.ts","function":"getOutput","line":1077,"method":null,"native":false},{"column":41,"file":"N:\\Interviewed Tasks\\Infinity Solution\\server_v1\\node_modules\\ts-node\\src\\index.ts","function":"Object.compile","line":1433,"method":"compile","native":false},{"column":30,"file":"N:\\Interviewed Tasks\\Infinity Solution\\server_v1\\node_modules\\ts-node\\src\\index.ts","function":"Module.m._compile","line":1617,"method":"_compile","native":false},{"column":10,"file":"node:internal/modules/cjs/loader","function":null,"line":1689,"method":null,"native":false},{"column":12,"file":"N:\\Interviewed Tasks\\Infinity Solution\\server_v1\\node_modules\\ts-node\\src\\index.ts","function":"Object.require.extensions.<computed> [as .ts]","line":1621,"method":"ts]","native":false},{"column":32,"file":"node:internal/modules/cjs/loader","function":"Module.load","line":1318,"method":"load","native":false},{"column":12,"file":"node:internal/modules/cjs/loader","function":"Function._load","line":1128,"method":"_load","native":false},{"column":14,"file":"node:diagnostics_channel","function":"TracingChannel.traceSync","line":315,"method":"traceSync","native":false}]}
{"date":"Mon Nov 11 2024 11:49:44 GMT+0500 (Pakistan Standard Time)","error":{"diagnosticCodes":[2304]},"exception":true,"level":"error","message":"uncaughtException: ⨯ Unable to compile TypeScript:\n\u001b[96msrc/routes/users.ts\u001b[0m:\u001b[93m10\u001b[0m:\u001b[93m64\u001b[0m - \u001b[91merror\u001b[0m\u001b[90m TS2304: \u001b[0mCannot find name 'assignManagerToUser'.\r\n\r\n\u001b[7m10\u001b[0m userRouter.post(ROUTES.USERS.OVERSIGHT, verifyTokenMiddleware, assignManagerToUser);\r\n\u001b[7m  \u001b[0m \u001b[91m                                                               ~~~~~~~~~~~~~~~~~~~\u001b[0m\r\n\nTSError: ⨯ Unable to compile TypeScript:\n\u001b[96msrc/routes/users.ts\u001b[0m:\u001b[93m10\u001b[0m:\u001b[93m64\u001b[0m - \u001b[91merror\u001b[0m\u001b[90m TS2304: \u001b[0mCannot find name 'assignManagerToUser'.\r\n\r\n\u001b[7m10\u001b[0m userRouter.post(ROUTES.USERS.OVERSIGHT, verifyTokenMiddleware, assignManagerToUser);\r\n\u001b[7m  \u001b[0m \u001b[91m                                                               ~~~~~~~~~~~~~~~~~~~\u001b[0m\r\n\n    at createTSError (N:\\Interviewed Tasks\\Infinity Solution\\server_v1\\node_modules\\ts-node\\src\\index.ts:859:12)\n    at reportTSError (N:\\Interviewed Tasks\\Infinity Solution\\server_v1\\node_modules\\ts-node\\src\\index.ts:863:19)\n    at getOutput (N:\\Interviewed Tasks\\Infinity Solution\\server_v1\\node_modules\\ts-node\\src\\index.ts:1077:36)\n    at Object.compile (N:\\Interviewed Tasks\\Infinity Solution\\server_v1\\node_modules\\ts-node\\src\\index.ts:1433:41)\n    at Module.m._compile (N:\\Interviewed Tasks\\Infinity Solution\\server_v1\\node_modules\\ts-node\\src\\index.ts:1617:30)\n    at node:internal/modules/cjs/loader:1689:10\n    at Object.require.extensions.<computed> [as .ts] (N:\\Interviewed Tasks\\Infinity Solution\\server_v1\\node_modules\\ts-node\\src\\index.ts:1621:12)\n    at Module.load (node:internal/modules/cjs/loader:1318:32)\n    at Function._load (node:internal/modules/cjs/loader:1128:12)\n    at TracingChannel.traceSync (node:diagnostics_channel:315:14)","os":{"loadavg":[0,0,0],"uptime":161127.406},"process":{"argv":["N:\\Interviewed Tasks\\Infinity Solution\\server_v1\\node_modules\\ts-node\\dist\\bin.js","N:\\Interviewed Tasks\\Infinity Solution\\server_v1\\src\\server.ts"],"cwd":"N:\\Interviewed Tasks\\Infinity Solution\\server_v1","execPath":"C:\\Program Files\\nodejs\\node.exe","gid":null,"memoryUsage":{"arrayBuffers":4884075,"external":7798026,"heapTotal":211202048,"heapUsed":178915104,"rss":260972544},"pid":1204,"uid":null,"version":"v22.11.0"},"service":"user-service","stack":"TSError: ⨯ Unable to compile TypeScript:\n\u001b[96msrc/routes/users.ts\u001b[0m:\u001b[93m10\u001b[0m:\u001b[93m64\u001b[0m - \u001b[91merror\u001b[0m\u001b[90m TS2304: \u001b[0mCannot find name 'assignManagerToUser'.\r\n\r\n\u001b[7m10\u001b[0m userRouter.post(ROUTES.USERS.OVERSIGHT, verifyTokenMiddleware, assignManagerToUser);\r\n\u001b[7m  \u001b[0m \u001b[91m                                                               ~~~~~~~~~~~~~~~~~~~\u001b[0m\r\n\n    at createTSError (N:\\Interviewed Tasks\\Infinity Solution\\server_v1\\node_modules\\ts-node\\src\\index.ts:859:12)\n    at reportTSError (N:\\Interviewed Tasks\\Infinity Solution\\server_v1\\node_modules\\ts-node\\src\\index.ts:863:19)\n    at getOutput (N:\\Interviewed Tasks\\Infinity Solution\\server_v1\\node_modules\\ts-node\\src\\index.ts:1077:36)\n    at Object.compile (N:\\Interviewed Tasks\\Infinity Solution\\server_v1\\node_modules\\ts-node\\src\\index.ts:1433:41)\n    at Module.m._compile (N:\\Interviewed Tasks\\Infinity Solution\\server_v1\\node_modules\\ts-node\\src\\index.ts:1617:30)\n    at node:internal/modules/cjs/loader:1689:10\n    at Object.require.extensions.<computed> [as .ts] (N:\\Interviewed Tasks\\Infinity Solution\\server_v1\\node_modules\\ts-node\\src\\index.ts:1621:12)\n    at Module.load (node:internal/modules/cjs/loader:1318:32)\n    at Function._load (node:internal/modules/cjs/loader:1128:12)\n    at TracingChannel.traceSync (node:diagnostics_channel:315:14)","timestamp":"2024-11-11T06:49:44.451Z","trace":[{"column":12,"file":"N:\\Interviewed Tasks\\Infinity Solution\\server_v1\\node_modules\\ts-node\\src\\index.ts","function":"createTSError","line":859,"method":null,"native":false},{"column":19,"file":"N:\\Interviewed Tasks\\Infinity Solution\\server_v1\\node_modules\\ts-node\\src\\index.ts","function":"reportTSError","line":863,"method":null,"native":false},{"column":36,"file":"N:\\Interviewed Tasks\\Infinity Solution\\server_v1\\node_modules\\ts-node\\src\\index.ts","function":"getOutput","line":1077,"method":null,"native":false},{"column":41,"file":"N:\\Interviewed Tasks\\Infinity Solution\\server_v1\\node_modules\\ts-node\\src\\index.ts","function":"Object.compile","line":1433,"method":"compile","native":false},{"column":30,"file":"N:\\Interviewed Tasks\\Infinity Solution\\server_v1\\node_modules\\ts-node\\src\\index.ts","function":"Module.m._compile","line":1617,"method":"_compile","native":false},{"column":10,"file":"node:internal/modules/cjs/loader","function":null,"line":1689,"method":null,"native":false},{"column":12,"file":"N:\\Interviewed Tasks\\Infinity Solution\\server_v1\\node_modules\\ts-node\\src\\index.ts","function":"Object.require.extensions.<computed> [as .ts]","line":1621,"method":"ts]","native":false},{"column":32,"file":"node:internal/modules/cjs/loader","function":"Module.load","line":1318,"method":"load","native":false},{"column":12,"file":"node:internal/modules/cjs/loader","function":"Function._load","line":1128,"method":"_load","native":false},{"column":14,"file":"node:diagnostics_channel","function":"TracingChannel.traceSync","line":315,"method":"traceSync","native":false}]}
{"date":"Mon Nov 11 2024 12:17:50 GMT+0500 (Pakistan Standard Time)","error":{"diagnosticCodes":[2724]},"exception":true,"level":"error","message":"uncaughtException: ⨯ Unable to compile TypeScript:\n\u001b[96msrc/routes/users.ts\u001b[0m:\u001b[93m2\u001b[0m:\u001b[93m10\u001b[0m - \u001b[91merror\u001b[0m\u001b[90m TS2724: \u001b[0m'\"@/controller/users\"' has no exported member named 'assignManagerToUser'. Did you mean 'assignManagerToUsers'?\r\n\r\n\u001b[7m2\u001b[0m import { assignManagerToUser, getUserByToken, getUsers } from \"@/controller/users\";\r\n\u001b[7m \u001b[0m \u001b[91m         ~~~~~~~~~~~~~~~~~~~\u001b[0m\r\n\r\n  \u001b[96msrc/controller/users/index.ts\u001b[0m:\u001b[93m122\u001b[0m:\u001b[93m14\u001b[0m\r\n    \u001b[7m122\u001b[0m export const assignManagerToUsers = async (\r\n    \u001b[7m   \u001b[0m \u001b[96m             ~~~~~~~~~~~~~~~~~~~~\u001b[0m\r\n    'assignManagerToUsers' is declared here.\r\n\nTSError: ⨯ Unable to compile TypeScript:\n\u001b[96msrc/routes/users.ts\u001b[0m:\u001b[93m2\u001b[0m:\u001b[93m10\u001b[0m - \u001b[91merror\u001b[0m\u001b[90m TS2724: \u001b[0m'\"@/controller/users\"' has no exported member named 'assignManagerToUser'. Did you mean 'assignManagerToUsers'?\r\n\r\n\u001b[7m2\u001b[0m import { assignManagerToUser, getUserByToken, getUsers } from \"@/controller/users\";\r\n\u001b[7m \u001b[0m \u001b[91m         ~~~~~~~~~~~~~~~~~~~\u001b[0m\r\n\r\n  \u001b[96msrc/controller/users/index.ts\u001b[0m:\u001b[93m122\u001b[0m:\u001b[93m14\u001b[0m\r\n    \u001b[7m122\u001b[0m export const assignManagerToUsers = async (\r\n    \u001b[7m   \u001b[0m \u001b[96m             ~~~~~~~~~~~~~~~~~~~~\u001b[0m\r\n    'assignManagerToUsers' is declared here.\r\n\n    at createTSError (N:\\Interviewed Tasks\\Infinity Solution\\server_v1\\node_modules\\ts-node\\src\\index.ts:859:12)\n    at reportTSError (N:\\Interviewed Tasks\\Infinity Solution\\server_v1\\node_modules\\ts-node\\src\\index.ts:863:19)\n    at getOutput (N:\\Interviewed Tasks\\Infinity Solution\\server_v1\\node_modules\\ts-node\\src\\index.ts:1077:36)\n    at Object.compile (N:\\Interviewed Tasks\\Infinity Solution\\server_v1\\node_modules\\ts-node\\src\\index.ts:1433:41)\n    at Module.m._compile (N:\\Interviewed Tasks\\Infinity Solution\\server_v1\\node_modules\\ts-node\\src\\index.ts:1617:30)\n    at node:internal/modules/cjs/loader:1689:10\n    at Object.require.extensions.<computed> [as .ts] (N:\\Interviewed Tasks\\Infinity Solution\\server_v1\\node_modules\\ts-node\\src\\index.ts:1621:12)\n    at Module.load (node:internal/modules/cjs/loader:1318:32)\n    at Function._load (node:internal/modules/cjs/loader:1128:12)\n    at TracingChannel.traceSync (node:diagnostics_channel:315:14)","os":{"loadavg":[0,0,0],"uptime":162813.562},"process":{"argv":["N:\\Interviewed Tasks\\Infinity Solution\\server_v1\\node_modules\\ts-node\\dist\\bin.js","N:\\Interviewed Tasks\\Infinity Solution\\server_v1\\src\\server.ts"],"cwd":"N:\\Interviewed Tasks\\Infinity Solution\\server_v1","execPath":"C:\\Program Files\\nodejs\\node.exe","gid":null,"memoryUsage":{"arrayBuffers":4884155,"external":7798106,"heapTotal":210677760,"heapUsed":174765072,"rss":259866624},"pid":26800,"uid":null,"version":"v22.11.0"},"service":"user-service","stack":"TSError: ⨯ Unable to compile TypeScript:\n\u001b[96msrc/routes/users.ts\u001b[0m:\u001b[93m2\u001b[0m:\u001b[93m10\u001b[0m - \u001b[91merror\u001b[0m\u001b[90m TS2724: \u001b[0m'\"@/controller/users\"' has no exported member named 'assignManagerToUser'. Did you mean 'assignManagerToUsers'?\r\n\r\n\u001b[7m2\u001b[0m import { assignManagerToUser, getUserByToken, getUsers } from \"@/controller/users\";\r\n\u001b[7m \u001b[0m \u001b[91m         ~~~~~~~~~~~~~~~~~~~\u001b[0m\r\n\r\n  \u001b[96msrc/controller/users/index.ts\u001b[0m:\u001b[93m122\u001b[0m:\u001b[93m14\u001b[0m\r\n    \u001b[7m122\u001b[0m export const assignManagerToUsers = async (\r\n    \u001b[7m   \u001b[0m \u001b[96m             ~~~~~~~~~~~~~~~~~~~~\u001b[0m\r\n    'assignManagerToUsers' is declared here.\r\n\n    at createTSError (N:\\Interviewed Tasks\\Infinity Solution\\server_v1\\node_modules\\ts-node\\src\\index.ts:859:12)\n    at reportTSError (N:\\Interviewed Tasks\\Infinity Solution\\server_v1\\node_modules\\ts-node\\src\\index.ts:863:19)\n    at getOutput (N:\\Interviewed Tasks\\Infinity Solution\\server_v1\\node_modules\\ts-node\\src\\index.ts:1077:36)\n    at Object.compile (N:\\Interviewed Tasks\\Infinity Solution\\server_v1\\node_modules\\ts-node\\src\\index.ts:1433:41)\n    at Module.m._compile (N:\\Interviewed Tasks\\Infinity Solution\\server_v1\\node_modules\\ts-node\\src\\index.ts:1617:30)\n    at node:internal/modules/cjs/loader:1689:10\n    at Object.require.extensions.<computed> [as .ts] (N:\\Interviewed Tasks\\Infinity Solution\\server_v1\\node_modules\\ts-node\\src\\index.ts:1621:12)\n    at Module.load (node:internal/modules/cjs/loader:1318:32)\n    at Function._load (node:internal/modules/cjs/loader:1128:12)\n    at TracingChannel.traceSync (node:diagnostics_channel:315:14)","timestamp":"2024-11-11T07:17:50.599Z","trace":[{"column":12,"file":"N:\\Interviewed Tasks\\Infinity Solution\\server_v1\\node_modules\\ts-node\\src\\index.ts","function":"createTSError","line":859,"method":null,"native":false},{"column":19,"file":"N:\\Interviewed Tasks\\Infinity Solution\\server_v1\\node_modules\\ts-node\\src\\index.ts","function":"reportTSError","line":863,"method":null,"native":false},{"column":36,"file":"N:\\Interviewed Tasks\\Infinity Solution\\server_v1\\node_modules\\ts-node\\src\\index.ts","function":"getOutput","line":1077,"method":null,"native":false},{"column":41,"file":"N:\\Interviewed Tasks\\Infinity Solution\\server_v1\\node_modules\\ts-node\\src\\index.ts","function":"Object.compile","line":1433,"method":"compile","native":false},{"column":30,"file":"N:\\Interviewed Tasks\\Infinity Solution\\server_v1\\node_modules\\ts-node\\src\\index.ts","function":"Module.m._compile","line":1617,"method":"_compile","native":false},{"column":10,"file":"node:internal/modules/cjs/loader","function":null,"line":1689,"method":null,"native":false},{"column":12,"file":"N:\\Interviewed Tasks\\Infinity Solution\\server_v1\\node_modules\\ts-node\\src\\index.ts","function":"Object.require.extensions.<computed> [as .ts]","line":1621,"method":"ts]","native":false},{"column":32,"file":"node:internal/modules/cjs/loader","function":"Module.load","line":1318,"method":"load","native":false},{"column":12,"file":"node:internal/modules/cjs/loader","function":"Function._load","line":1128,"method":"_load","native":false},{"column":14,"file":"node:diagnostics_channel","function":"TracingChannel.traceSync","line":315,"method":"traceSync","native":false}]}
{"date":"Mon Nov 11 2024 12:18:02 GMT+0500 (Pakistan Standard Time)","error":{"diagnosticCodes":[2724]},"exception":true,"level":"error","message":"uncaughtException: ⨯ Unable to compile TypeScript:\n\u001b[96msrc/routes/users.ts\u001b[0m:\u001b[93m2\u001b[0m:\u001b[93m10\u001b[0m - \u001b[91merror\u001b[0m\u001b[90m TS2724: \u001b[0m'\"@/controller/users\"' has no exported member named 'assignManagerToUser'. Did you mean 'assignManagerToUsers'?\r\n\r\n\u001b[7m2\u001b[0m import { assignManagerToUser, getUserByToken, getUsers } from \"@/controller/users\";\r\n\u001b[7m \u001b[0m \u001b[91m         ~~~~~~~~~~~~~~~~~~~\u001b[0m\r\n\r\n  \u001b[96msrc/controller/users/index.ts\u001b[0m:\u001b[93m122\u001b[0m:\u001b[93m14\u001b[0m\r\n    \u001b[7m122\u001b[0m export const assignManagerToUsers = async (\r\n    \u001b[7m   \u001b[0m \u001b[96m             ~~~~~~~~~~~~~~~~~~~~\u001b[0m\r\n    'assignManagerToUsers' is declared here.\r\n\nTSError: ⨯ Unable to compile TypeScript:\n\u001b[96msrc/routes/users.ts\u001b[0m:\u001b[93m2\u001b[0m:\u001b[93m10\u001b[0m - \u001b[91merror\u001b[0m\u001b[90m TS2724: \u001b[0m'\"@/controller/users\"' has no exported member named 'assignManagerToUser'. Did you mean 'assignManagerToUsers'?\r\n\r\n\u001b[7m2\u001b[0m import { assignManagerToUser, getUserByToken, getUsers } from \"@/controller/users\";\r\n\u001b[7m \u001b[0m \u001b[91m         ~~~~~~~~~~~~~~~~~~~\u001b[0m\r\n\r\n  \u001b[96msrc/controller/users/index.ts\u001b[0m:\u001b[93m122\u001b[0m:\u001b[93m14\u001b[0m\r\n    \u001b[7m122\u001b[0m export const assignManagerToUsers = async (\r\n    \u001b[7m   \u001b[0m \u001b[96m             ~~~~~~~~~~~~~~~~~~~~\u001b[0m\r\n    'assignManagerToUsers' is declared here.\r\n\n    at createTSError (N:\\Interviewed Tasks\\Infinity Solution\\server_v1\\node_modules\\ts-node\\src\\index.ts:859:12)\n    at reportTSError (N:\\Interviewed Tasks\\Infinity Solution\\server_v1\\node_modules\\ts-node\\src\\index.ts:863:19)\n    at getOutput (N:\\Interviewed Tasks\\Infinity Solution\\server_v1\\node_modules\\ts-node\\src\\index.ts:1077:36)\n    at Object.compile (N:\\Interviewed Tasks\\Infinity Solution\\server_v1\\node_modules\\ts-node\\src\\index.ts:1433:41)\n    at Module.m._compile (N:\\Interviewed Tasks\\Infinity Solution\\server_v1\\node_modules\\ts-node\\src\\index.ts:1617:30)\n    at node:internal/modules/cjs/loader:1689:10\n    at Object.require.extensions.<computed> [as .ts] (N:\\Interviewed Tasks\\Infinity Solution\\server_v1\\node_modules\\ts-node\\src\\index.ts:1621:12)\n    at Module.load (node:internal/modules/cjs/loader:1318:32)\n    at Function._load (node:internal/modules/cjs/loader:1128:12)\n    at TracingChannel.traceSync (node:diagnostics_channel:315:14)","os":{"loadavg":[0,0,0],"uptime":162825.546},"process":{"argv":["N:\\Interviewed Tasks\\Infinity Solution\\server_v1\\node_modules\\ts-node\\dist\\bin.js","N:\\Interviewed Tasks\\Infinity Solution\\server_v1\\src\\server.ts"],"cwd":"N:\\Interviewed Tasks\\Infinity Solution\\server_v1","execPath":"C:\\Program Files\\nodejs\\node.exe","gid":null,"memoryUsage":{"arrayBuffers":4848287,"external":7762238,"heapTotal":209891328,"heapUsed":177479968,"rss":258969600},"pid":25596,"uid":null,"version":"v22.11.0"},"service":"user-service","stack":"TSError: ⨯ Unable to compile TypeScript:\n\u001b[96msrc/routes/users.ts\u001b[0m:\u001b[93m2\u001b[0m:\u001b[93m10\u001b[0m - \u001b[91merror\u001b[0m\u001b[90m TS2724: \u001b[0m'\"@/controller/users\"' has no exported member named 'assignManagerToUser'. Did you mean 'assignManagerToUsers'?\r\n\r\n\u001b[7m2\u001b[0m import { assignManagerToUser, getUserByToken, getUsers } from \"@/controller/users\";\r\n\u001b[7m \u001b[0m \u001b[91m         ~~~~~~~~~~~~~~~~~~~\u001b[0m\r\n\r\n  \u001b[96msrc/controller/users/index.ts\u001b[0m:\u001b[93m122\u001b[0m:\u001b[93m14\u001b[0m\r\n    \u001b[7m122\u001b[0m export const assignManagerToUsers = async (\r\n    \u001b[7m   \u001b[0m \u001b[96m             ~~~~~~~~~~~~~~~~~~~~\u001b[0m\r\n    'assignManagerToUsers' is declared here.\r\n\n    at createTSError (N:\\Interviewed Tasks\\Infinity Solution\\server_v1\\node_modules\\ts-node\\src\\index.ts:859:12)\n    at reportTSError (N:\\Interviewed Tasks\\Infinity Solution\\server_v1\\node_modules\\ts-node\\src\\index.ts:863:19)\n    at getOutput (N:\\Interviewed Tasks\\Infinity Solution\\server_v1\\node_modules\\ts-node\\src\\index.ts:1077:36)\n    at Object.compile (N:\\Interviewed Tasks\\Infinity Solution\\server_v1\\node_modules\\ts-node\\src\\index.ts:1433:41)\n    at Module.m._compile (N:\\Interviewed Tasks\\Infinity Solution\\server_v1\\node_modules\\ts-node\\src\\index.ts:1617:30)\n    at node:internal/modules/cjs/loader:1689:10\n    at Object.require.extensions.<computed> [as .ts] (N:\\Interviewed Tasks\\Infinity Solution\\server_v1\\node_modules\\ts-node\\src\\index.ts:1621:12)\n    at Module.load (node:internal/modules/cjs/loader:1318:32)\n    at Function._load (node:internal/modules/cjs/loader:1128:12)\n    at TracingChannel.traceSync (node:diagnostics_channel:315:14)","timestamp":"2024-11-11T07:18:02.588Z","trace":[{"column":12,"file":"N:\\Interviewed Tasks\\Infinity Solution\\server_v1\\node_modules\\ts-node\\src\\index.ts","function":"createTSError","line":859,"method":null,"native":false},{"column":19,"file":"N:\\Interviewed Tasks\\Infinity Solution\\server_v1\\node_modules\\ts-node\\src\\index.ts","function":"reportTSError","line":863,"method":null,"native":false},{"column":36,"file":"N:\\Interviewed Tasks\\Infinity Solution\\server_v1\\node_modules\\ts-node\\src\\index.ts","function":"getOutput","line":1077,"method":null,"native":false},{"column":41,"file":"N:\\Interviewed Tasks\\Infinity Solution\\server_v1\\node_modules\\ts-node\\src\\index.ts","function":"Object.compile","line":1433,"method":"compile","native":false},{"column":30,"file":"N:\\Interviewed Tasks\\Infinity Solution\\server_v1\\node_modules\\ts-node\\src\\index.ts","function":"Module.m._compile","line":1617,"method":"_compile","native":false},{"column":10,"file":"node:internal/modules/cjs/loader","function":null,"line":1689,"method":null,"native":false},{"column":12,"file":"N:\\Interviewed Tasks\\Infinity Solution\\server_v1\\node_modules\\ts-node\\src\\index.ts","function":"Object.require.extensions.<computed> [as .ts]","line":1621,"method":"ts]","native":false},{"column":32,"file":"node:internal/modules/cjs/loader","function":"Module.load","line":1318,"method":"load","native":false},{"column":12,"file":"node:internal/modules/cjs/loader","function":"Function._load","line":1128,"method":"_load","native":false},{"column":14,"file":"node:diagnostics_channel","function":"TracingChannel.traceSync","line":315,"method":"traceSync","native":false}]}
{"date":"Mon Nov 11 2024 12:30:36 GMT+0500 (Pakistan Standard Time)","error":{"diagnosticCodes":[2304,2304]},"exception":true,"level":"error","message":"uncaughtException: ⨯ Unable to compile TypeScript:\n\u001b[96msrc/controller/users/index.ts\u001b[0m:\u001b[93m214\u001b[0m:\u001b[93m27\u001b[0m - \u001b[91merror\u001b[0m\u001b[90m TS2304: \u001b[0mCannot find name 'prismaClient'.\r\n\r\n\u001b[7m214\u001b[0m     const manager = await prismaClient.user.findUnique({\r\n\u001b[7m   \u001b[0m \u001b[91m                          ~~~~~~~~~~~~\u001b[0m\r\n\u001b[96msrc/controller/users/index.ts\u001b[0m:\u001b[93m224\u001b[0m:\u001b[93m25\u001b[0m - \u001b[91merror\u001b[0m\u001b[90m TS2304: \u001b[0mCannot find name 'prismaClient'.\r\n\r\n\u001b[7m224\u001b[0m     const tasks = await prismaClient.task.findMany({\r\n\u001b[7m   \u001b[0m \u001b[91m                        ~~~~~~~~~~~~\u001b[0m\r\n\nTSError: ⨯ Unable to compile TypeScript:\n\u001b[96msrc/controller/users/index.ts\u001b[0m:\u001b[93m214\u001b[0m:\u001b[93m27\u001b[0m - \u001b[91merror\u001b[0m\u001b[90m TS2304: \u001b[0mCannot find name 'prismaClient'.\r\n\r\n\u001b[7m214\u001b[0m     const manager = await prismaClient.user.findUnique({\r\n\u001b[7m   \u001b[0m \u001b[91m                          ~~~~~~~~~~~~\u001b[0m\r\n\u001b[96msrc/controller/users/index.ts\u001b[0m:\u001b[93m224\u001b[0m:\u001b[93m25\u001b[0m - \u001b[91merror\u001b[0m\u001b[90m TS2304: \u001b[0mCannot find name 'prismaClient'.\r\n\r\n\u001b[7m224\u001b[0m     const tasks = await prismaClient.task.findMany({\r\n\u001b[7m   \u001b[0m \u001b[91m                        ~~~~~~~~~~~~\u001b[0m\r\n\n    at createTSError (N:\\Interviewed Tasks\\Infinity Solution\\server_v1\\node_modules\\ts-node\\src\\index.ts:859:12)\n    at reportTSError (N:\\Interviewed Tasks\\Infinity Solution\\server_v1\\node_modules\\ts-node\\src\\index.ts:863:19)\n    at getOutput (N:\\Interviewed Tasks\\Infinity Solution\\server_v1\\node_modules\\ts-node\\src\\index.ts:1077:36)\n    at Object.compile (N:\\Interviewed Tasks\\Infinity Solution\\server_v1\\node_modules\\ts-node\\src\\index.ts:1433:41)\n    at Module.m._compile (N:\\Interviewed Tasks\\Infinity Solution\\server_v1\\node_modules\\ts-node\\src\\index.ts:1617:30)\n    at node:internal/modules/cjs/loader:1689:10\n    at Object.require.extensions.<computed> [as .ts] (N:\\Interviewed Tasks\\Infinity Solution\\server_v1\\node_modules\\ts-node\\src\\index.ts:1621:12)\n    at Module.load (node:internal/modules/cjs/loader:1318:32)\n    at Function._load (node:internal/modules/cjs/loader:1128:12)\n    at TracingChannel.traceSync (node:diagnostics_channel:315:14)","os":{"loadavg":[0,0,0],"uptime":163579.375},"process":{"argv":["N:\\Interviewed Tasks\\Infinity Solution\\server_v1\\node_modules\\ts-node\\dist\\bin.js","N:\\Interviewed Tasks\\Infinity Solution\\server_v1\\src\\server.ts"],"cwd":"N:\\Interviewed Tasks\\Infinity Solution\\server_v1","execPath":"C:\\Program Files\\nodejs\\node.exe","gid":null,"memoryUsage":{"arrayBuffers":4884251,"external":7798202,"heapTotal":211202048,"heapUsed":186089664,"rss":262770688},"pid":22080,"uid":null,"version":"v22.11.0"},"service":"user-service","stack":"TSError: ⨯ Unable to compile TypeScript:\n\u001b[96msrc/controller/users/index.ts\u001b[0m:\u001b[93m214\u001b[0m:\u001b[93m27\u001b[0m - \u001b[91merror\u001b[0m\u001b[90m TS2304: \u001b[0mCannot find name 'prismaClient'.\r\n\r\n\u001b[7m214\u001b[0m     const manager = await prismaClient.user.findUnique({\r\n\u001b[7m   \u001b[0m \u001b[91m                          ~~~~~~~~~~~~\u001b[0m\r\n\u001b[96msrc/controller/users/index.ts\u001b[0m:\u001b[93m224\u001b[0m:\u001b[93m25\u001b[0m - \u001b[91merror\u001b[0m\u001b[90m TS2304: \u001b[0mCannot find name 'prismaClient'.\r\n\r\n\u001b[7m224\u001b[0m     const tasks = await prismaClient.task.findMany({\r\n\u001b[7m   \u001b[0m \u001b[91m                        ~~~~~~~~~~~~\u001b[0m\r\n\n    at createTSError (N:\\Interviewed Tasks\\Infinity Solution\\server_v1\\node_modules\\ts-node\\src\\index.ts:859:12)\n    at reportTSError (N:\\Interviewed Tasks\\Infinity Solution\\server_v1\\node_modules\\ts-node\\src\\index.ts:863:19)\n    at getOutput (N:\\Interviewed Tasks\\Infinity Solution\\server_v1\\node_modules\\ts-node\\src\\index.ts:1077:36)\n    at Object.compile (N:\\Interviewed Tasks\\Infinity Solution\\server_v1\\node_modules\\ts-node\\src\\index.ts:1433:41)\n    at Module.m._compile (N:\\Interviewed Tasks\\Infinity Solution\\server_v1\\node_modules\\ts-node\\src\\index.ts:1617:30)\n    at node:internal/modules/cjs/loader:1689:10\n    at Object.require.extensions.<computed> [as .ts] (N:\\Interviewed Tasks\\Infinity Solution\\server_v1\\node_modules\\ts-node\\src\\index.ts:1621:12)\n    at Module.load (node:internal/modules/cjs/loader:1318:32)\n    at Function._load (node:internal/modules/cjs/loader:1128:12)\n    at TracingChannel.traceSync (node:diagnostics_channel:315:14)","timestamp":"2024-11-11T07:30:36.408Z","trace":[{"column":12,"file":"N:\\Interviewed Tasks\\Infinity Solution\\server_v1\\node_modules\\ts-node\\src\\index.ts","function":"createTSError","line":859,"method":null,"native":false},{"column":19,"file":"N:\\Interviewed Tasks\\Infinity Solution\\server_v1\\node_modules\\ts-node\\src\\index.ts","function":"reportTSError","line":863,"method":null,"native":false},{"column":36,"file":"N:\\Interviewed Tasks\\Infinity Solution\\server_v1\\node_modules\\ts-node\\src\\index.ts","function":"getOutput","line":1077,"method":null,"native":false},{"column":41,"file":"N:\\Interviewed Tasks\\Infinity Solution\\server_v1\\node_modules\\ts-node\\src\\index.ts","function":"Object.compile","line":1433,"method":"compile","native":false},{"column":30,"file":"N:\\Interviewed Tasks\\Infinity Solution\\server_v1\\node_modules\\ts-node\\src\\index.ts","function":"Module.m._compile","line":1617,"method":"_compile","native":false},{"column":10,"file":"node:internal/modules/cjs/loader","function":null,"line":1689,"method":null,"native":false},{"column":12,"file":"N:\\Interviewed Tasks\\Infinity Solution\\server_v1\\node_modules\\ts-node\\src\\index.ts","function":"Object.require.extensions.<computed> [as .ts]","line":1621,"method":"ts]","native":false},{"column":32,"file":"node:internal/modules/cjs/loader","function":"Module.load","line":1318,"method":"load","native":false},{"column":12,"file":"node:internal/modules/cjs/loader","function":"Function._load","line":1128,"method":"_load","native":false},{"column":14,"file":"node:diagnostics_channel","function":"TracingChannel.traceSync","line":315,"method":"traceSync","native":false}]}
{"date":"Mon Nov 11 2024 12:30:51 GMT+0500 (Pakistan Standard Time)","error":{"diagnosticCodes":[2353]},"exception":true,"level":"error","message":"uncaughtException: ⨯ Unable to compile TypeScript:\n\u001b[96msrc/controller/users/index.ts\u001b[0m:\u001b[93m227\u001b[0m:\u001b[93m11\u001b[0m - \u001b[91merror\u001b[0m\u001b[90m TS2353: \u001b[0mObject literal may only specify known properties, and 'overseenBy' does not exist in type '(Without<UserRelationFilter, UserWhereInput> & UserWhereInput) | (Without<UserWhereInput, UserRelationFilter> & UserRelationFilter)'.\r\n\r\n\u001b[7m227\u001b[0m           overseenBy: {\r\n\u001b[7m   \u001b[0m \u001b[91m          ~~~~~~~~~~\u001b[0m\r\n\nTSError: ⨯ Unable to compile TypeScript:\n\u001b[96msrc/controller/users/index.ts\u001b[0m:\u001b[93m227\u001b[0m:\u001b[93m11\u001b[0m - \u001b[91merror\u001b[0m\u001b[90m TS2353: \u001b[0mObject literal may only specify known properties, and 'overseenBy' does not exist in type '(Without<UserRelationFilter, UserWhereInput> & UserWhereInput) | (Without<UserWhereInput, UserRelationFilter> & UserRelationFilter)'.\r\n\r\n\u001b[7m227\u001b[0m           overseenBy: {\r\n\u001b[7m   \u001b[0m \u001b[91m          ~~~~~~~~~~\u001b[0m\r\n\n    at createTSError (N:\\Interviewed Tasks\\Infinity Solution\\server_v1\\node_modules\\ts-node\\src\\index.ts:859:12)\n    at reportTSError (N:\\Interviewed Tasks\\Infinity Solution\\server_v1\\node_modules\\ts-node\\src\\index.ts:863:19)\n    at getOutput (N:\\Interviewed Tasks\\Infinity Solution\\server_v1\\node_modules\\ts-node\\src\\index.ts:1077:36)\n    at Object.compile (N:\\Interviewed Tasks\\Infinity Solution\\server_v1\\node_modules\\ts-node\\src\\index.ts:1433:41)\n    at Module.m._compile (N:\\Interviewed Tasks\\Infinity Solution\\server_v1\\node_modules\\ts-node\\src\\index.ts:1617:30)\n    at node:internal/modules/cjs/loader:1689:10\n    at Object.require.extensions.<computed> [as .ts] (N:\\Interviewed Tasks\\Infinity Solution\\server_v1\\node_modules\\ts-node\\src\\index.ts:1621:12)\n    at Module.load (node:internal/modules/cjs/loader:1318:32)\n    at Function._load (node:internal/modules/cjs/loader:1128:12)\n    at TracingChannel.traceSync (node:diagnostics_channel:315:14)","os":{"loadavg":[0,0,0],"uptime":163594.406},"process":{"argv":["N:\\Interviewed Tasks\\Infinity Solution\\server_v1\\node_modules\\ts-node\\dist\\bin.js","N:\\Interviewed Tasks\\Infinity Solution\\server_v1\\src\\server.ts"],"cwd":"N:\\Interviewed Tasks\\Infinity Solution\\server_v1","execPath":"C:\\Program Files\\nodejs\\node.exe","gid":null,"memoryUsage":{"arrayBuffers":4848407,"external":7762358,"heapTotal":210677760,"heapUsed":183657608,"rss":260292608},"pid":17428,"uid":null,"version":"v22.11.0"},"service":"user-service","stack":"TSError: ⨯ Unable to compile TypeScript:\n\u001b[96msrc/controller/users/index.ts\u001b[0m:\u001b[93m227\u001b[0m:\u001b[93m11\u001b[0m - \u001b[91merror\u001b[0m\u001b[90m TS2353: \u001b[0mObject literal may only specify known properties, and 'overseenBy' does not exist in type '(Without<UserRelationFilter, UserWhereInput> & UserWhereInput) | (Without<UserWhereInput, UserRelationFilter> & UserRelationFilter)'.\r\n\r\n\u001b[7m227\u001b[0m           overseenBy: {\r\n\u001b[7m   \u001b[0m \u001b[91m          ~~~~~~~~~~\u001b[0m\r\n\n    at createTSError (N:\\Interviewed Tasks\\Infinity Solution\\server_v1\\node_modules\\ts-node\\src\\index.ts:859:12)\n    at reportTSError (N:\\Interviewed Tasks\\Infinity Solution\\server_v1\\node_modules\\ts-node\\src\\index.ts:863:19)\n    at getOutput (N:\\Interviewed Tasks\\Infinity Solution\\server_v1\\node_modules\\ts-node\\src\\index.ts:1077:36)\n    at Object.compile (N:\\Interviewed Tasks\\Infinity Solution\\server_v1\\node_modules\\ts-node\\src\\index.ts:1433:41)\n    at Module.m._compile (N:\\Interviewed Tasks\\Infinity Solution\\server_v1\\node_modules\\ts-node\\src\\index.ts:1617:30)\n    at node:internal/modules/cjs/loader:1689:10\n    at Object.require.extensions.<computed> [as .ts] (N:\\Interviewed Tasks\\Infinity Solution\\server_v1\\node_modules\\ts-node\\src\\index.ts:1621:12)\n    at Module.load (node:internal/modules/cjs/loader:1318:32)\n    at Function._load (node:internal/modules/cjs/loader:1128:12)\n    at TracingChannel.traceSync (node:diagnostics_channel:315:14)","timestamp":"2024-11-11T07:30:51.441Z","trace":[{"column":12,"file":"N:\\Interviewed Tasks\\Infinity Solution\\server_v1\\node_modules\\ts-node\\src\\index.ts","function":"createTSError","line":859,"method":null,"native":false},{"column":19,"file":"N:\\Interviewed Tasks\\Infinity Solution\\server_v1\\node_modules\\ts-node\\src\\index.ts","function":"reportTSError","line":863,"method":null,"native":false},{"column":36,"file":"N:\\Interviewed Tasks\\Infinity Solution\\server_v1\\node_modules\\ts-node\\src\\index.ts","function":"getOutput","line":1077,"method":null,"native":false},{"column":41,"file":"N:\\Interviewed Tasks\\Infinity Solution\\server_v1\\node_modules\\ts-node\\src\\index.ts","function":"Object.compile","line":1433,"method":"compile","native":false},{"column":30,"file":"N:\\Interviewed Tasks\\Infinity Solution\\server_v1\\node_modules\\ts-node\\src\\index.ts","function":"Module.m._compile","line":1617,"method":"_compile","native":false},{"column":10,"file":"node:internal/modules/cjs/loader","function":null,"line":1689,"method":null,"native":false},{"column":12,"file":"N:\\Interviewed Tasks\\Infinity Solution\\server_v1\\node_modules\\ts-node\\src\\index.ts","function":"Object.require.extensions.<computed> [as .ts]","line":1621,"method":"ts]","native":false},{"column":32,"file":"node:internal/modules/cjs/loader","function":"Module.load","line":1318,"method":"load","native":false},{"column":12,"file":"node:internal/modules/cjs/loader","function":"Function._load","line":1128,"method":"_load","native":false},{"column":14,"file":"node:diagnostics_channel","function":"TracingChannel.traceSync","line":315,"method":"traceSync","native":false}]}
{"date":"Mon Nov 11 2024 12:37:15 GMT+0500 (Pakistan Standard Time)","error":{"diagnosticCodes":[1109]},"exception":true,"level":"error","message":"uncaughtException: ⨯ Unable to compile TypeScript:\n\u001b[96msrc/constants/routePaths.ts\u001b[0m:\u001b[93m26\u001b[0m:\u001b[93m3\u001b[0m - \u001b[91merror\u001b[0m\u001b[90m TS1109: \u001b[0mExpression expected.\r\n\r\n\u001b[7m26\u001b[0m   },\r\n\u001b[7m  \u001b[0m \u001b[91m  ~\u001b[0m\r\n\nTSError: ⨯ Unable to compile TypeScript:\n\u001b[96msrc/constants/routePaths.ts\u001b[0m:\u001b[93m26\u001b[0m:\u001b[93m3\u001b[0m - \u001b[91merror\u001b[0m\u001b[90m TS1109: \u001b[0mExpression expected.\r\n\r\n\u001b[7m26\u001b[0m   },\r\n\u001b[7m  \u001b[0m \u001b[91m  ~\u001b[0m\r\n\n    at createTSError (N:\\Interviewed Tasks\\Infinity Solution\\server_v1\\node_modules\\ts-node\\src\\index.ts:859:12)\n    at reportTSError (N:\\Interviewed Tasks\\Infinity Solution\\server_v1\\node_modules\\ts-node\\src\\index.ts:863:19)\n    at getOutput (N:\\Interviewed Tasks\\Infinity Solution\\server_v1\\node_modules\\ts-node\\src\\index.ts:1077:36)\n    at Object.compile (N:\\Interviewed Tasks\\Infinity Solution\\server_v1\\node_modules\\ts-node\\src\\index.ts:1433:41)\n    at Module.m._compile (N:\\Interviewed Tasks\\Infinity Solution\\server_v1\\node_modules\\ts-node\\src\\index.ts:1617:30)\n    at node:internal/modules/cjs/loader:1689:10\n    at Object.require.extensions.<computed> [as .ts] (N:\\Interviewed Tasks\\Infinity Solution\\server_v1\\node_modules\\ts-node\\src\\index.ts:1621:12)\n    at Module.load (node:internal/modules/cjs/loader:1318:32)\n    at Function._load (node:internal/modules/cjs/loader:1128:12)\n    at TracingChannel.traceSync (node:diagnostics_channel:315:14)","os":{"loadavg":[0,0,0],"uptime":163978.39},"process":{"argv":["N:\\Interviewed Tasks\\Infinity Solution\\server_v1\\node_modules\\ts-node\\dist\\bin.js","N:\\Interviewed Tasks\\Infinity Solution\\server_v1\\src\\server.ts"],"cwd":"N:\\Interviewed Tasks\\Infinity Solution\\server_v1","execPath":"C:\\Program Files\\nodejs\\node.exe","gid":null,"memoryUsage":{"arrayBuffers":4875851,"external":7789802,"heapTotal":200978432,"heapUsed":179345280,"rss":251621376},"pid":17072,"uid":null,"version":"v22.11.0"},"service":"user-service","stack":"TSError: ⨯ Unable to compile TypeScript:\n\u001b[96msrc/constants/routePaths.ts\u001b[0m:\u001b[93m26\u001b[0m:\u001b[93m3\u001b[0m - \u001b[91merror\u001b[0m\u001b[90m TS1109: \u001b[0mExpression expected.\r\n\r\n\u001b[7m26\u001b[0m   },\r\n\u001b[7m  \u001b[0m \u001b[91m  ~\u001b[0m\r\n\n    at createTSError (N:\\Interviewed Tasks\\Infinity Solution\\server_v1\\node_modules\\ts-node\\src\\index.ts:859:12)\n    at reportTSError (N:\\Interviewed Tasks\\Infinity Solution\\server_v1\\node_modules\\ts-node\\src\\index.ts:863:19)\n    at getOutput (N:\\Interviewed Tasks\\Infinity Solution\\server_v1\\node_modules\\ts-node\\src\\index.ts:1077:36)\n    at Object.compile (N:\\Interviewed Tasks\\Infinity Solution\\server_v1\\node_modules\\ts-node\\src\\index.ts:1433:41)\n    at Module.m._compile (N:\\Interviewed Tasks\\Infinity Solution\\server_v1\\node_modules\\ts-node\\src\\index.ts:1617:30)\n    at node:internal/modules/cjs/loader:1689:10\n    at Object.require.extensions.<computed> [as .ts] (N:\\Interviewed Tasks\\Infinity Solution\\server_v1\\node_modules\\ts-node\\src\\index.ts:1621:12)\n    at Module.load (node:internal/modules/cjs/loader:1318:32)\n    at Function._load (node:internal/modules/cjs/loader:1128:12)\n    at TracingChannel.traceSync (node:diagnostics_channel:315:14)","timestamp":"2024-11-11T07:37:15.434Z","trace":[{"column":12,"file":"N:\\Interviewed Tasks\\Infinity Solution\\server_v1\\node_modules\\ts-node\\src\\index.ts","function":"createTSError","line":859,"method":null,"native":false},{"column":19,"file":"N:\\Interviewed Tasks\\Infinity Solution\\server_v1\\node_modules\\ts-node\\src\\index.ts","function":"reportTSError","line":863,"method":null,"native":false},{"column":36,"file":"N:\\Interviewed Tasks\\Infinity Solution\\server_v1\\node_modules\\ts-node\\src\\index.ts","function":"getOutput","line":1077,"method":null,"native":false},{"column":41,"file":"N:\\Interviewed Tasks\\Infinity Solution\\server_v1\\node_modules\\ts-node\\src\\index.ts","function":"Object.compile","line":1433,"method":"compile","native":false},{"column":30,"file":"N:\\Interviewed Tasks\\Infinity Solution\\server_v1\\node_modules\\ts-node\\src\\index.ts","function":"Module.m._compile","line":1617,"method":"_compile","native":false},{"column":10,"file":"node:internal/modules/cjs/loader","function":null,"line":1689,"method":null,"native":false},{"column":12,"file":"N:\\Interviewed Tasks\\Infinity Solution\\server_v1\\node_modules\\ts-node\\src\\index.ts","function":"Object.require.extensions.<computed> [as .ts]","line":1621,"method":"ts]","native":false},{"column":32,"file":"node:internal/modules/cjs/loader","function":"Module.load","line":1318,"method":"load","native":false},{"column":12,"file":"node:internal/modules/cjs/loader","function":"Function._load","line":1128,"method":"_load","native":false},{"column":14,"file":"node:diagnostics_channel","function":"TracingChannel.traceSync","line":315,"method":"traceSync","native":false}]}
{"date":"Mon Nov 11 2024 12:45:38 GMT+0500 (Pakistan Standard Time)","error":{"diagnosticCodes":[2304,2304,7006,2304,7006]},"exception":true,"level":"error","message":"uncaughtException: ⨯ Unable to compile TypeScript:\n\u001b[96msrc/controller/users/index.ts\u001b[0m:\u001b[93m214\u001b[0m:\u001b[93m27\u001b[0m - \u001b[91merror\u001b[0m\u001b[90m TS2304: \u001b[0mCannot find name 'prismaClient'.\r\n\r\n\u001b[7m214\u001b[0m     const manager = await prismaClient.user.findUnique({\r\n\u001b[7m   \u001b[0m \u001b[91m                          ~~~~~~~~~~~~\u001b[0m\r\n\u001b[96msrc/controller/users/index.ts\u001b[0m:\u001b[93m224\u001b[0m:\u001b[93m33\u001b[0m - \u001b[91merror\u001b[0m\u001b[90m TS2304: \u001b[0mCannot find name 'prismaClient'.\r\n\r\n\u001b[7m224\u001b[0m     const overseenUsers = await prismaClient.oversight.findMany({\r\n\u001b[7m   \u001b[0m \u001b[91m                                ~~~~~~~~~~~~\u001b[0m\r\n\u001b[96msrc/controller/users/index.ts\u001b[0m:\u001b[93m229\u001b[0m:\u001b[93m40\u001b[0m - \u001b[91merror\u001b[0m\u001b[90m TS7006: \u001b[0mParameter 'oversight' implicitly has an 'any' type.\r\n\r\n\u001b[7m229\u001b[0m     const userIds = overseenUsers.map((oversight) => oversight.userId);\r\n\u001b[7m   \u001b[0m \u001b[91m                                       ~~~~~~~~~\u001b[0m\r\n\u001b[96msrc/controller/users/index.ts\u001b[0m:\u001b[93m238\u001b[0m:\u001b[93m25\u001b[0m - \u001b[91merror\u001b[0m\u001b[90m TS2304: \u001b[0mCannot find name 'prismaClient'.\r\n\r\n\u001b[7m238\u001b[0m     const tasks = await prismaClient.task.findMany({\r\n\u001b[7m   \u001b[0m \u001b[91m                        ~~~~~~~~~~~~\u001b[0m\r\n\u001b[96msrc/controller/users/index.ts\u001b[0m:\u001b[93m250\u001b[0m:\u001b[93m25\u001b[0m - \u001b[91merror\u001b[0m\u001b[90m TS7006: \u001b[0mParameter 'task' implicitly has an 'any' type.\r\n\r\n\u001b[7m250\u001b[0m       tasks: tasks.map((task) => ({\r\n\u001b[7m   \u001b[0m \u001b[91m                        ~~~~\u001b[0m\r\n\nTSError: ⨯ Unable to compile TypeScript:\n\u001b[96msrc/controller/users/index.ts\u001b[0m:\u001b[93m214\u001b[0m:\u001b[93m27\u001b[0m - \u001b[91merror\u001b[0m\u001b[90m TS2304: \u001b[0mCannot find name 'prismaClient'.\r\n\r\n\u001b[7m214\u001b[0m     const manager = await prismaClient.user.findUnique({\r\n\u001b[7m   \u001b[0m \u001b[91m                          ~~~~~~~~~~~~\u001b[0m\r\n\u001b[96msrc/controller/users/index.ts\u001b[0m:\u001b[93m224\u001b[0m:\u001b[93m33\u001b[0m - \u001b[91merror\u001b[0m\u001b[90m TS2304: \u001b[0mCannot find name 'prismaClient'.\r\n\r\n\u001b[7m224\u001b[0m     const overseenUsers = await prismaClient.oversight.findMany({\r\n\u001b[7m   \u001b[0m \u001b[91m                                ~~~~~~~~~~~~\u001b[0m\r\n\u001b[96msrc/controller/users/index.ts\u001b[0m:\u001b[93m229\u001b[0m:\u001b[93m40\u001b[0m - \u001b[91merror\u001b[0m\u001b[90m TS7006: \u001b[0mParameter 'oversight' implicitly has an 'any' type.\r\n\r\n\u001b[7m229\u001b[0m     const userIds = overseenUsers.map((oversight) => oversight.userId);\r\n\u001b[7m   \u001b[0m \u001b[91m                                       ~~~~~~~~~\u001b[0m\r\n\u001b[96msrc/controller/users/index.ts\u001b[0m:\u001b[93m238\u001b[0m:\u001b[93m25\u001b[0m - \u001b[91merror\u001b[0m\u001b[90m TS2304: \u001b[0mCannot find name 'prismaClient'.\r\n\r\n\u001b[7m238\u001b[0m     const tasks = await prismaClient.task.findMany({\r\n\u001b[7m   \u001b[0m \u001b[91m                        ~~~~~~~~~~~~\u001b[0m\r\n\u001b[96msrc/controller/users/index.ts\u001b[0m:\u001b[93m250\u001b[0m:\u001b[93m25\u001b[0m - \u001b[91merror\u001b[0m\u001b[90m TS7006: \u001b[0mParameter 'task' implicitly has an 'any' type.\r\n\r\n\u001b[7m250\u001b[0m       tasks: tasks.map((task) => ({\r\n\u001b[7m   \u001b[0m \u001b[91m                        ~~~~\u001b[0m\r\n\n    at createTSError (N:\\Interviewed Tasks\\Infinity Solution\\server_v1\\node_modules\\ts-node\\src\\index.ts:859:12)\n    at reportTSError (N:\\Interviewed Tasks\\Infinity Solution\\server_v1\\node_modules\\ts-node\\src\\index.ts:863:19)\n    at getOutput (N:\\Interviewed Tasks\\Infinity Solution\\server_v1\\node_modules\\ts-node\\src\\index.ts:1077:36)\n    at Object.compile (N:\\Interviewed Tasks\\Infinity Solution\\server_v1\\node_modules\\ts-node\\src\\index.ts:1433:41)\n    at Module.m._compile (N:\\Interviewed Tasks\\Infinity Solution\\server_v1\\node_modules\\ts-node\\src\\index.ts:1617:30)\n    at node:internal/modules/cjs/loader:1689:10\n    at Object.require.extensions.<computed> [as .ts] (N:\\Interviewed Tasks\\Infinity Solution\\server_v1\\node_modules\\ts-node\\src\\index.ts:1621:12)\n    at Module.load (node:internal/modules/cjs/loader:1318:32)\n    at Function._load (node:internal/modules/cjs/loader:1128:12)\n    at TracingChannel.traceSync (node:diagnostics_channel:315:14)","os":{"loadavg":[0,0,0],"uptime":164481.578},"process":{"argv":["N:\\Interviewed Tasks\\Infinity Solution\\server_v1\\node_modules\\ts-node\\dist\\bin.js","N:\\Interviewed Tasks\\Infinity Solution\\server_v1\\src\\server.ts"],"cwd":"N:\\Interviewed Tasks\\Infinity Solution\\server_v1","execPath":"C:\\Program Files\\nodejs\\node.exe","gid":null,"memoryUsage":{"arrayBuffers":4883971,"external":7797922,"heapTotal":212512768,"heapUsed":191180888,"rss":263995392},"pid":12488,"uid":null,"version":"v22.11.0"},"service":"user-service","stack":"TSError: ⨯ Unable to compile TypeScript:\n\u001b[96msrc/controller/users/index.ts\u001b[0m:\u001b[93m214\u001b[0m:\u001b[93m27\u001b[0m - \u001b[91merror\u001b[0m\u001b[90m TS2304: \u001b[0mCannot find name 'prismaClient'.\r\n\r\n\u001b[7m214\u001b[0m     const manager = await prismaClient.user.findUnique({\r\n\u001b[7m   \u001b[0m \u001b[91m                          ~~~~~~~~~~~~\u001b[0m\r\n\u001b[96msrc/controller/users/index.ts\u001b[0m:\u001b[93m224\u001b[0m:\u001b[93m33\u001b[0m - \u001b[91merror\u001b[0m\u001b[90m TS2304: \u001b[0mCannot find name 'prismaClient'.\r\n\r\n\u001b[7m224\u001b[0m     const overseenUsers = await prismaClient.oversight.findMany({\r\n\u001b[7m   \u001b[0m \u001b[91m                                ~~~~~~~~~~~~\u001b[0m\r\n\u001b[96msrc/controller/users/index.ts\u001b[0m:\u001b[93m229\u001b[0m:\u001b[93m40\u001b[0m - \u001b[91merror\u001b[0m\u001b[90m TS7006: \u001b[0mParameter 'oversight' implicitly has an 'any' type.\r\n\r\n\u001b[7m229\u001b[0m     const userIds = overseenUsers.map((oversight) => oversight.userId);\r\n\u001b[7m   \u001b[0m \u001b[91m                                       ~~~~~~~~~\u001b[0m\r\n\u001b[96msrc/controller/users/index.ts\u001b[0m:\u001b[93m238\u001b[0m:\u001b[93m25\u001b[0m - \u001b[91merror\u001b[0m\u001b[90m TS2304: \u001b[0mCannot find name 'prismaClient'.\r\n\r\n\u001b[7m238\u001b[0m     const tasks = await prismaClient.task.findMany({\r\n\u001b[7m   \u001b[0m \u001b[91m                        ~~~~~~~~~~~~\u001b[0m\r\n\u001b[96msrc/controller/users/index.ts\u001b[0m:\u001b[93m250\u001b[0m:\u001b[93m25\u001b[0m - \u001b[91merror\u001b[0m\u001b[90m TS7006: \u001b[0mParameter 'task' implicitly has an 'any' type.\r\n\r\n\u001b[7m250\u001b[0m       tasks: tasks.map((task) => ({\r\n\u001b[7m   \u001b[0m \u001b[91m                        ~~~~\u001b[0m\r\n\n    at createTSError (N:\\Interviewed Tasks\\Infinity Solution\\server_v1\\node_modules\\ts-node\\src\\index.ts:859:12)\n    at reportTSError (N:\\Interviewed Tasks\\Infinity Solution\\server_v1\\node_modules\\ts-node\\src\\index.ts:863:19)\n    at getOutput (N:\\Interviewed Tasks\\Infinity Solution\\server_v1\\node_modules\\ts-node\\src\\index.ts:1077:36)\n    at Object.compile (N:\\Interviewed Tasks\\Infinity Solution\\server_v1\\node_modules\\ts-node\\src\\index.ts:1433:41)\n    at Module.m._compile (N:\\Interviewed Tasks\\Infinity Solution\\server_v1\\node_modules\\ts-node\\src\\index.ts:1617:30)\n    at node:internal/modules/cjs/loader:1689:10\n    at Object.require.extensions.<computed> [as .ts] (N:\\Interviewed Tasks\\Infinity Solution\\server_v1\\node_modules\\ts-node\\src\\index.ts:1621:12)\n    at Module.load (node:internal/modules/cjs/loader:1318:32)\n    at Function._load (node:internal/modules/cjs/loader:1128:12)\n    at TracingChannel.traceSync (node:diagnostics_channel:315:14)","timestamp":"2024-11-11T07:45:38.619Z","trace":[{"column":12,"file":"N:\\Interviewed Tasks\\Infinity Solution\\server_v1\\node_modules\\ts-node\\src\\index.ts","function":"createTSError","line":859,"method":null,"native":false},{"column":19,"file":"N:\\Interviewed Tasks\\Infinity Solution\\server_v1\\node_modules\\ts-node\\src\\index.ts","function":"reportTSError","line":863,"method":null,"native":false},{"column":36,"file":"N:\\Interviewed Tasks\\Infinity Solution\\server_v1\\node_modules\\ts-node\\src\\index.ts","function":"getOutput","line":1077,"method":null,"native":false},{"column":41,"file":"N:\\Interviewed Tasks\\Infinity Solution\\server_v1\\node_modules\\ts-node\\src\\index.ts","function":"Object.compile","line":1433,"method":"compile","native":false},{"column":30,"file":"N:\\Interviewed Tasks\\Infinity Solution\\server_v1\\node_modules\\ts-node\\src\\index.ts","function":"Module.m._compile","line":1617,"method":"_compile","native":false},{"column":10,"file":"node:internal/modules/cjs/loader","function":null,"line":1689,"method":null,"native":false},{"column":12,"file":"N:\\Interviewed Tasks\\Infinity Solution\\server_v1\\node_modules\\ts-node\\src\\index.ts","function":"Object.require.extensions.<computed> [as .ts]","line":1621,"method":"ts]","native":false},{"column":32,"file":"node:internal/modules/cjs/loader","function":"Module.load","line":1318,"method":"load","native":false},{"column":12,"file":"node:internal/modules/cjs/loader","function":"Function._load","line":1128,"method":"_load","native":false},{"column":14,"file":"node:diagnostics_channel","function":"TracingChannel.traceSync","line":315,"method":"traceSync","native":false}]}
{"date":"Mon Nov 11 2024 12:47:59 GMT+0500 (Pakistan Standard Time)","error":{"diagnosticCodes":[2304,2304,7006,2304]},"exception":true,"level":"error","message":"uncaughtException: ⨯ Unable to compile TypeScript:\n\u001b[96msrc/controller/users/index.ts\u001b[0m:\u001b[93m214\u001b[0m:\u001b[93m27\u001b[0m - \u001b[91merror\u001b[0m\u001b[90m TS2304: \u001b[0mCannot find name 'prismaClient'.\r\n\r\n\u001b[7m214\u001b[0m     const manager = await prismaClient.user.findUnique({\r\n\u001b[7m   \u001b[0m \u001b[91m                          ~~~~~~~~~~~~\u001b[0m\r\n\u001b[96msrc/controller/users/index.ts\u001b[0m:\u001b[93m224\u001b[0m:\u001b[93m33\u001b[0m - \u001b[91merror\u001b[0m\u001b[90m TS2304: \u001b[0mCannot find name 'prismaClient'.\r\n\r\n\u001b[7m224\u001b[0m     const overseenUsers = await prismaClient.oversight.findMany({\r\n\u001b[7m   \u001b[0m \u001b[91m                                ~~~~~~~~~~~~\u001b[0m\r\n\u001b[96msrc/controller/users/index.ts\u001b[0m:\u001b[93m229\u001b[0m:\u001b[93m40\u001b[0m - \u001b[91merror\u001b[0m\u001b[90m TS7006: \u001b[0mParameter 'oversight' implicitly has an 'any' type.\r\n\r\n\u001b[7m229\u001b[0m     const userIds = overseenUsers.map((oversight) => oversight.userId);\r\n\u001b[7m   \u001b[0m \u001b[91m                                       ~~~~~~~~~\u001b[0m\r\n\u001b[96msrc/controller/users/index.ts\u001b[0m:\u001b[93m238\u001b[0m:\u001b[93m25\u001b[0m - \u001b[91merror\u001b[0m\u001b[90m TS2304: \u001b[0mCannot find name 'prismaClient'.\r\n\r\n\u001b[7m238\u001b[0m     const tasks = await prismaClient.task.findMany({\r\n\u001b[7m   \u001b[0m \u001b[91m                        ~~~~~~~~~~~~\u001b[0m\r\n\nTSError: ⨯ Unable to compile TypeScript:\n\u001b[96msrc/controller/users/index.ts\u001b[0m:\u001b[93m214\u001b[0m:\u001b[93m27\u001b[0m - \u001b[91merror\u001b[0m\u001b[90m TS2304: \u001b[0mCannot find name 'prismaClient'.\r\n\r\n\u001b[7m214\u001b[0m     const manager = await prismaClient.user.findUnique({\r\n\u001b[7m   \u001b[0m \u001b[91m                          ~~~~~~~~~~~~\u001b[0m\r\n\u001b[96msrc/controller/users/index.ts\u001b[0m:\u001b[93m224\u001b[0m:\u001b[93m33\u001b[0m - \u001b[91merror\u001b[0m\u001b[90m TS2304: \u001b[0mCannot find name 'prismaClient'.\r\n\r\n\u001b[7m224\u001b[0m     const overseenUsers = await prismaClient.oversight.findMany({\r\n\u001b[7m   \u001b[0m \u001b[91m                                ~~~~~~~~~~~~\u001b[0m\r\n\u001b[96msrc/controller/users/index.ts\u001b[0m:\u001b[93m229\u001b[0m:\u001b[93m40\u001b[0m - \u001b[91merror\u001b[0m\u001b[90m TS7006: \u001b[0mParameter 'oversight' implicitly has an 'any' type.\r\n\r\n\u001b[7m229\u001b[0m     const userIds = overseenUsers.map((oversight) => oversight.userId);\r\n\u001b[7m   \u001b[0m \u001b[91m                                       ~~~~~~~~~\u001b[0m\r\n\u001b[96msrc/controller/users/index.ts\u001b[0m:\u001b[93m238\u001b[0m:\u001b[93m25\u001b[0m - \u001b[91merror\u001b[0m\u001b[90m TS2304: \u001b[0mCannot find name 'prismaClient'.\r\n\r\n\u001b[7m238\u001b[0m     const tasks = await prismaClient.task.findMany({\r\n\u001b[7m   \u001b[0m \u001b[91m                        ~~~~~~~~~~~~\u001b[0m\r\n\n    at createTSError (N:\\Interviewed Tasks\\Infinity Solution\\server_v1\\node_modules\\ts-node\\src\\index.ts:859:12)\n    at reportTSError (N:\\Interviewed Tasks\\Infinity Solution\\server_v1\\node_modules\\ts-node\\src\\index.ts:863:19)\n    at getOutput (N:\\Interviewed Tasks\\Infinity Solution\\server_v1\\node_modules\\ts-node\\src\\index.ts:1077:36)\n    at Object.compile (N:\\Interviewed Tasks\\Infinity Solution\\server_v1\\node_modules\\ts-node\\src\\index.ts:1433:41)\n    at Module.m._compile (N:\\Interviewed Tasks\\Infinity Solution\\server_v1\\node_modules\\ts-node\\src\\index.ts:1617:30)\n    at node:internal/modules/cjs/loader:1689:10\n    at Object.require.extensions.<computed> [as .ts] (N:\\Interviewed Tasks\\Infinity Solution\\server_v1\\node_modules\\ts-node\\src\\index.ts:1621:12)\n    at Module.load (node:internal/modules/cjs/loader:1318:32)\n    at Function._load (node:internal/modules/cjs/loader:1128:12)\n    at TracingChannel.traceSync (node:diagnostics_channel:315:14)","os":{"loadavg":[0,0,0],"uptime":164622.796},"process":{"argv":["N:\\Interviewed Tasks\\Infinity Solution\\server_v1\\node_modules\\ts-node\\dist\\bin.js","N:\\Interviewed Tasks\\Infinity Solution\\server_v1\\src\\server.ts"],"cwd":"N:\\Interviewed Tasks\\Infinity Solution\\server_v1","execPath":"C:\\Program Files\\nodejs\\node.exe","gid":null,"memoryUsage":{"arrayBuffers":4884155,"external":7798106,"heapTotal":213561344,"heapUsed":180372320,"rss":265109504},"pid":25076,"uid":null,"version":"v22.11.0"},"service":"user-service","stack":"TSError: ⨯ Unable to compile TypeScript:\n\u001b[96msrc/controller/users/index.ts\u001b[0m:\u001b[93m214\u001b[0m:\u001b[93m27\u001b[0m - \u001b[91merror\u001b[0m\u001b[90m TS2304: \u001b[0mCannot find name 'prismaClient'.\r\n\r\n\u001b[7m214\u001b[0m     const manager = await prismaClient.user.findUnique({\r\n\u001b[7m   \u001b[0m \u001b[91m                          ~~~~~~~~~~~~\u001b[0m\r\n\u001b[96msrc/controller/users/index.ts\u001b[0m:\u001b[93m224\u001b[0m:\u001b[93m33\u001b[0m - \u001b[91merror\u001b[0m\u001b[90m TS2304: \u001b[0mCannot find name 'prismaClient'.\r\n\r\n\u001b[7m224\u001b[0m     const overseenUsers = await prismaClient.oversight.findMany({\r\n\u001b[7m   \u001b[0m \u001b[91m                                ~~~~~~~~~~~~\u001b[0m\r\n\u001b[96msrc/controller/users/index.ts\u001b[0m:\u001b[93m229\u001b[0m:\u001b[93m40\u001b[0m - \u001b[91merror\u001b[0m\u001b[90m TS7006: \u001b[0mParameter 'oversight' implicitly has an 'any' type.\r\n\r\n\u001b[7m229\u001b[0m     const userIds = overseenUsers.map((oversight) => oversight.userId);\r\n\u001b[7m   \u001b[0m \u001b[91m                                       ~~~~~~~~~\u001b[0m\r\n\u001b[96msrc/controller/users/index.ts\u001b[0m:\u001b[93m238\u001b[0m:\u001b[93m25\u001b[0m - \u001b[91merror\u001b[0m\u001b[90m TS2304: \u001b[0mCannot find name 'prismaClient'.\r\n\r\n\u001b[7m238\u001b[0m     const tasks = await prismaClient.task.findMany({\r\n\u001b[7m   \u001b[0m \u001b[91m                        ~~~~~~~~~~~~\u001b[0m\r\n\n    at createTSError (N:\\Interviewed Tasks\\Infinity Solution\\server_v1\\node_modules\\ts-node\\src\\index.ts:859:12)\n    at reportTSError (N:\\Interviewed Tasks\\Infinity Solution\\server_v1\\node_modules\\ts-node\\src\\index.ts:863:19)\n    at getOutput (N:\\Interviewed Tasks\\Infinity Solution\\server_v1\\node_modules\\ts-node\\src\\index.ts:1077:36)\n    at Object.compile (N:\\Interviewed Tasks\\Infinity Solution\\server_v1\\node_modules\\ts-node\\src\\index.ts:1433:41)\n    at Module.m._compile (N:\\Interviewed Tasks\\Infinity Solution\\server_v1\\node_modules\\ts-node\\src\\index.ts:1617:30)\n    at node:internal/modules/cjs/loader:1689:10\n    at Object.require.extensions.<computed> [as .ts] (N:\\Interviewed Tasks\\Infinity Solution\\server_v1\\node_modules\\ts-node\\src\\index.ts:1621:12)\n    at Module.load (node:internal/modules/cjs/loader:1318:32)\n    at Function._load (node:internal/modules/cjs/loader:1128:12)\n    at TracingChannel.traceSync (node:diagnostics_channel:315:14)","timestamp":"2024-11-11T07:47:59.841Z","trace":[{"column":12,"file":"N:\\Interviewed Tasks\\Infinity Solution\\server_v1\\node_modules\\ts-node\\src\\index.ts","function":"createTSError","line":859,"method":null,"native":false},{"column":19,"file":"N:\\Interviewed Tasks\\Infinity Solution\\server_v1\\node_modules\\ts-node\\src\\index.ts","function":"reportTSError","line":863,"method":null,"native":false},{"column":36,"file":"N:\\Interviewed Tasks\\Infinity Solution\\server_v1\\node_modules\\ts-node\\src\\index.ts","function":"getOutput","line":1077,"method":null,"native":false},{"column":41,"file":"N:\\Interviewed Tasks\\Infinity Solution\\server_v1\\node_modules\\ts-node\\src\\index.ts","function":"Object.compile","line":1433,"method":"compile","native":false},{"column":30,"file":"N:\\Interviewed Tasks\\Infinity Solution\\server_v1\\node_modules\\ts-node\\src\\index.ts","function":"Module.m._compile","line":1617,"method":"_compile","native":false},{"column":10,"file":"node:internal/modules/cjs/loader","function":null,"line":1689,"method":null,"native":false},{"column":12,"file":"N:\\Interviewed Tasks\\Infinity Solution\\server_v1\\node_modules\\ts-node\\src\\index.ts","function":"Object.require.extensions.<computed> [as .ts]","line":1621,"method":"ts]","native":false},{"column":32,"file":"node:internal/modules/cjs/loader","function":"Module.load","line":1318,"method":"load","native":false},{"column":12,"file":"node:internal/modules/cjs/loader","function":"Function._load","line":1128,"method":"_load","native":false},{"column":14,"file":"node:diagnostics_channel","function":"TracingChannel.traceSync","line":315,"method":"traceSync","native":false}]}
{"date":"Mon Nov 11 2024 12:56:29 GMT+0500 (Pakistan Standard Time)","error":{"diagnosticCodes":[2304,2304,7006,2304,2304,7006]},"exception":true,"level":"error","message":"uncaughtException: ⨯ Unable to compile TypeScript:\n\u001b[96msrc/controller/users/index.ts\u001b[0m:\u001b[93m215\u001b[0m:\u001b[93m27\u001b[0m - \u001b[91merror\u001b[0m\u001b[90m TS2304: \u001b[0mCannot find name 'prismaClient'.\r\n\r\n\u001b[7m215\u001b[0m     const manager = await prismaClient.user.findUnique({\r\n\u001b[7m   \u001b[0m \u001b[91m                          ~~~~~~~~~~~~\u001b[0m\r\n\u001b[96msrc/controller/users/index.ts\u001b[0m:\u001b[93m225\u001b[0m:\u001b[93m33\u001b[0m - \u001b[91merror\u001b[0m\u001b[90m TS2304: \u001b[0mCannot find name 'prismaClient'.\r\n\r\n\u001b[7m225\u001b[0m     const overseenUsers = await prismaClient.oversight.findMany({\r\n\u001b[7m   \u001b[0m \u001b[91m                                ~~~~~~~~~~~~\u001b[0m\r\n\u001b[96msrc/controller/users/index.ts\u001b[0m:\u001b[93m230\u001b[0m:\u001b[93m40\u001b[0m - \u001b[91merror\u001b[0m\u001b[90m TS7006: \u001b[0mParameter 'oversight' implicitly has an 'any' type.\r\n\r\n\u001b[7m230\u001b[0m     const userIds = overseenUsers.map((oversight) => oversight.userId);\r\n\u001b[7m   \u001b[0m \u001b[91m                                       ~~~~~~~~~\u001b[0m\r\n\u001b[96msrc/controller/users/index.ts\u001b[0m:\u001b[93m239\u001b[0m:\u001b[93m25\u001b[0m - \u001b[91merror\u001b[0m\u001b[90m TS2304: \u001b[0mCannot find name 'prismaClient'.\r\n\r\n\u001b[7m239\u001b[0m     const tasks = await prismaClient.task.findMany({\r\n\u001b[7m   \u001b[0m \u001b[91m                        ~~~~~~~~~~~~\u001b[0m\r\n\u001b[96msrc/controller/users/index.ts\u001b[0m:\u001b[93m252\u001b[0m:\u001b[93m30\u001b[0m - \u001b[91merror\u001b[0m\u001b[90m TS2304: \u001b[0mCannot find name 'prismaClient'.\r\n\r\n\u001b[7m252\u001b[0m     const totalTasks = await prismaClient.task.count({\r\n\u001b[7m   \u001b[0m \u001b[91m                             ~~~~~~~~~~~~\u001b[0m\r\n\u001b[96msrc/controller/users/index.ts\u001b[0m:\u001b[93m264\u001b[0m:\u001b[93m25\u001b[0m - \u001b[91merror\u001b[0m\u001b[90m TS7006: \u001b[0mParameter 'task' implicitly has an 'any' type.\r\n\r\n\u001b[7m264\u001b[0m       tasks: tasks.map((task) => ({\r\n\u001b[7m   \u001b[0m \u001b[91m                        ~~~~\u001b[0m\r\n\nTSError: ⨯ Unable to compile TypeScript:\n\u001b[96msrc/controller/users/index.ts\u001b[0m:\u001b[93m215\u001b[0m:\u001b[93m27\u001b[0m - \u001b[91merror\u001b[0m\u001b[90m TS2304: \u001b[0mCannot find name 'prismaClient'.\r\n\r\n\u001b[7m215\u001b[0m     const manager = await prismaClient.user.findUnique({\r\n\u001b[7m   \u001b[0m \u001b[91m                          ~~~~~~~~~~~~\u001b[0m\r\n\u001b[96msrc/controller/users/index.ts\u001b[0m:\u001b[93m225\u001b[0m:\u001b[93m33\u001b[0m - \u001b[91merror\u001b[0m\u001b[90m TS2304: \u001b[0mCannot find name 'prismaClient'.\r\n\r\n\u001b[7m225\u001b[0m     const overseenUsers = await prismaClient.oversight.findMany({\r\n\u001b[7m   \u001b[0m \u001b[91m                                ~~~~~~~~~~~~\u001b[0m\r\n\u001b[96msrc/controller/users/index.ts\u001b[0m:\u001b[93m230\u001b[0m:\u001b[93m40\u001b[0m - \u001b[91merror\u001b[0m\u001b[90m TS7006: \u001b[0mParameter 'oversight' implicitly has an 'any' type.\r\n\r\n\u001b[7m230\u001b[0m     const userIds = overseenUsers.map((oversight) => oversight.userId);\r\n\u001b[7m   \u001b[0m \u001b[91m                                       ~~~~~~~~~\u001b[0m\r\n\u001b[96msrc/controller/users/index.ts\u001b[0m:\u001b[93m239\u001b[0m:\u001b[93m25\u001b[0m - \u001b[91merror\u001b[0m\u001b[90m TS2304: \u001b[0mCannot find name 'prismaClient'.\r\n\r\n\u001b[7m239\u001b[0m     const tasks = await prismaClient.task.findMany({\r\n\u001b[7m   \u001b[0m \u001b[91m                        ~~~~~~~~~~~~\u001b[0m\r\n\u001b[96msrc/controller/users/index.ts\u001b[0m:\u001b[93m252\u001b[0m:\u001b[93m30\u001b[0m - \u001b[91merror\u001b[0m\u001b[90m TS2304: \u001b[0mCannot find name 'prismaClient'.\r\n\r\n\u001b[7m252\u001b[0m     const totalTasks = await prismaClient.task.count({\r\n\u001b[7m   \u001b[0m \u001b[91m                             ~~~~~~~~~~~~\u001b[0m\r\n\u001b[96msrc/controller/users/index.ts\u001b[0m:\u001b[93m264\u001b[0m:\u001b[93m25\u001b[0m - \u001b[91merror\u001b[0m\u001b[90m TS7006: \u001b[0mParameter 'task' implicitly has an 'any' type.\r\n\r\n\u001b[7m264\u001b[0m       tasks: tasks.map((task) => ({\r\n\u001b[7m   \u001b[0m \u001b[91m                        ~~~~\u001b[0m\r\n\n    at createTSError (N:\\Interviewed Tasks\\Infinity Solution\\server_v1\\node_modules\\ts-node\\src\\index.ts:859:12)\n    at reportTSError (N:\\Interviewed Tasks\\Infinity Solution\\server_v1\\node_modules\\ts-node\\src\\index.ts:863:19)\n    at getOutput (N:\\Interviewed Tasks\\Infinity Solution\\server_v1\\node_modules\\ts-node\\src\\index.ts:1077:36)\n    at Object.compile (N:\\Interviewed Tasks\\Infinity Solution\\server_v1\\node_modules\\ts-node\\src\\index.ts:1433:41)\n    at Module.m._compile (N:\\Interviewed Tasks\\Infinity Solution\\server_v1\\node_modules\\ts-node\\src\\index.ts:1617:30)\n    at node:internal/modules/cjs/loader:1689:10\n    at Object.require.extensions.<computed> [as .ts] (N:\\Interviewed Tasks\\Infinity Solution\\server_v1\\node_modules\\ts-node\\src\\index.ts:1621:12)\n    at Module.load (node:internal/modules/cjs/loader:1318:32)\n    at Function._load (node:internal/modules/cjs/loader:1128:12)\n    at TracingChannel.traceSync (node:diagnostics_channel:315:14)","os":{"loadavg":[0,0,0],"uptime":165132.75},"process":{"argv":["N:\\Interviewed Tasks\\Infinity Solution\\server_v1\\node_modules\\ts-node\\dist\\bin.js","N:\\Interviewed Tasks\\Infinity Solution\\server_v1\\src\\server.ts"],"cwd":"N:\\Interviewed Tasks\\Infinity Solution\\server_v1","execPath":"C:\\Program Files\\nodejs\\node.exe","gid":null,"memoryUsage":{"arrayBuffers":4848359,"external":7762310,"heapTotal":212250624,"heapUsed":176315680,"rss":260820992},"pid":22532,"uid":null,"version":"v22.11.0"},"service":"user-service","stack":"TSError: ⨯ Unable to compile TypeScript:\n\u001b[96msrc/controller/users/index.ts\u001b[0m:\u001b[93m215\u001b[0m:\u001b[93m27\u001b[0m - \u001b[91merror\u001b[0m\u001b[90m TS2304: \u001b[0mCannot find name 'prismaClient'.\r\n\r\n\u001b[7m215\u001b[0m     const manager = await prismaClient.user.findUnique({\r\n\u001b[7m   \u001b[0m \u001b[91m                          ~~~~~~~~~~~~\u001b[0m\r\n\u001b[96msrc/controller/users/index.ts\u001b[0m:\u001b[93m225\u001b[0m:\u001b[93m33\u001b[0m - \u001b[91merror\u001b[0m\u001b[90m TS2304: \u001b[0mCannot find name 'prismaClient'.\r\n\r\n\u001b[7m225\u001b[0m     const overseenUsers = await prismaClient.oversight.findMany({\r\n\u001b[7m   \u001b[0m \u001b[91m                                ~~~~~~~~~~~~\u001b[0m\r\n\u001b[96msrc/controller/users/index.ts\u001b[0m:\u001b[93m230\u001b[0m:\u001b[93m40\u001b[0m - \u001b[91merror\u001b[0m\u001b[90m TS7006: \u001b[0mParameter 'oversight' implicitly has an 'any' type.\r\n\r\n\u001b[7m230\u001b[0m     const userIds = overseenUsers.map((oversight) => oversight.userId);\r\n\u001b[7m   \u001b[0m \u001b[91m                                       ~~~~~~~~~\u001b[0m\r\n\u001b[96msrc/controller/users/index.ts\u001b[0m:\u001b[93m239\u001b[0m:\u001b[93m25\u001b[0m - \u001b[91merror\u001b[0m\u001b[90m TS2304: \u001b[0mCannot find name 'prismaClient'.\r\n\r\n\u001b[7m239\u001b[0m     const tasks = await prismaClient.task.findMany({\r\n\u001b[7m   \u001b[0m \u001b[91m                        ~~~~~~~~~~~~\u001b[0m\r\n\u001b[96msrc/controller/users/index.ts\u001b[0m:\u001b[93m252\u001b[0m:\u001b[93m30\u001b[0m - \u001b[91merror\u001b[0m\u001b[90m TS2304: \u001b[0mCannot find name 'prismaClient'.\r\n\r\n\u001b[7m252\u001b[0m     const totalTasks = await prismaClient.task.count({\r\n\u001b[7m   \u001b[0m \u001b[91m                             ~~~~~~~~~~~~\u001b[0m\r\n\u001b[96msrc/controller/users/index.ts\u001b[0m:\u001b[93m264\u001b[0m:\u001b[93m25\u001b[0m - \u001b[91merror\u001b[0m\u001b[90m TS7006: \u001b[0mParameter 'task' implicitly has an 'any' type.\r\n\r\n\u001b[7m264\u001b[0m       tasks: tasks.map((task) => ({\r\n\u001b[7m   \u001b[0m \u001b[91m                        ~~~~\u001b[0m\r\n\n    at createTSError (N:\\Interviewed Tasks\\Infinity Solution\\server_v1\\node_modules\\ts-node\\src\\index.ts:859:12)\n    at reportTSError (N:\\Interviewed Tasks\\Infinity Solution\\server_v1\\node_modules\\ts-node\\src\\index.ts:863:19)\n    at getOutput (N:\\Interviewed Tasks\\Infinity Solution\\server_v1\\node_modules\\ts-node\\src\\index.ts:1077:36)\n    at Object.compile (N:\\Interviewed Tasks\\Infinity Solution\\server_v1\\node_modules\\ts-node\\src\\index.ts:1433:41)\n    at Module.m._compile (N:\\Interviewed Tasks\\Infinity Solution\\server_v1\\node_modules\\ts-node\\src\\index.ts:1617:30)\n    at node:internal/modules/cjs/loader:1689:10\n    at Object.require.extensions.<computed> [as .ts] (N:\\Interviewed Tasks\\Infinity Solution\\server_v1\\node_modules\\ts-node\\src\\index.ts:1621:12)\n    at Module.load (node:internal/modules/cjs/loader:1318:32)\n    at Function._load (node:internal/modules/cjs/loader:1128:12)\n    at TracingChannel.traceSync (node:diagnostics_channel:315:14)","timestamp":"2024-11-11T07:56:29.789Z","trace":[{"column":12,"file":"N:\\Interviewed Tasks\\Infinity Solution\\server_v1\\node_modules\\ts-node\\src\\index.ts","function":"createTSError","line":859,"method":null,"native":false},{"column":19,"file":"N:\\Interviewed Tasks\\Infinity Solution\\server_v1\\node_modules\\ts-node\\src\\index.ts","function":"reportTSError","line":863,"method":null,"native":false},{"column":36,"file":"N:\\Interviewed Tasks\\Infinity Solution\\server_v1\\node_modules\\ts-node\\src\\index.ts","function":"getOutput","line":1077,"method":null,"native":false},{"column":41,"file":"N:\\Interviewed Tasks\\Infinity Solution\\server_v1\\node_modules\\ts-node\\src\\index.ts","function":"Object.compile","line":1433,"method":"compile","native":false},{"column":30,"file":"N:\\Interviewed Tasks\\Infinity Solution\\server_v1\\node_modules\\ts-node\\src\\index.ts","function":"Module.m._compile","line":1617,"method":"_compile","native":false},{"column":10,"file":"node:internal/modules/cjs/loader","function":null,"line":1689,"method":null,"native":false},{"column":12,"file":"N:\\Interviewed Tasks\\Infinity Solution\\server_v1\\node_modules\\ts-node\\src\\index.ts","function":"Object.require.extensions.<computed> [as .ts]","line":1621,"method":"ts]","native":false},{"column":32,"file":"node:internal/modules/cjs/loader","function":"Module.load","line":1318,"method":"load","native":false},{"column":12,"file":"node:internal/modules/cjs/loader","function":"Function._load","line":1128,"method":"_load","native":false},{"column":14,"file":"node:diagnostics_channel","function":"TracingChannel.traceSync","line":315,"method":"traceSync","native":false}]}
{"date":"Mon Nov 11 2024 13:02:29 GMT+0500 (Pakistan Standard Time)","error":{"diagnosticCodes":[2339]},"exception":true,"level":"error","message":"uncaughtException: ⨯ Unable to compile TypeScript:\n\u001b[96msrc/controller/tasks/index.ts\u001b[0m:\u001b[93m202\u001b[0m:\u001b[93m66\u001b[0m - \u001b[91merror\u001b[0m\u001b[90m TS2339: \u001b[0mProperty 'query' does not exist on type 'Request'.\r\n\r\n\u001b[7m202\u001b[0m   const { page = 1, limit = 10, status, priority, search } = req.query;\r\n\u001b[7m   \u001b[0m \u001b[91m                                                                 ~~~~~\u001b[0m\r\n\nTSError: ⨯ Unable to compile TypeScript:\n\u001b[96msrc/controller/tasks/index.ts\u001b[0m:\u001b[93m202\u001b[0m:\u001b[93m66\u001b[0m - \u001b[91merror\u001b[0m\u001b[90m TS2339: \u001b[0mProperty 'query' does not exist on type 'Request'.\r\n\r\n\u001b[7m202\u001b[0m   const { page = 1, limit = 10, status, priority, search } = req.query;\r\n\u001b[7m   \u001b[0m \u001b[91m                                                                 ~~~~~\u001b[0m\r\n\n    at createTSError (N:\\Interviewed Tasks\\Infinity Solution\\server_v1\\node_modules\\ts-node\\src\\index.ts:859:12)\n    at reportTSError (N:\\Interviewed Tasks\\Infinity Solution\\server_v1\\node_modules\\ts-node\\src\\index.ts:863:19)\n    at getOutput (N:\\Interviewed Tasks\\Infinity Solution\\server_v1\\node_modules\\ts-node\\src\\index.ts:1077:36)\n    at Object.compile (N:\\Interviewed Tasks\\Infinity Solution\\server_v1\\node_modules\\ts-node\\src\\index.ts:1433:41)\n    at Module.m._compile (N:\\Interviewed Tasks\\Infinity Solution\\server_v1\\node_modules\\ts-node\\src\\index.ts:1617:30)\n    at node:internal/modules/cjs/loader:1689:10\n    at Object.require.extensions.<computed> [as .ts] (N:\\Interviewed Tasks\\Infinity Solution\\server_v1\\node_modules\\ts-node\\src\\index.ts:1621:12)\n    at Module.load (node:internal/modules/cjs/loader:1318:32)\n    at Function._load (node:internal/modules/cjs/loader:1128:12)\n    at TracingChannel.traceSync (node:diagnostics_channel:315:14)","os":{"loadavg":[0,0,0],"uptime":165492.453},"process":{"argv":["N:\\Interviewed Tasks\\Infinity Solution\\server_v1\\node_modules\\ts-node\\dist\\bin.js","N:\\Interviewed Tasks\\Infinity Solution\\server_v1\\src\\server.ts"],"cwd":"N:\\Interviewed Tasks\\Infinity Solution\\server_v1","execPath":"C:\\Program Files\\nodejs\\node.exe","gid":null,"memoryUsage":{"arrayBuffers":4892443,"external":7806394,"heapTotal":216444928,"heapUsed":189314712,"rss":267890688},"pid":22248,"uid":null,"version":"v22.11.0"},"service":"user-service","stack":"TSError: ⨯ Unable to compile TypeScript:\n\u001b[96msrc/controller/tasks/index.ts\u001b[0m:\u001b[93m202\u001b[0m:\u001b[93m66\u001b[0m - \u001b[91merror\u001b[0m\u001b[90m TS2339: \u001b[0mProperty 'query' does not exist on type 'Request'.\r\n\r\n\u001b[7m202\u001b[0m   const { page = 1, limit = 10, status, priority, search } = req.query;\r\n\u001b[7m   \u001b[0m \u001b[91m                                                                 ~~~~~\u001b[0m\r\n\n    at createTSError (N:\\Interviewed Tasks\\Infinity Solution\\server_v1\\node_modules\\ts-node\\src\\index.ts:859:12)\n    at reportTSError (N:\\Interviewed Tasks\\Infinity Solution\\server_v1\\node_modules\\ts-node\\src\\index.ts:863:19)\n    at getOutput (N:\\Interviewed Tasks\\Infinity Solution\\server_v1\\node_modules\\ts-node\\src\\index.ts:1077:36)\n    at Object.compile (N:\\Interviewed Tasks\\Infinity Solution\\server_v1\\node_modules\\ts-node\\src\\index.ts:1433:41)\n    at Module.m._compile (N:\\Interviewed Tasks\\Infinity Solution\\server_v1\\node_modules\\ts-node\\src\\index.ts:1617:30)\n    at node:internal/modules/cjs/loader:1689:10\n    at Object.require.extensions.<computed> [as .ts] (N:\\Interviewed Tasks\\Infinity Solution\\server_v1\\node_modules\\ts-node\\src\\index.ts:1621:12)\n    at Module.load (node:internal/modules/cjs/loader:1318:32)\n    at Function._load (node:internal/modules/cjs/loader:1128:12)\n    at TracingChannel.traceSync (node:diagnostics_channel:315:14)","timestamp":"2024-11-11T08:02:29.493Z","trace":[{"column":12,"file":"N:\\Interviewed Tasks\\Infinity Solution\\server_v1\\node_modules\\ts-node\\src\\index.ts","function":"createTSError","line":859,"method":null,"native":false},{"column":19,"file":"N:\\Interviewed Tasks\\Infinity Solution\\server_v1\\node_modules\\ts-node\\src\\index.ts","function":"reportTSError","line":863,"method":null,"native":false},{"column":36,"file":"N:\\Interviewed Tasks\\Infinity Solution\\server_v1\\node_modules\\ts-node\\src\\index.ts","function":"getOutput","line":1077,"method":null,"native":false},{"column":41,"file":"N:\\Interviewed Tasks\\Infinity Solution\\server_v1\\node_modules\\ts-node\\src\\index.ts","function":"Object.compile","line":1433,"method":"compile","native":false},{"column":30,"file":"N:\\Interviewed Tasks\\Infinity Solution\\server_v1\\node_modules\\ts-node\\src\\index.ts","function":"Module.m._compile","line":1617,"method":"_compile","native":false},{"column":10,"file":"node:internal/modules/cjs/loader","function":null,"line":1689,"method":null,"native":false},{"column":12,"file":"N:\\Interviewed Tasks\\Infinity Solution\\server_v1\\node_modules\\ts-node\\src\\index.ts","function":"Object.require.extensions.<computed> [as .ts]","line":1621,"method":"ts]","native":false},{"column":32,"file":"node:internal/modules/cjs/loader","function":"Module.load","line":1318,"method":"load","native":false},{"column":12,"file":"node:internal/modules/cjs/loader","function":"Function._load","line":1128,"method":"_load","native":false},{"column":14,"file":"node:diagnostics_channel","function":"TracingChannel.traceSync","line":315,"method":"traceSync","native":false}]}
{"date":"Mon Nov 11 2024 13:02:59 GMT+0500 (Pakistan Standard Time)","error":{"diagnosticCodes":[2304]},"exception":true,"level":"error","message":"uncaughtException: ⨯ Unable to compile TypeScript:\n\u001b[96msrc/routes/tasks.ts\u001b[0m:\u001b[93m13\u001b[0m:\u001b[93m3\u001b[0m - \u001b[91merror\u001b[0m\u001b[90m TS2304: \u001b[0mCannot find name 'getAllUserTasksForAdmin'.\r\n\r\n\u001b[7m13\u001b[0m   getAllUserTasksForAdmin\r\n\u001b[7m  \u001b[0m \u001b[91m  ~~~~~~~~~~~~~~~~~~~~~~~\u001b[0m\r\n\nTSError: ⨯ Unable to compile TypeScript:\n\u001b[96msrc/routes/tasks.ts\u001b[0m:\u001b[93m13\u001b[0m:\u001b[93m3\u001b[0m - \u001b[91merror\u001b[0m\u001b[90m TS2304: \u001b[0mCannot find name 'getAllUserTasksForAdmin'.\r\n\r\n\u001b[7m13\u001b[0m   getAllUserTasksForAdmin\r\n\u001b[7m  \u001b[0m \u001b[91m  ~~~~~~~~~~~~~~~~~~~~~~~\u001b[0m\r\n\n    at createTSError (N:\\Interviewed Tasks\\Infinity Solution\\server_v1\\node_modules\\ts-node\\src\\index.ts:859:12)\n    at reportTSError (N:\\Interviewed Tasks\\Infinity Solution\\server_v1\\node_modules\\ts-node\\src\\index.ts:863:19)\n    at getOutput (N:\\Interviewed Tasks\\Infinity Solution\\server_v1\\node_modules\\ts-node\\src\\index.ts:1077:36)\n    at Object.compile (N:\\Interviewed Tasks\\Infinity Solution\\server_v1\\node_modules\\ts-node\\src\\index.ts:1433:41)\n    at Module.m._compile (N:\\Interviewed Tasks\\Infinity Solution\\server_v1\\node_modules\\ts-node\\src\\index.ts:1617:30)\n    at node:internal/modules/cjs/loader:1689:10\n    at Object.require.extensions.<computed> [as .ts] (N:\\Interviewed Tasks\\Infinity Solution\\server_v1\\node_modules\\ts-node\\src\\index.ts:1621:12)\n    at Module.load (node:internal/modules/cjs/loader:1318:32)\n    at Function._load (node:internal/modules/cjs/loader:1128:12)\n    at TracingChannel.traceSync (node:diagnostics_channel:315:14)","os":{"loadavg":[0,0,0],"uptime":165522.171},"process":{"argv":["N:\\Interviewed Tasks\\Infinity Solution\\server_v1\\node_modules\\ts-node\\dist\\bin.js","N:\\Interviewed Tasks\\Infinity Solution\\server_v1\\src\\server.ts"],"cwd":"N:\\Interviewed Tasks\\Infinity Solution\\server_v1","execPath":"C:\\Program Files\\nodejs\\node.exe","gid":null,"memoryUsage":{"arrayBuffers":4884043,"external":7797994,"heapTotal":214609920,"heapUsed":187986176,"rss":267796480},"pid":38032,"uid":null,"version":"v22.11.0"},"service":"user-service","stack":"TSError: ⨯ Unable to compile TypeScript:\n\u001b[96msrc/routes/tasks.ts\u001b[0m:\u001b[93m13\u001b[0m:\u001b[93m3\u001b[0m - \u001b[91merror\u001b[0m\u001b[90m TS2304: \u001b[0mCannot find name 'getAllUserTasksForAdmin'.\r\n\r\n\u001b[7m13\u001b[0m   getAllUserTasksForAdmin\r\n\u001b[7m  \u001b[0m \u001b[91m  ~~~~~~~~~~~~~~~~~~~~~~~\u001b[0m\r\n\n    at createTSError (N:\\Interviewed Tasks\\Infinity Solution\\server_v1\\node_modules\\ts-node\\src\\index.ts:859:12)\n    at reportTSError (N:\\Interviewed Tasks\\Infinity Solution\\server_v1\\node_modules\\ts-node\\src\\index.ts:863:19)\n    at getOutput (N:\\Interviewed Tasks\\Infinity Solution\\server_v1\\node_modules\\ts-node\\src\\index.ts:1077:36)\n    at Object.compile (N:\\Interviewed Tasks\\Infinity Solution\\server_v1\\node_modules\\ts-node\\src\\index.ts:1433:41)\n    at Module.m._compile (N:\\Interviewed Tasks\\Infinity Solution\\server_v1\\node_modules\\ts-node\\src\\index.ts:1617:30)\n    at node:internal/modules/cjs/loader:1689:10\n    at Object.require.extensions.<computed> [as .ts] (N:\\Interviewed Tasks\\Infinity Solution\\server_v1\\node_modules\\ts-node\\src\\index.ts:1621:12)\n    at Module.load (node:internal/modules/cjs/loader:1318:32)\n    at Function._load (node:internal/modules/cjs/loader:1128:12)\n    at TracingChannel.traceSync (node:diagnostics_channel:315:14)","timestamp":"2024-11-11T08:02:59.216Z","trace":[{"column":12,"file":"N:\\Interviewed Tasks\\Infinity Solution\\server_v1\\node_modules\\ts-node\\src\\index.ts","function":"createTSError","line":859,"method":null,"native":false},{"column":19,"file":"N:\\Interviewed Tasks\\Infinity Solution\\server_v1\\node_modules\\ts-node\\src\\index.ts","function":"reportTSError","line":863,"method":null,"native":false},{"column":36,"file":"N:\\Interviewed Tasks\\Infinity Solution\\server_v1\\node_modules\\ts-node\\src\\index.ts","function":"getOutput","line":1077,"method":null,"native":false},{"column":41,"file":"N:\\Interviewed Tasks\\Infinity Solution\\server_v1\\node_modules\\ts-node\\src\\index.ts","function":"Object.compile","line":1433,"method":"compile","native":false},{"column":30,"file":"N:\\Interviewed Tasks\\Infinity Solution\\server_v1\\node_modules\\ts-node\\src\\index.ts","function":"Module.m._compile","line":1617,"method":"_compile","native":false},{"column":10,"file":"node:internal/modules/cjs/loader","function":null,"line":1689,"method":null,"native":false},{"column":12,"file":"N:\\Interviewed Tasks\\Infinity Solution\\server_v1\\node_modules\\ts-node\\src\\index.ts","function":"Object.require.extensions.<computed> [as .ts]","line":1621,"method":"ts]","native":false},{"column":32,"file":"node:internal/modules/cjs/loader","function":"Module.load","line":1318,"method":"load","native":false},{"column":12,"file":"node:internal/modules/cjs/loader","function":"Function._load","line":1128,"method":"_load","native":false},{"column":14,"file":"node:diagnostics_channel","function":"TracingChannel.traceSync","line":315,"method":"traceSync","native":false}]}
{"date":"Mon Nov 11 2024 13:03:45 GMT+0500 (Pakistan Standard Time)","error":{"diagnosticCodes":[2551]},"exception":true,"level":"error","message":"uncaughtException: ⨯ Unable to compile TypeScript:\n\u001b[96msrc/routes/tasks.ts\u001b[0m:\u001b[93m11\u001b[0m:\u001b[93m10\u001b[0m - \u001b[91merror\u001b[0m\u001b[90m TS2551: \u001b[0mProperty 'TASKS' does not exist on type '{ APP: { ROOT: string; VERSION_1: string; BY_ID: string; }; AUTH: { BASE: string; REGISTER: string; SIGN_IN: string; LOGOUT: string; }; USERS: { BASE: string; BY_TOKEN: string; OVERSIGHT: string; MANAGER_ASSIGN_TASKS: string; }; ROLES: { ...; }; PERMISSIONS: { ...; }; TASK: { ...; }; }'. Did you mean 'TASK'?\r\n\r\n\u001b[7m11\u001b[0m   ROUTES.TASKS.GET_ALL_TASKS,\r\n\u001b[7m  \u001b[0m \u001b[91m         ~~~~~\u001b[0m\r\n\r\n  \u001b[96msrc/constants/routePaths.ts\u001b[0m:\u001b[93m35\u001b[0m:\u001b[93m3\u001b[0m\r\n    \u001b[7m35\u001b[0m   TASK: {\r\n    \u001b[7m  \u001b[0m \u001b[96m  ~~~~~~~\u001b[0m\r\n    \u001b[7m36\u001b[0m     BASE: \"/tasks\",\r\n    \u001b[7m  \u001b[0m \u001b[96m~~~~~~~~~~~~~~~~~~~\u001b[0m\r\n    \u001b[7m37\u001b[0m     BY_USER_TASKS_COUNT: \"/by-user/count\",\r\n    \u001b[7m  \u001b[0m \u001b[96m~~~~~~~~~~~~~~~~~~~~~~~~~~~~~~~~~~~~~~~~~~\u001b[0m\r\n    \u001b[7m38\u001b[0m   },\r\n    \u001b[7m  \u001b[0m \u001b[96m~~~\u001b[0m\r\n    'TASK' is declared here.\r\n\nTSError: ⨯ Unable to compile TypeScript:\n\u001b[96msrc/routes/tasks.ts\u001b[0m:\u001b[93m11\u001b[0m:\u001b[93m10\u001b[0m - \u001b[91merror\u001b[0m\u001b[90m TS2551: \u001b[0mProperty 'TASKS' does not exist on type '{ APP: { ROOT: string; VERSION_1: string; BY_ID: string; }; AUTH: { BASE: string; REGISTER: string; SIGN_IN: string; LOGOUT: string; }; USERS: { BASE: string; BY_TOKEN: string; OVERSIGHT: string; MANAGER_ASSIGN_TASKS: string; }; ROLES: { ...; }; PERMISSIONS: { ...; }; TASK: { ...; }; }'. Did you mean 'TASK'?\r\n\r\n\u001b[7m11\u001b[0m   ROUTES.TASKS.GET_ALL_TASKS,\r\n\u001b[7m  \u001b[0m \u001b[91m         ~~~~~\u001b[0m\r\n\r\n  \u001b[96msrc/constants/routePaths.ts\u001b[0m:\u001b[93m35\u001b[0m:\u001b[93m3\u001b[0m\r\n    \u001b[7m35\u001b[0m   TASK: {\r\n    \u001b[7m  \u001b[0m \u001b[96m  ~~~~~~~\u001b[0m\r\n    \u001b[7m36\u001b[0m     BASE: \"/tasks\",\r\n    \u001b[7m  \u001b[0m \u001b[96m~~~~~~~~~~~~~~~~~~~\u001b[0m\r\n    \u001b[7m37\u001b[0m     BY_USER_TASKS_COUNT: \"/by-user/count\",\r\n    \u001b[7m  \u001b[0m \u001b[96m~~~~~~~~~~~~~~~~~~~~~~~~~~~~~~~~~~~~~~~~~~\u001b[0m\r\n    \u001b[7m38\u001b[0m   },\r\n    \u001b[7m  \u001b[0m \u001b[96m~~~\u001b[0m\r\n    'TASK' is declared here.\r\n\n    at createTSError (N:\\Interviewed Tasks\\Infinity Solution\\server_v1\\node_modules\\ts-node\\src\\index.ts:859:12)\n    at reportTSError (N:\\Interviewed Tasks\\Infinity Solution\\server_v1\\node_modules\\ts-node\\src\\index.ts:863:19)\n    at getOutput (N:\\Interviewed Tasks\\Infinity Solution\\server_v1\\node_modules\\ts-node\\src\\index.ts:1077:36)\n    at Object.compile (N:\\Interviewed Tasks\\Infinity Solution\\server_v1\\node_modules\\ts-node\\src\\index.ts:1433:41)\n    at Module.m._compile (N:\\Interviewed Tasks\\Infinity Solution\\server_v1\\node_modules\\ts-node\\src\\index.ts:1617:30)\n    at node:internal/modules/cjs/loader:1689:10\n    at Object.require.extensions.<computed> [as .ts] (N:\\Interviewed Tasks\\Infinity Solution\\server_v1\\node_modules\\ts-node\\src\\index.ts:1621:12)\n    at Module.load (node:internal/modules/cjs/loader:1318:32)\n    at Function._load (node:internal/modules/cjs/loader:1128:12)\n    at TracingChannel.traceSync (node:diagnostics_channel:315:14)","os":{"loadavg":[0,0,0],"uptime":165568.515},"process":{"argv":["N:\\Interviewed Tasks\\Infinity Solution\\server_v1\\node_modules\\ts-node\\dist\\bin.js","N:\\Interviewed Tasks\\Infinity Solution\\server_v1\\src\\server.ts"],"cwd":"N:\\Interviewed Tasks\\Infinity Solution\\server_v1","execPath":"C:\\Program Files\\nodejs\\node.exe","gid":null,"memoryUsage":{"arrayBuffers":4848519,"external":7762470,"heapTotal":211726336,"heapUsed":184504888,"rss":265461760},"pid":13472,"uid":null,"version":"v22.11.0"},"service":"user-service","stack":"TSError: ⨯ Unable to compile TypeScript:\n\u001b[96msrc/routes/tasks.ts\u001b[0m:\u001b[93m11\u001b[0m:\u001b[93m10\u001b[0m - \u001b[91merror\u001b[0m\u001b[90m TS2551: \u001b[0mProperty 'TASKS' does not exist on type '{ APP: { ROOT: string; VERSION_1: string; BY_ID: string; }; AUTH: { BASE: string; REGISTER: string; SIGN_IN: string; LOGOUT: string; }; USERS: { BASE: string; BY_TOKEN: string; OVERSIGHT: string; MANAGER_ASSIGN_TASKS: string; }; ROLES: { ...; }; PERMISSIONS: { ...; }; TASK: { ...; }; }'. Did you mean 'TASK'?\r\n\r\n\u001b[7m11\u001b[0m   ROUTES.TASKS.GET_ALL_TASKS,\r\n\u001b[7m  \u001b[0m \u001b[91m         ~~~~~\u001b[0m\r\n\r\n  \u001b[96msrc/constants/routePaths.ts\u001b[0m:\u001b[93m35\u001b[0m:\u001b[93m3\u001b[0m\r\n    \u001b[7m35\u001b[0m   TASK: {\r\n    \u001b[7m  \u001b[0m \u001b[96m  ~~~~~~~\u001b[0m\r\n    \u001b[7m36\u001b[0m     BASE: \"/tasks\",\r\n    \u001b[7m  \u001b[0m \u001b[96m~~~~~~~~~~~~~~~~~~~\u001b[0m\r\n    \u001b[7m37\u001b[0m     BY_USER_TASKS_COUNT: \"/by-user/count\",\r\n    \u001b[7m  \u001b[0m \u001b[96m~~~~~~~~~~~~~~~~~~~~~~~~~~~~~~~~~~~~~~~~~~\u001b[0m\r\n    \u001b[7m38\u001b[0m   },\r\n    \u001b[7m  \u001b[0m \u001b[96m~~~\u001b[0m\r\n    'TASK' is declared here.\r\n\n    at createTSError (N:\\Interviewed Tasks\\Infinity Solution\\server_v1\\node_modules\\ts-node\\src\\index.ts:859:12)\n    at reportTSError (N:\\Interviewed Tasks\\Infinity Solution\\server_v1\\node_modules\\ts-node\\src\\index.ts:863:19)\n    at getOutput (N:\\Interviewed Tasks\\Infinity Solution\\server_v1\\node_modules\\ts-node\\src\\index.ts:1077:36)\n    at Object.compile (N:\\Interviewed Tasks\\Infinity Solution\\server_v1\\node_modules\\ts-node\\src\\index.ts:1433:41)\n    at Module.m._compile (N:\\Interviewed Tasks\\Infinity Solution\\server_v1\\node_modules\\ts-node\\src\\index.ts:1617:30)\n    at node:internal/modules/cjs/loader:1689:10\n    at Object.require.extensions.<computed> [as .ts] (N:\\Interviewed Tasks\\Infinity Solution\\server_v1\\node_modules\\ts-node\\src\\index.ts:1621:12)\n    at Module.load (node:internal/modules/cjs/loader:1318:32)\n    at Function._load (node:internal/modules/cjs/loader:1128:12)\n    at TracingChannel.traceSync (node:diagnostics_channel:315:14)","timestamp":"2024-11-11T08:03:45.549Z","trace":[{"column":12,"file":"N:\\Interviewed Tasks\\Infinity Solution\\server_v1\\node_modules\\ts-node\\src\\index.ts","function":"createTSError","line":859,"method":null,"native":false},{"column":19,"file":"N:\\Interviewed Tasks\\Infinity Solution\\server_v1\\node_modules\\ts-node\\src\\index.ts","function":"reportTSError","line":863,"method":null,"native":false},{"column":36,"file":"N:\\Interviewed Tasks\\Infinity Solution\\server_v1\\node_modules\\ts-node\\src\\index.ts","function":"getOutput","line":1077,"method":null,"native":false},{"column":41,"file":"N:\\Interviewed Tasks\\Infinity Solution\\server_v1\\node_modules\\ts-node\\src\\index.ts","function":"Object.compile","line":1433,"method":"compile","native":false},{"column":30,"file":"N:\\Interviewed Tasks\\Infinity Solution\\server_v1\\node_modules\\ts-node\\src\\index.ts","function":"Module.m._compile","line":1617,"method":"_compile","native":false},{"column":10,"file":"node:internal/modules/cjs/loader","function":null,"line":1689,"method":null,"native":false},{"column":12,"file":"N:\\Interviewed Tasks\\Infinity Solution\\server_v1\\node_modules\\ts-node\\src\\index.ts","function":"Object.require.extensions.<computed> [as .ts]","line":1621,"method":"ts]","native":false},{"column":32,"file":"node:internal/modules/cjs/loader","function":"Module.load","line":1318,"method":"load","native":false},{"column":12,"file":"node:internal/modules/cjs/loader","function":"Function._load","line":1128,"method":"_load","native":false},{"column":14,"file":"node:diagnostics_channel","function":"TracingChannel.traceSync","line":315,"method":"traceSync","native":false}]}
{"date":"Mon Nov 11 2024 13:03:59 GMT+0500 (Pakistan Standard Time)","error":{"diagnosticCodes":[2551]},"exception":true,"level":"error","message":"uncaughtException: ⨯ Unable to compile TypeScript:\n\u001b[96msrc/routes/tasks.ts\u001b[0m:\u001b[93m11\u001b[0m:\u001b[93m10\u001b[0m - \u001b[91merror\u001b[0m\u001b[90m TS2551: \u001b[0mProperty 'TASKS' does not exist on type '{ APP: { ROOT: string; VERSION_1: string; BY_ID: string; }; AUTH: { BASE: string; REGISTER: string; SIGN_IN: string; LOGOUT: string; }; USERS: { BASE: string; BY_TOKEN: string; OVERSIGHT: string; MANAGER_ASSIGN_TASKS: string; }; ROLES: { ...; }; PERMISSIONS: { ...; }; TASK: { ...; }; }'. Did you mean 'TASK'?\r\n\r\n\u001b[7m11\u001b[0m   ROUTES.TASKS.GET_ALL_TASKS,\r\n\u001b[7m  \u001b[0m \u001b[91m         ~~~~~\u001b[0m\r\n\r\n  \u001b[96msrc/constants/routePaths.ts\u001b[0m:\u001b[93m35\u001b[0m:\u001b[93m3\u001b[0m\r\n    \u001b[7m 35\u001b[0m   TASK: {\r\n    \u001b[7m   \u001b[0m \u001b[96m  ~~~~~~~\u001b[0m\r\n    \u001b[7m 36\u001b[0m     BASE: \"/tasks\",\r\n    \u001b[7m   \u001b[0m \u001b[96m~~~~~~~~~~~~~~~~~~~\u001b[0m\r\n    \u001b[7m...\u001b[0m \r\n    \u001b[7m 38\u001b[0m     GET_ALL_TASKS: \"/all-tasks\",\r\n    \u001b[7m   \u001b[0m \u001b[96m~~~~~~~~~~~~~~~~~~~~~~~~~~~~~~~~\u001b[0m\r\n    \u001b[7m 39\u001b[0m   },\r\n    \u001b[7m   \u001b[0m \u001b[96m~~~\u001b[0m\r\n    'TASK' is declared here.\r\n\nTSError: ⨯ Unable to compile TypeScript:\n\u001b[96msrc/routes/tasks.ts\u001b[0m:\u001b[93m11\u001b[0m:\u001b[93m10\u001b[0m - \u001b[91merror\u001b[0m\u001b[90m TS2551: \u001b[0mProperty 'TASKS' does not exist on type '{ APP: { ROOT: string; VERSION_1: string; BY_ID: string; }; AUTH: { BASE: string; REGISTER: string; SIGN_IN: string; LOGOUT: string; }; USERS: { BASE: string; BY_TOKEN: string; OVERSIGHT: string; MANAGER_ASSIGN_TASKS: string; }; ROLES: { ...; }; PERMISSIONS: { ...; }; TASK: { ...; }; }'. Did you mean 'TASK'?\r\n\r\n\u001b[7m11\u001b[0m   ROUTES.TASKS.GET_ALL_TASKS,\r\n\u001b[7m  \u001b[0m \u001b[91m         ~~~~~\u001b[0m\r\n\r\n  \u001b[96msrc/constants/routePaths.ts\u001b[0m:\u001b[93m35\u001b[0m:\u001b[93m3\u001b[0m\r\n    \u001b[7m 35\u001b[0m   TASK: {\r\n    \u001b[7m   \u001b[0m \u001b[96m  ~~~~~~~\u001b[0m\r\n    \u001b[7m 36\u001b[0m     BASE: \"/tasks\",\r\n    \u001b[7m   \u001b[0m \u001b[96m~~~~~~~~~~~~~~~~~~~\u001b[0m\r\n    \u001b[7m...\u001b[0m \r\n    \u001b[7m 38\u001b[0m     GET_ALL_TASKS: \"/all-tasks\",\r\n    \u001b[7m   \u001b[0m \u001b[96m~~~~~~~~~~~~~~~~~~~~~~~~~~~~~~~~\u001b[0m\r\n    \u001b[7m 39\u001b[0m   },\r\n    \u001b[7m   \u001b[0m \u001b[96m~~~\u001b[0m\r\n    'TASK' is declared here.\r\n\n    at createTSError (N:\\Interviewed Tasks\\Infinity Solution\\server_v1\\node_modules\\ts-node\\src\\index.ts:859:12)\n    at reportTSError (N:\\Interviewed Tasks\\Infinity Solution\\server_v1\\node_modules\\ts-node\\src\\index.ts:863:19)\n    at getOutput (N:\\Interviewed Tasks\\Infinity Solution\\server_v1\\node_modules\\ts-node\\src\\index.ts:1077:36)\n    at Object.compile (N:\\Interviewed Tasks\\Infinity Solution\\server_v1\\node_modules\\ts-node\\src\\index.ts:1433:41)\n    at Module.m._compile (N:\\Interviewed Tasks\\Infinity Solution\\server_v1\\node_modules\\ts-node\\src\\index.ts:1617:30)\n    at node:internal/modules/cjs/loader:1689:10\n    at Object.require.extensions.<computed> [as .ts] (N:\\Interviewed Tasks\\Infinity Solution\\server_v1\\node_modules\\ts-node\\src\\index.ts:1621:12)\n    at Module.load (node:internal/modules/cjs/loader:1318:32)\n    at Function._load (node:internal/modules/cjs/loader:1128:12)\n    at TracingChannel.traceSync (node:diagnostics_channel:315:14)","os":{"loadavg":[0,0,0],"uptime":165582.046},"process":{"argv":["N:\\Interviewed Tasks\\Infinity Solution\\server_v1\\node_modules\\ts-node\\dist\\bin.js","N:\\Interviewed Tasks\\Infinity Solution\\server_v1\\src\\server.ts"],"cwd":"N:\\Interviewed Tasks\\Infinity Solution\\server_v1","execPath":"C:\\Program Files\\nodejs\\node.exe","gid":null,"memoryUsage":{"arrayBuffers":4883947,"external":7797898,"heapTotal":215658496,"heapUsed":189184208,"rss":265211904},"pid":38668,"uid":null,"version":"v22.11.0"},"service":"user-service","stack":"TSError: ⨯ Unable to compile TypeScript:\n\u001b[96msrc/routes/tasks.ts\u001b[0m:\u001b[93m11\u001b[0m:\u001b[93m10\u001b[0m - \u001b[91merror\u001b[0m\u001b[90m TS2551: \u001b[0mProperty 'TASKS' does not exist on type '{ APP: { ROOT: string; VERSION_1: string; BY_ID: string; }; AUTH: { BASE: string; REGISTER: string; SIGN_IN: string; LOGOUT: string; }; USERS: { BASE: string; BY_TOKEN: string; OVERSIGHT: string; MANAGER_ASSIGN_TASKS: string; }; ROLES: { ...; }; PERMISSIONS: { ...; }; TASK: { ...; }; }'. Did you mean 'TASK'?\r\n\r\n\u001b[7m11\u001b[0m   ROUTES.TASKS.GET_ALL_TASKS,\r\n\u001b[7m  \u001b[0m \u001b[91m         ~~~~~\u001b[0m\r\n\r\n  \u001b[96msrc/constants/routePaths.ts\u001b[0m:\u001b[93m35\u001b[0m:\u001b[93m3\u001b[0m\r\n    \u001b[7m 35\u001b[0m   TASK: {\r\n    \u001b[7m   \u001b[0m \u001b[96m  ~~~~~~~\u001b[0m\r\n    \u001b[7m 36\u001b[0m     BASE: \"/tasks\",\r\n    \u001b[7m   \u001b[0m \u001b[96m~~~~~~~~~~~~~~~~~~~\u001b[0m\r\n    \u001b[7m...\u001b[0m \r\n    \u001b[7m 38\u001b[0m     GET_ALL_TASKS: \"/all-tasks\",\r\n    \u001b[7m   \u001b[0m \u001b[96m~~~~~~~~~~~~~~~~~~~~~~~~~~~~~~~~\u001b[0m\r\n    \u001b[7m 39\u001b[0m   },\r\n    \u001b[7m   \u001b[0m \u001b[96m~~~\u001b[0m\r\n    'TASK' is declared here.\r\n\n    at createTSError (N:\\Interviewed Tasks\\Infinity Solution\\server_v1\\node_modules\\ts-node\\src\\index.ts:859:12)\n    at reportTSError (N:\\Interviewed Tasks\\Infinity Solution\\server_v1\\node_modules\\ts-node\\src\\index.ts:863:19)\n    at getOutput (N:\\Interviewed Tasks\\Infinity Solution\\server_v1\\node_modules\\ts-node\\src\\index.ts:1077:36)\n    at Object.compile (N:\\Interviewed Tasks\\Infinity Solution\\server_v1\\node_modules\\ts-node\\src\\index.ts:1433:41)\n    at Module.m._compile (N:\\Interviewed Tasks\\Infinity Solution\\server_v1\\node_modules\\ts-node\\src\\index.ts:1617:30)\n    at node:internal/modules/cjs/loader:1689:10\n    at Object.require.extensions.<computed> [as .ts] (N:\\Interviewed Tasks\\Infinity Solution\\server_v1\\node_modules\\ts-node\\src\\index.ts:1621:12)\n    at Module.load (node:internal/modules/cjs/loader:1318:32)\n    at Function._load (node:internal/modules/cjs/loader:1128:12)\n    at TracingChannel.traceSync (node:diagnostics_channel:315:14)","timestamp":"2024-11-11T08:03:59.089Z","trace":[{"column":12,"file":"N:\\Interviewed Tasks\\Infinity Solution\\server_v1\\node_modules\\ts-node\\src\\index.ts","function":"createTSError","line":859,"method":null,"native":false},{"column":19,"file":"N:\\Interviewed Tasks\\Infinity Solution\\server_v1\\node_modules\\ts-node\\src\\index.ts","function":"reportTSError","line":863,"method":null,"native":false},{"column":36,"file":"N:\\Interviewed Tasks\\Infinity Solution\\server_v1\\node_modules\\ts-node\\src\\index.ts","function":"getOutput","line":1077,"method":null,"native":false},{"column":41,"file":"N:\\Interviewed Tasks\\Infinity Solution\\server_v1\\node_modules\\ts-node\\src\\index.ts","function":"Object.compile","line":1433,"method":"compile","native":false},{"column":30,"file":"N:\\Interviewed Tasks\\Infinity Solution\\server_v1\\node_modules\\ts-node\\src\\index.ts","function":"Module.m._compile","line":1617,"method":"_compile","native":false},{"column":10,"file":"node:internal/modules/cjs/loader","function":null,"line":1689,"method":null,"native":false},{"column":12,"file":"N:\\Interviewed Tasks\\Infinity Solution\\server_v1\\node_modules\\ts-node\\src\\index.ts","function":"Object.require.extensions.<computed> [as .ts]","line":1621,"method":"ts]","native":false},{"column":32,"file":"node:internal/modules/cjs/loader","function":"Module.load","line":1318,"method":"load","native":false},{"column":12,"file":"node:internal/modules/cjs/loader","function":"Function._load","line":1128,"method":"_load","native":false},{"column":14,"file":"node:diagnostics_channel","function":"TracingChannel.traceSync","line":315,"method":"traceSync","native":false}]}
{"date":"Mon Nov 11 2024 13:12:40 GMT+0500 (Pakistan Standard Time)","error":{"diagnosticCodes":[2304,2304,7006]},"exception":true,"level":"error","message":"uncaughtException: ⨯ Unable to compile TypeScript:\n\u001b[96msrc/controller/tasks/index.ts\u001b[0m:\u001b[93m228\u001b[0m:\u001b[93m25\u001b[0m - \u001b[91merror\u001b[0m\u001b[90m TS2304: \u001b[0mCannot find name 'prismaClient'.\r\n\r\n\u001b[7m228\u001b[0m     const tasks = await prismaClient.task.findMany({\r\n\u001b[7m   \u001b[0m \u001b[91m                        ~~~~~~~~~~~~\u001b[0m\r\n\u001b[96msrc/controller/tasks/index.ts\u001b[0m:\u001b[93m239\u001b[0m:\u001b[93m30\u001b[0m - \u001b[91merror\u001b[0m\u001b[90m TS2304: \u001b[0mCannot find name 'prismaClient'.\r\n\r\n\u001b[7m239\u001b[0m     const totalTasks = await prismaClient.task.count({ where: whereFilter });\r\n\u001b[7m   \u001b[0m \u001b[91m                             ~~~~~~~~~~~~\u001b[0m\r\n\u001b[96msrc/controller/tasks/index.ts\u001b[0m:\u001b[93m249\u001b[0m:\u001b[93m25\u001b[0m - \u001b[91merror\u001b[0m\u001b[90m TS7006: \u001b[0mParameter 'task' implicitly has an 'any' type.\r\n\r\n\u001b[7m249\u001b[0m       tasks: tasks.map((task) => ({\r\n\u001b[7m   \u001b[0m \u001b[91m                        ~~~~\u001b[0m\r\n\nTSError: ⨯ Unable to compile TypeScript:\n\u001b[96msrc/controller/tasks/index.ts\u001b[0m:\u001b[93m228\u001b[0m:\u001b[93m25\u001b[0m - \u001b[91merror\u001b[0m\u001b[90m TS2304: \u001b[0mCannot find name 'prismaClient'.\r\n\r\n\u001b[7m228\u001b[0m     const tasks = await prismaClient.task.findMany({\r\n\u001b[7m   \u001b[0m \u001b[91m                        ~~~~~~~~~~~~\u001b[0m\r\n\u001b[96msrc/controller/tasks/index.ts\u001b[0m:\u001b[93m239\u001b[0m:\u001b[93m30\u001b[0m - \u001b[91merror\u001b[0m\u001b[90m TS2304: \u001b[0mCannot find name 'prismaClient'.\r\n\r\n\u001b[7m239\u001b[0m     const totalTasks = await prismaClient.task.count({ where: whereFilter });\r\n\u001b[7m   \u001b[0m \u001b[91m                             ~~~~~~~~~~~~\u001b[0m\r\n\u001b[96msrc/controller/tasks/index.ts\u001b[0m:\u001b[93m249\u001b[0m:\u001b[93m25\u001b[0m - \u001b[91merror\u001b[0m\u001b[90m TS7006: \u001b[0mParameter 'task' implicitly has an 'any' type.\r\n\r\n\u001b[7m249\u001b[0m       tasks: tasks.map((task) => ({\r\n\u001b[7m   \u001b[0m \u001b[91m                        ~~~~\u001b[0m\r\n\n    at createTSError (N:\\Interviewed Tasks\\Infinity Solution\\server_v1\\node_modules\\ts-node\\src\\index.ts:859:12)\n    at reportTSError (N:\\Interviewed Tasks\\Infinity Solution\\server_v1\\node_modules\\ts-node\\src\\index.ts:863:19)\n    at getOutput (N:\\Interviewed Tasks\\Infinity Solution\\server_v1\\node_modules\\ts-node\\src\\index.ts:1077:36)\n    at Object.compile (N:\\Interviewed Tasks\\Infinity Solution\\server_v1\\node_modules\\ts-node\\src\\index.ts:1433:41)\n    at Module.m._compile (N:\\Interviewed Tasks\\Infinity Solution\\server_v1\\node_modules\\ts-node\\src\\index.ts:1617:30)\n    at node:internal/modules/cjs/loader:1689:10\n    at Object.require.extensions.<computed> [as .ts] (N:\\Interviewed Tasks\\Infinity Solution\\server_v1\\node_modules\\ts-node\\src\\index.ts:1621:12)\n    at Module.load (node:internal/modules/cjs/loader:1318:32)\n    at Function._load (node:internal/modules/cjs/loader:1128:12)\n    at TracingChannel.traceSync (node:diagnostics_channel:315:14)","os":{"loadavg":[0,0,0],"uptime":166103.203},"process":{"argv":["N:\\Interviewed Tasks\\Infinity Solution\\server_v1\\node_modules\\ts-node\\dist\\bin.js","N:\\Interviewed Tasks\\Infinity Solution\\server_v1\\src\\server.ts"],"cwd":"N:\\Interviewed Tasks\\Infinity Solution\\server_v1","execPath":"C:\\Program Files\\nodejs\\node.exe","gid":null,"memoryUsage":{"arrayBuffers":4884051,"external":7798002,"heapTotal":215134208,"heapUsed":193310432,"rss":269275136},"pid":36588,"uid":null,"version":"v22.11.0"},"service":"user-service","stack":"TSError: ⨯ Unable to compile TypeScript:\n\u001b[96msrc/controller/tasks/index.ts\u001b[0m:\u001b[93m228\u001b[0m:\u001b[93m25\u001b[0m - \u001b[91merror\u001b[0m\u001b[90m TS2304: \u001b[0mCannot find name 'prismaClient'.\r\n\r\n\u001b[7m228\u001b[0m     const tasks = await prismaClient.task.findMany({\r\n\u001b[7m   \u001b[0m \u001b[91m                        ~~~~~~~~~~~~\u001b[0m\r\n\u001b[96msrc/controller/tasks/index.ts\u001b[0m:\u001b[93m239\u001b[0m:\u001b[93m30\u001b[0m - \u001b[91merror\u001b[0m\u001b[90m TS2304: \u001b[0mCannot find name 'prismaClient'.\r\n\r\n\u001b[7m239\u001b[0m     const totalTasks = await prismaClient.task.count({ where: whereFilter });\r\n\u001b[7m   \u001b[0m \u001b[91m                             ~~~~~~~~~~~~\u001b[0m\r\n\u001b[96msrc/controller/tasks/index.ts\u001b[0m:\u001b[93m249\u001b[0m:\u001b[93m25\u001b[0m - \u001b[91merror\u001b[0m\u001b[90m TS7006: \u001b[0mParameter 'task' implicitly has an 'any' type.\r\n\r\n\u001b[7m249\u001b[0m       tasks: tasks.map((task) => ({\r\n\u001b[7m   \u001b[0m \u001b[91m                        ~~~~\u001b[0m\r\n\n    at createTSError (N:\\Interviewed Tasks\\Infinity Solution\\server_v1\\node_modules\\ts-node\\src\\index.ts:859:12)\n    at reportTSError (N:\\Interviewed Tasks\\Infinity Solution\\server_v1\\node_modules\\ts-node\\src\\index.ts:863:19)\n    at getOutput (N:\\Interviewed Tasks\\Infinity Solution\\server_v1\\node_modules\\ts-node\\src\\index.ts:1077:36)\n    at Object.compile (N:\\Interviewed Tasks\\Infinity Solution\\server_v1\\node_modules\\ts-node\\src\\index.ts:1433:41)\n    at Module.m._compile (N:\\Interviewed Tasks\\Infinity Solution\\server_v1\\node_modules\\ts-node\\src\\index.ts:1617:30)\n    at node:internal/modules/cjs/loader:1689:10\n    at Object.require.extensions.<computed> [as .ts] (N:\\Interviewed Tasks\\Infinity Solution\\server_v1\\node_modules\\ts-node\\src\\index.ts:1621:12)\n    at Module.load (node:internal/modules/cjs/loader:1318:32)\n    at Function._load (node:internal/modules/cjs/loader:1128:12)\n    at TracingChannel.traceSync (node:diagnostics_channel:315:14)","timestamp":"2024-11-11T08:12:40.240Z","trace":[{"column":12,"file":"N:\\Interviewed Tasks\\Infinity Solution\\server_v1\\node_modules\\ts-node\\src\\index.ts","function":"createTSError","line":859,"method":null,"native":false},{"column":19,"file":"N:\\Interviewed Tasks\\Infinity Solution\\server_v1\\node_modules\\ts-node\\src\\index.ts","function":"reportTSError","line":863,"method":null,"native":false},{"column":36,"file":"N:\\Interviewed Tasks\\Infinity Solution\\server_v1\\node_modules\\ts-node\\src\\index.ts","function":"getOutput","line":1077,"method":null,"native":false},{"column":41,"file":"N:\\Interviewed Tasks\\Infinity Solution\\server_v1\\node_modules\\ts-node\\src\\index.ts","function":"Object.compile","line":1433,"method":"compile","native":false},{"column":30,"file":"N:\\Interviewed Tasks\\Infinity Solution\\server_v1\\node_modules\\ts-node\\src\\index.ts","function":"Module.m._compile","line":1617,"method":"_compile","native":false},{"column":10,"file":"node:internal/modules/cjs/loader","function":null,"line":1689,"method":null,"native":false},{"column":12,"file":"N:\\Interviewed Tasks\\Infinity Solution\\server_v1\\node_modules\\ts-node\\src\\index.ts","function":"Object.require.extensions.<computed> [as .ts]","line":1621,"method":"ts]","native":false},{"column":32,"file":"node:internal/modules/cjs/loader","function":"Module.load","line":1318,"method":"load","native":false},{"column":12,"file":"node:internal/modules/cjs/loader","function":"Function._load","line":1128,"method":"_load","native":false},{"column":14,"file":"node:diagnostics_channel","function":"TracingChannel.traceSync","line":315,"method":"traceSync","native":false}]}
{"date":"Mon Nov 11 2024 13:22:46 GMT+0500 (Pakistan Standard Time)","error":{"diagnosticCodes":[2339]},"exception":true,"level":"error","message":"uncaughtException: ⨯ Unable to compile TypeScript:\n\u001b[96msrc/routes/users.ts\u001b[0m:\u001b[93m17\u001b[0m:\u001b[93m16\u001b[0m - \u001b[91merror\u001b[0m\u001b[90m TS2339: \u001b[0mProperty 'GET_DASHOBARD_COUNT' does not exist on type '{ BASE: string; BY_TOKEN: string; OVERSIGHT: string; MANAGER_ASSIGN_TASKS: string; }'.\r\n\r\n\u001b[7m17\u001b[0m   ROUTES.USERS.GET_DASHOBARD_COUNT,\r\n\u001b[7m  \u001b[0m \u001b[91m               ~~~~~~~~~~~~~~~~~~~\u001b[0m\r\n\nTSError: ⨯ Unable to compile TypeScript:\n\u001b[96msrc/routes/users.ts\u001b[0m:\u001b[93m17\u001b[0m:\u001b[93m16\u001b[0m - \u001b[91merror\u001b[0m\u001b[90m TS2339: \u001b[0mProperty 'GET_DASHOBARD_COUNT' does not exist on type '{ BASE: string; BY_TOKEN: string; OVERSIGHT: string; MANAGER_ASSIGN_TASKS: string; }'.\r\n\r\n\u001b[7m17\u001b[0m   ROUTES.USERS.GET_DASHOBARD_COUNT,\r\n\u001b[7m  \u001b[0m \u001b[91m               ~~~~~~~~~~~~~~~~~~~\u001b[0m\r\n\n    at createTSError (N:\\Interviewed Tasks\\Infinity Solution\\server_v1\\node_modules\\ts-node\\src\\index.ts:859:12)\n    at reportTSError (N:\\Interviewed Tasks\\Infinity Solution\\server_v1\\node_modules\\ts-node\\src\\index.ts:863:19)\n    at getOutput (N:\\Interviewed Tasks\\Infinity Solution\\server_v1\\node_modules\\ts-node\\src\\index.ts:1077:36)\n    at Object.compile (N:\\Interviewed Tasks\\Infinity Solution\\server_v1\\node_modules\\ts-node\\src\\index.ts:1433:41)\n    at Module.m._compile (N:\\Interviewed Tasks\\Infinity Solution\\server_v1\\node_modules\\ts-node\\src\\index.ts:1617:30)\n    at node:internal/modules/cjs/loader:1689:10\n    at Object.require.extensions.<computed> [as .ts] (N:\\Interviewed Tasks\\Infinity Solution\\server_v1\\node_modules\\ts-node\\src\\index.ts:1621:12)\n    at Module.load (node:internal/modules/cjs/loader:1318:32)\n    at Function._load (node:internal/modules/cjs/loader:1128:12)\n    at TracingChannel.traceSync (node:diagnostics_channel:315:14)","os":{"loadavg":[0,0,0],"uptime":166709.5},"process":{"argv":["N:\\Interviewed Tasks\\Infinity Solution\\server_v1\\node_modules\\ts-node\\dist\\bin.js","N:\\Interviewed Tasks\\Infinity Solution\\server_v1\\src\\server.ts"],"cwd":"N:\\Interviewed Tasks\\Infinity Solution\\server_v1","execPath":"C:\\Program Files\\nodejs\\node.exe","gid":null,"memoryUsage":{"arrayBuffers":4883963,"external":7797914,"heapTotal":213561344,"heapUsed":178229248,"rss":268808192},"pid":25868,"uid":null,"version":"v22.11.0"},"service":"user-service","stack":"TSError: ⨯ Unable to compile TypeScript:\n\u001b[96msrc/routes/users.ts\u001b[0m:\u001b[93m17\u001b[0m:\u001b[93m16\u001b[0m - \u001b[91merror\u001b[0m\u001b[90m TS2339: \u001b[0mProperty 'GET_DASHOBARD_COUNT' does not exist on type '{ BASE: string; BY_TOKEN: string; OVERSIGHT: string; MANAGER_ASSIGN_TASKS: string; }'.\r\n\r\n\u001b[7m17\u001b[0m   ROUTES.USERS.GET_DASHOBARD_COUNT,\r\n\u001b[7m  \u001b[0m \u001b[91m               ~~~~~~~~~~~~~~~~~~~\u001b[0m\r\n\n    at createTSError (N:\\Interviewed Tasks\\Infinity Solution\\server_v1\\node_modules\\ts-node\\src\\index.ts:859:12)\n    at reportTSError (N:\\Interviewed Tasks\\Infinity Solution\\server_v1\\node_modules\\ts-node\\src\\index.ts:863:19)\n    at getOutput (N:\\Interviewed Tasks\\Infinity Solution\\server_v1\\node_modules\\ts-node\\src\\index.ts:1077:36)\n    at Object.compile (N:\\Interviewed Tasks\\Infinity Solution\\server_v1\\node_modules\\ts-node\\src\\index.ts:1433:41)\n    at Module.m._compile (N:\\Interviewed Tasks\\Infinity Solution\\server_v1\\node_modules\\ts-node\\src\\index.ts:1617:30)\n    at node:internal/modules/cjs/loader:1689:10\n    at Object.require.extensions.<computed> [as .ts] (N:\\Interviewed Tasks\\Infinity Solution\\server_v1\\node_modules\\ts-node\\src\\index.ts:1621:12)\n    at Module.load (node:internal/modules/cjs/loader:1318:32)\n    at Function._load (node:internal/modules/cjs/loader:1128:12)\n    at TracingChannel.traceSync (node:diagnostics_channel:315:14)","timestamp":"2024-11-11T08:22:46.537Z","trace":[{"column":12,"file":"N:\\Interviewed Tasks\\Infinity Solution\\server_v1\\node_modules\\ts-node\\src\\index.ts","function":"createTSError","line":859,"method":null,"native":false},{"column":19,"file":"N:\\Interviewed Tasks\\Infinity Solution\\server_v1\\node_modules\\ts-node\\src\\index.ts","function":"reportTSError","line":863,"method":null,"native":false},{"column":36,"file":"N:\\Interviewed Tasks\\Infinity Solution\\server_v1\\node_modules\\ts-node\\src\\index.ts","function":"getOutput","line":1077,"method":null,"native":false},{"column":41,"file":"N:\\Interviewed Tasks\\Infinity Solution\\server_v1\\node_modules\\ts-node\\src\\index.ts","function":"Object.compile","line":1433,"method":"compile","native":false},{"column":30,"file":"N:\\Interviewed Tasks\\Infinity Solution\\server_v1\\node_modules\\ts-node\\src\\index.ts","function":"Module.m._compile","line":1617,"method":"_compile","native":false},{"column":10,"file":"node:internal/modules/cjs/loader","function":null,"line":1689,"method":null,"native":false},{"column":12,"file":"N:\\Interviewed Tasks\\Infinity Solution\\server_v1\\node_modules\\ts-node\\src\\index.ts","function":"Object.require.extensions.<computed> [as .ts]","line":1621,"method":"ts]","native":false},{"column":32,"file":"node:internal/modules/cjs/loader","function":"Module.load","line":1318,"method":"load","native":false},{"column":12,"file":"node:internal/modules/cjs/loader","function":"Function._load","line":1128,"method":"_load","native":false},{"column":14,"file":"node:diagnostics_channel","function":"TracingChannel.traceSync","line":315,"method":"traceSync","native":false}]}
